      6    225

CLaf_AKK20096.1                 AGA TTA GCA TTA GAA TTA ATG TTG TTT CTA GGA TTA AGA CGA TCC GAT GTT ATA AGA GTT GGG AAA AAA CAT GTG AAA GAT AAC GTT TTA TCG ATT CAT ACA CAA AAA ACA GGA AGA CAA GTT CAT GTT CCT ATT TTT GAA GCT TTA CAA TCA TGT TTA GAG GCG GTC GGA AAA GAT GGT GAA ACT TTT TTG ATC ACT GCT CAT GGA AAA CCT TTT TCC TCT TCA 
CLam_WP_007557245.1             AGA TTA GTC TTA GAA TTA ATT TTA TTT CTT GGC CTT CGT AGA TTT GAT CTA ATA AGA ATT GGC AAG AAA CAT GTA AAA GAT AAT ATT TTA TAT ATT AGT ACC AAA AAA ACA GGA ACA ACA GTT AAT GTT CCT ATT TTT GAA TAT TTT CAA AAA TAT TTA GAC ACA GTT GGC AAA AAT CAA GAT ACC TTT TTG ATA AAC ACT CAT GAA TGT CAT TTT TCT TCA TCG 
CLas_ACT56607.1                 CGG TTA GCA TTT GAG TTT TTG TTG TAT TCG GGT TTA AGA TGT TCC GAT TCT TGT AGA GCT GGA GTT CAA CAT CTC CAA AAC AAT ATC TTT TCC ATT AAA ACG CAG AAA ACA GGG ACA ATC ATC ACA GTG GAA TTG CCG GAT GGT TTT ATG AAA CTT CTT GCG ATG ACT CCT ATA GGG AAA GAA ACT TTT TTC ATT AAT AAC GAT AAA CAA AAG ATG AAT GCT ACT 
CLso_ADR52943.1                 AGA TTA GCT TTA GAG CTT ATG TTG TTT TTA GGA CTA AGA CGA TCC GAT GTA ATA AGA ATT GGC AAA CAA CAC GTC AAA GAC AGT GTT TTA TCA ATC CAT ACC AAA AAA ACA GGC AAA CAA GTT CAT GTT CCG ATT TTT GAA GAT TTG CAA AAA TGC TTA GAT GCA GTA GGA GTA GAT AGA GGT ACT TTT TTA ATC ACT GCT ATC GGC AAA CCT TTT TCT TCT TCA 
Lcr_WP_015272885.1              AGA TTA GCT CTG GAA CTG ATG CTC TTC TTT GGT CTC AGA AGA TCA GAC GTC ATT CAT GTT GGG CCA CAA CAT ATT AAA GAC GGT GTC TTG TCC TTT AAA ACA CAG AAG ACA GGA GCA TGG GTT TAT ATC CCT GTT TTT AAA CAA CTA CAA AAG TGT ATA GAT GCA ACA GAA AAA ACA GGA GAG GTT TTT ATC TTA TCA AAT AAA GGA AAA GCA TTT TCT AAC CCA 
Lcr_WP_015273326.1              AGA CTC GCT CTT GAG CTT ATG TTG TTT CTC GGG TTG AGA AGA TCC GAT GTC GTG CGC ATT GGG CCA CAG CAT ATG AAG GAT GGT GTT CTC TCC ATC AAA ACA CAA AAA ACA GGA ACA TGG GTT TAT ATC CCT GTC TTT AAA CCC TTG CAG GAA TGC ATA GAA AAA ACA GAA ACG GGA AAT GAT ACA TTC CTG ACA ACA CAT AAG GGG ACA TCT TTT ATG TCC TCT 



Printing out site pattern counts


         6        225  P

CLaf_AKK20096.1                 AAA AAA AAA AAA AAA AAA AAC ACA ACA ACT ACT AGA AGA AGA AGA ATA ATC ATG ATT ATT CAA CAA CAA CAT CAT CAT CAT CCT CCT CGA CTA GAA GAA GAA GAG GAT GAT GAT GCA GCG GCT GCT GGA GGA GGA GGA GGG GGT GTC GTG GTT GTT GTT GTT GTT TCA TCA TCC TCC TCG TCT TGT TTA TTA TTA TTA TTA TTA TTA TTG TTG TTT TTT TTT TTT 
CLam_WP_007557245.1             ... ... ... ... ..G TGT ..T ... ..C .AC ..C .C. ... ... C.T ... ..A ..T ... ... A.. AC. ... A.. AG. ... ... .A. ... A.. ..T ... ... ..T ..C A.. ... ... .TC A.A A.. TA. .A. ... ..C ..C ..C CAA ..T ..A A.. A.. C.A ... ... AA. ..G ..T .TT .AT ..A .A. C.T ... ... ... ... ... ..T ..A ... ... ... ... ... 
CLas_ACT56607.1                 ... .T. C.. C.. GTT C.. ..T ... ..G .A. ... .C. ... C.G ... TGT ..T T.. ... T.G ..G ATC ATG ACA A.A ... G.. AAG GAA T.T TCG ..G ..T ... .C. .GG A.C ... ... AT. AAC .G. AA. ..G CCT ..T ..A AAA ACT C.C A.C .C. TC. A.C ..G AA. A.T AAT ... ..C G.. CT. ... C.T ... ..T ..T ..T ..T ... ..C A.G CCG .A. ... 
CLso_ADR52943.1                 ... GT. ... C.. ... ... .GT ... ..C ... ... .A. ... ... ... ... ... ... ..C ... A.. ... ... ... ... ..C ATC ... ..G ... T.. ..G ... .GT ..T ... ..C ... ..T ..A ... .A. ..C ..C ... ... ..C A.A ..A ..C ... A.. ..A ... ... AA. ... ..T ... ..A ... ..C C.. ... ... C.T ... ... ..G ... ..A ... ... ... ... 
Lcr_WP_015272885.1              ..G ... ... C.. CC. ... GGT ... ... T.A GT. GC. CAT ... ... ..T T.A ... T.. G.. ..G TGG ... T.. A.A ... A.A G.A ... A.. T.T ... A.. ..G ..T ACA ..C ..C ..T ..A AA. CAA ... ... .A. ..T ... ..A ACA A.T ..C ... ..C ... A.C AAG C.. ..T ..A ..C AAC ... C.C A.. ... C.G C.G ..G C.. C.C A.C ... ... ..C ... 
Lcr_WP_015273326.1              ... .CG ..G C.G CC. .C. GGT ... ... ..A ..A .C. C.C ... ... G.G .CA ... ..C G.C ... TGG ..G T.. A.A ... A.G T.. ... A.. ..C ..G A.. ..T ..A .GA ... ... ..T AAA CA. C.C ..G ... .A. ..G ... AA. ACA A.. ... A.. ..C ... A.C GA. ..T ATG ... ..C ..C ..C ..G A.. C.C C.T C.T C.C ..G ... C.. ... ... ... ..C 

    1    1    1    1    1    1    1    1    1    1    1    1    1    1    1
    1    1    1    1    1    1    1    1    1    1    1    1    1    1    1
    1    1    1    1    1    1    1    1    1    1    1    1    1    1    1
    1    1    1    1    1    1    1    1    1    1    1    1    1    1    1
    1    1    1    1    1    1    1    1    1    1    1    1    1    1    1


CODONML (in paml version 4.9i, September 2018)  C:\PycharmProjects\project_2_paml\paml_geno\paml_geno_7.fas
Model: One dN/dS ratio, 
Codon frequency model: Fequal
Site-class models: 
ns =   6  ls =  75

Codon usage in sequences
--------------------------------------------------------------------------------------------------------------------------------------
Phe TTT   4   6   5   4   5   3 | Ser TCT   1   1   1   2   1   2 | Tyr TAT   0   3   1   0   1   1 | Cys TGT   1   1   2   0   1   0
    TTC   0   0   1   0   1   1 |     TCC   2   0   2   1   1   3 |     TAC   0   0   0   0   0   0 |     TGC   0   0   0   1   0   1
Leu TTA   7   6   2   6   2   0 |     TCA   2   1   0   2   2   0 | *** TAA   0   0   0   0   0   0 | *** TGA   0   0   0   0   0   0
    TTG   2   1   3   2   1   3 |     TCG   1   1   1   0   0   0 |     TAG   0   0   0   0   0   0 | Trp TGG   0   0   0   0   1   1
--------------------------------------------------------------------------------------------------------------------------------------
Leu CTT   0   2   2   1   0   2 | Pro CCT   2   1   1   1   1   1 | His CAT   4   3   1   2   2   2 | Arg CGT   0   1   0   0   0   0
    CTC   0   0   1   0   2   3 |     CCC   0   0   0   0   0   1 |     CAC   0   0   0   1   0   0 |     CGC   0   0   0   0   0   1
    CTA   1   1   0   1   1   0 |     CCA   0   0   0   0   2   1 | Gln CAA   3   2   3   3   3   1 |     CGA   1   0   0   1   0   0
    CTG   0   0   0   0   2   1 |     CCG   0   0   1   1   0   0 |     CAG   0   0   1   0   1   2 |     CGG   0   0   1   0   0   0
--------------------------------------------------------------------------------------------------------------------------------------
Ile ATT   2   5   2   2   2   1 | Thr ACT   2   1   3   2   0   0 | Asn AAT   0   3   3   0   1   1 | Ser AGT   0   1   0   1   0   0
    ATC   1   0   3   3   2   2 |     ACC   0   2   0   1   0   0 |     AAC   1   1   2   0   1   0 |     AGC   0   0   0   0   0   0
    ATA   1   2   1   1   1   1 |     ACA   2   4   3   1   4   8 | Lys AAA   6   6   5   7   6   4 | Arg AGA   4   3   2   4   3   3
Met ATG   1   0   3   1   1   3 |     ACG   0   0   1   0   0   1 |     AAG   0   1   1   0   2   2 |     AGG   0   0   0   0   0   0
--------------------------------------------------------------------------------------------------------------------------------------
Val GTT   5   3   1   3   4   2 | Ala GCT   2   0   2   2   1   1 | Asp GAT   3   3   3   4   1   3 | Gly GGT   1   0   2   1   2   1
    GTC   1   1   0   1   2   2 |     GCC   0   0   0   0   0   0 |     GAC   0   1   0   1   2   0 |     GGC   0   3   0   3   0   0
    GTA   0   1   0   3   0   0 |     GCA   1   0   1   1   3   0 | Glu GAA   3   3   2   1   2   3 |     GGA   4   1   1   2   3   2
    GTG   1   0   1   0   0   1 |     GCG   1   0   1   0   0   0 |     GAG   1   0   1   1   1   1 |     GGG   1   0   2   0   1   3
--------------------------------------------------------------------------------------------------------------------------------------

Codon position x base (3x4) table for each sequence.

#1: CLaf_AKK20096.1
position  1:    T:0.26667    C:0.14667    A:0.26667    G:0.32000
position  2:    T:0.34667    C:0.21333    A:0.28000    G:0.16000
position  3:    T:0.36000    C:0.06667    A:0.46667    G:0.10667
Average         T:0.32444    C:0.14222    A:0.33778    G:0.19556

#2: CLam_WP_007557245.1
position  1:    T:0.26667    C:0.13333    A:0.38667    G:0.21333
position  2:    T:0.37333    C:0.14667    A:0.34667    G:0.13333
position  3:    T:0.45333    C:0.10667    A:0.40000    G:0.04000
Average         T:0.36444    C:0.12889    A:0.37778    G:0.12889

#3: CLas_ACT56607.1
position  1:    T:0.24000    C:0.14667    A:0.38667    G:0.22667
position  2:    T:0.33333    C:0.22667    A:0.30667    G:0.13333
position  3:    T:0.38667    C:0.12000    A:0.26667    G:0.22667
Average         T:0.32000    C:0.16444    A:0.32000    G:0.19556

#4: CLso_ADR52943.1
position  1:    T:0.24000    C:0.14667    A:0.30667    G:0.30667
position  2:    T:0.37333    C:0.18667    A:0.26667    G:0.17333
position  3:    T:0.33333    C:0.16000    A:0.44000    G:0.06667
Average         T:0.31556    C:0.16444    A:0.33778    G:0.18222

#5: Lcr_WP_015272885.1
position  1:    T:0.21333    C:0.18667    A:0.30667    G:0.29333
position  2:    T:0.34667    C:0.20000    A:0.30667    G:0.14667
position  3:    T:0.29333    C:0.14667    A:0.42667    G:0.13333
Average         T:0.28444    C:0.17778    A:0.34667    G:0.19111

#6: Lcr_WP_015273326.1
position  1:    T:0.20000    C:0.20000    A:0.34667    G:0.25333
position  2:    T:0.33333    C:0.24000    A:0.26667    G:0.16000
position  3:    T:0.26667    C:0.18667    A:0.30667    G:0.24000
Average         T:0.26667    C:0.20889    A:0.30667    G:0.21778

Sums of codon usage counts
------------------------------------------------------------------------------
Phe F TTT      27 | Ser S TCT       8 | Tyr Y TAT       6 | Cys C TGT       5
      TTC       3 |       TCC       9 |       TAC       0 |       TGC       2
Leu L TTA      23 |       TCA       7 | *** * TAA       0 | *** * TGA       0
      TTG      12 |       TCG       3 |       TAG       0 | Trp W TGG       2
------------------------------------------------------------------------------
Leu L CTT       7 | Pro P CCT       7 | His H CAT      14 | Arg R CGT       1
      CTC       6 |       CCC       1 |       CAC       1 |       CGC       1
      CTA       4 |       CCA       3 | Gln Q CAA      15 |       CGA       2
      CTG       3 |       CCG       2 |       CAG       4 |       CGG       1
------------------------------------------------------------------------------
Ile I ATT      14 | Thr T ACT       8 | Asn N AAT       8 | Ser S AGT       2
      ATC      11 |       ACC       3 |       AAC       5 |       AGC       0
      ATA       7 |       ACA      22 | Lys K AAA      34 | Arg R AGA      19
Met M ATG       9 |       ACG       2 |       AAG       6 |       AGG       0
------------------------------------------------------------------------------
Val V GTT      18 | Ala A GCT       8 | Asp D GAT      17 | Gly G GGT       7
      GTC       7 |       GCC       0 |       GAC       4 |       GGC       6
      GTA       4 |       GCA       6 | Glu E GAA      14 |       GGA      13
      GTG       3 |       GCG       2 |       GAG       5 |       GGG       7
------------------------------------------------------------------------------


Codon position x base (3x4) table, overall

position  1:    T:0.23778    C:0.16000    A:0.33333    G:0.26889
position  2:    T:0.35111    C:0.20222    A:0.29556    G:0.15111
position  3:    T:0.34889    C:0.13111    A:0.38444    G:0.13556
Average         T:0.31259    C:0.16444    A:0.33778    G:0.18519

Codon frequencies under model, for use in evolver (TTT TTC TTA TTG ... GGG):
  0.01639344  0.01639344  0.01639344  0.01639344
  0.01639344  0.01639344  0.01639344  0.01639344
  0.01639344  0.01639344  0.00000000  0.00000000
  0.01639344  0.01639344  0.00000000  0.01639344
  0.01639344  0.01639344  0.01639344  0.01639344
  0.01639344  0.01639344  0.01639344  0.01639344
  0.01639344  0.01639344  0.01639344  0.01639344
  0.01639344  0.01639344  0.01639344  0.01639344
  0.01639344  0.01639344  0.01639344  0.01639344
  0.01639344  0.01639344  0.01639344  0.01639344
  0.01639344  0.01639344  0.01639344  0.01639344
  0.01639344  0.01639344  0.01639344  0.01639344
  0.01639344  0.01639344  0.01639344  0.01639344
  0.01639344  0.01639344  0.01639344  0.01639344
  0.01639344  0.01639344  0.01639344  0.01639344
  0.01639344  0.01639344  0.01639344  0.01639344


Model 7: beta (10 categories)


TREE #  1:  (3, (5, 6), (1, (2, 4)));   MP score: 214
lnL(ntime:  9  np: 12):  -1273.253118      +0.000000
   7..3     7..8     8..5     8..6     7..9     9..1     9..10   10..2    10..4  
 3.574704 0.797036 0.850437 0.755094 0.232752 0.250941 0.087603 0.960770 0.385941 1.682064 1.128329 3.422514

Note: Branch length is defined as number of nucleotide substitutions per codon (not per neucleotide site).

tree length =  7.895277

(3: 3.574704, (5: 0.850437, 6: 0.755094): 0.797036, (1: 0.250941, (2: 0.960770, 4: 0.385941): 0.087603): 0.232752);

(CLas_ACT56607.1: 3.574704, (Lcr_WP_015272885.1: 0.850437, Lcr_WP_015273326.1: 0.755094): 0.797036, (CLaf_AKK20096.1: 0.250941, (CLam_WP_007557245.1: 0.960770, CLso_ADR52943.1: 0.385941): 0.087603): 0.232752);

Detailed output identifying parameters

kappa (ts/tv) =  1.68206

Parameters in M7 (beta):
 p =   1.12833  q =   3.42251


MLEs of dN/dS (w) for site classes (K=10)

p:   0.10000  0.10000  0.10000  0.10000  0.10000  0.10000  0.10000  0.10000  0.10000  0.10000
w:   0.02181  0.06037  0.09935  0.14053  0.18521  0.23497  0.29225  0.36147  0.45288  0.60598

dN & dS for each branch

 branch          t       N       S   dN/dS      dN      dS  N*dN  S*dS

   7..3       3.575    163.7     61.3   0.2455   0.6487   2.6424  106.2  161.9
   7..8       0.797    163.7     61.3   0.2455   0.1446   0.5892   23.7   36.1
   8..5       0.850    163.7     61.3   0.2455   0.1543   0.6286   25.3   38.5
   8..6       0.755    163.7     61.3   0.2455   0.1370   0.5582   22.4   34.2
   7..9       0.233    163.7     61.3   0.2455   0.0422   0.1721    6.9   10.5
   9..1       0.251    163.7     61.3   0.2455   0.0455   0.1855    7.5   11.4
   9..10      0.088    163.7     61.3   0.2455   0.0159   0.0648    2.6    4.0
  10..2       0.961    163.7     61.3   0.2455   0.1743   0.7102   28.5   43.5
  10..4       0.386    163.7     61.3   0.2455   0.0700   0.2853   11.5   17.5


Time used:  0:17


Model 8: beta&w>1 (11 categories)


TREE #  1:  (3, (5, 6), (1, (2, 4)));   MP score: 214
lnL(ntime:  9  np: 14):  -1273.253138      +0.000000
   7..3     7..8     8..5     8..6     7..9     9..1     9..10   10..2    10..4  
 3.574720 0.797037 0.850441 0.755092 0.232754 0.250940 0.087604 0.960771 0.385942 1.682065 0.999990 1.128361 3.422707 1.000000

Note: Branch length is defined as number of nucleotide substitutions per codon (not per neucleotide site).

tree length =  7.895300

(3: 3.574720, (5: 0.850441, 6: 0.755092): 0.797037, (1: 0.250940, (2: 0.960771, 4: 0.385942): 0.087604): 0.232754);

(CLas_ACT56607.1: 3.574720, (Lcr_WP_015272885.1: 0.850441, Lcr_WP_015273326.1: 0.755092): 0.797037, (CLaf_AKK20096.1: 0.250940, (CLam_WP_007557245.1: 0.960771, CLso_ADR52943.1: 0.385942): 0.087604): 0.232754);

Detailed output identifying parameters

kappa (ts/tv) =  1.68207

Parameters in M8 (beta&w>1):
  p0 =   0.99999  p =   1.12836 q =   3.42271
 (p1 =   0.00001) w =   1.00000


MLEs of dN/dS (w) for site classes (K=11)

p:   0.10000  0.10000  0.10000  0.10000  0.10000  0.10000  0.10000  0.10000  0.10000  0.10000  0.00001
w:   0.02181  0.06037  0.09935  0.14053  0.18521  0.23497  0.29224  0.36146  0.45286  0.60597  1.00000

dN & dS for each branch

 branch          t       N       S   dN/dS      dN      dS  N*dN  S*dS

   7..3       3.575    163.7     61.3   0.2455   0.6487   2.6424  106.2  161.9
   7..8       0.797    163.7     61.3   0.2455   0.1446   0.5892   23.7   36.1
   8..5       0.850    163.7     61.3   0.2455   0.1543   0.6286   25.3   38.5
   8..6       0.755    163.7     61.3   0.2455   0.1370   0.5582   22.4   34.2
   7..9       0.233    163.7     61.3   0.2455   0.0422   0.1721    6.9   10.5
   9..1       0.251    163.7     61.3   0.2455   0.0455   0.1855    7.5   11.4
   9..10      0.088    163.7     61.3   0.2455   0.0159   0.0648    2.6    4.0
  10..2       0.961    163.7     61.3   0.2455   0.1743   0.7102   28.5   43.5
  10..4       0.386    163.7     61.3   0.2455   0.0700   0.2853   11.5   17.5


Naive Empirical Bayes (NEB) analysis
Bayes Empirical Bayes (BEB) analysis (Yang, Wong & Nielsen 2005. Mol. Biol. Evol. 22:1107-1118)
Positively selected sites (*: P>95%; **: P>99%)
(amino acids refer to 1st sequence: CLaf_AKK20096.1)

            Pr(w>1)     post mean +- SE for w




The grid 

p0:   0.050  0.150  0.250  0.350  0.450  0.550  0.650  0.750  0.850  0.950
p :   0.100  0.300  0.500  0.700  0.900  1.100  1.300  1.500  1.700  1.900
q :   0.100  0.300  0.500  0.700  0.900  1.100  1.300  1.500  1.700  1.900
ws:   1.500  2.500  3.500  4.500  5.500  6.500  7.500  8.500  9.500 10.500


Posterior on the grid

p0:   0.000  0.000  0.000  0.000  0.000  0.000  0.000  0.000  0.004  0.996
p :   0.000  0.021  0.412  0.498  0.068  0.002  0.000  0.000  0.000  0.000
q :   0.000  0.000  0.000  0.003  0.011  0.034  0.088  0.168  0.276  0.421
ws:   0.238  0.125  0.097  0.086  0.081  0.078  0.076  0.074  0.073  0.072

Time used:  0:51
