     10    711

CLaf_AKK20520.1                 AAA AAC AAA AGA GGT ATT GTT TTT GGT GTT GCC AAT AAT CGT TCA CTT GCT TGG TCA ATC GCT AAG ATG TGC CAT GAT GCA GGT GCT GAA GTT GCT TTA ACA TGG CAA GGT GAC GCT ACT AAA AAG CGT GTT GAA AGC CTC TGC AAT GTT TCA TGC TCT AAA ACG ATT GAT GAT GTT TTT TGT AAT GTA GAA AAG AAA TGG GGA AAA ATA GAT TTT ATG GTT CAT GCC GTT GCT TTT TCT GAT AAA TCG GAA TTA ACA GGG CCG TAT CTT CAT ACA AGT CGT CAA AAT TTC CTC GAT ACG ATG GAT GTT TCA GTA TAT TCT TTT ACT GCT TTA GCC GCT CGT GCA CAT TCA TTG ATG AAT AAA GGT GGA AGC ATG CTT ACC CTT ACG TAT CTC GGA GCC GAA AGA GTA ATG CCA CAT TAT AAC GTC ATG GGA CTT GCA AAG GCA GCA TTG CAG ACT TCC GTT CAA TAT CTT GCA ATG GAT TTA GGA ATT AGA GTA AAC GCA ATT TCT GCT GGA CCA GCT AAA ACT CTT GCT TCT TCT GCT ATT GGT GAT TTC AAA TAT ATT TTA AAA TGG AAC GAA TAT AAT GCC CCT CTT CGT CGT AAT ATT ACC CAT GAA GAA GTA GGA AAA TCC GCC CTT TAT ATG CTT TCT GAT CTG TCT AGT GGC GTT ACT GGC GAA TGC CAT TTT GTA GAC GCT GGA TAT CAT GTT GTT GGC ATG 
CLaf_AKK20193.1                 AAA GGG AAA CGT GGT TTA ATC ATG GGA ATT GCA AAC AAT CAT TCC ATA GCA TGG GGA ATA GCC AAA GTG CTG CAT TCT GCA GGA GCA CAG CTT GCT TTT TCT TAT CAA GGA GCT CCT ATA GGG AAA AGA CTA GCA CCT CTT TGT AAT GTA GAA GAT ACA TCA TCC GTA GAT TTG CTA TTT AAA CAA ATT GAA GAA CGC TGG GGA TCA TTA GAT TTC GTC GTA CAC TCT ATA GGT TTT TCT GAT AAG AGT GAG CTG AAA GGA CCT TAT TCC AAT ACT AGC CGT GAT AAT TTT GTC CGG ACT ATG TTG ATA TCT TGC TTT TCT TTT ACT GAA ATT GCA AAA CGT GCA GCA AAA TTA ATG CCT TCC GGA GGA TCC CTA GTG ACG CTT ACT TAT GGA GGA TCT ACG AGG GTA GTT CCT AAT TAC AAT GTC ATG GGA GTT GCT AAA GCT GCC CTT GAG TCT TCC GTT AAA TAT TTA GCA TGT GAT TAT GGA ATA CGA GTT AAT GCT ATT TCT GCT GGA CCA GTA CGC ACT TTG GCA GGT GCC AGC ATC TCC AAT GGA CGT GAT ATC GCT TCT TGG AGT CAA GAG CAC TCC CCT CTT AAA AAT TCA GTA TCA CTT GAT GAT ATA GGC AAC TCT GCC CTT TAT TTA CTC TCT CAT CTA TCT AAT GGC GTC ACA GGA GAA ATT CAT TAC GTA GAT TGC GGA TAT AAT ATC ATT GCC ATG 
CLam_WP_007556829.1             AAA GGT AAA CGC GGA TTA ATT ATG GGA GTT GCA AAT GAC CAT TCC ATA GCG TGG GGA ATA TCA AGA TCA TTA GCA TCC GCA GGA GCT CAA CTA GCA TTT TCT TAT CAG GGA GAA GCA ATT GGC AAG AGA TTA AAG CCT CTA TGT AAT GTT GAA GAT TTA AAT TCT ATA GAT TTA CTA TTC GAT AAT ATC AAA GAT CGA TGG GGA TCT ATC GAT TTT TTA GTT CAT TCC ATA GGC TTT TCT GAT AAA AAT GAA TTA AAA GGC TAT TAT GCG GAT ACA AGC CGC GAT AAT TTT AGT CGA ACA ATG CTT ATA TCA TGC TTT TCC TTC ACT GAG GCT GCA AAA AGA GCT GCA AAA ATT ATG CCT AAT GGA GGA TCA ATG TTA ACA CTT ACT TAT GGA GGA TCA CGA AAG GTA GTG CCT ACC TAT AAT GTA ATG GGC GTT GCT AAA GCA GCG CTT GAA GCA TCT GTA ATC TAT TTA GCA GCA GAT TAT GGG ATT CGA GTT AAT GCA ATC TCT GCT GGT CCT GTT CGT ACT TTA GCA GGA GCG AGT ATT TCA AAT GGA AGA GGC ATA TCT TCT TGG AGC AAG GCT AAT TCG CCT CTT AAA CGA TCG GTA CCT CTT GAT GAT ATA GGT AAT TCG GCT ATT TAC CTG TTA TCT CAT ATG TCT AAT AGT GTA ACA GGC GAA ATT CAC TAT GTT GAT TGT GGT TAC AAT ATA ACA TAC ATG 
CLam_WP_007557419.1             AAA AAT AAA CGG GGC ATT GTT TTC GGT GTT GCA AAC AAT CGC TCT CTT GCG TGG TCA ATT GCT AAA ATG TGC CAT GAT GCA GGC GCT GAG GTT GCG CTG ACA TGG CAA GGG GAT GCA GTG AAA AAA CGT ATT GAA AAT TTA TGC AAT GTT TCT GAT GTA GAA ACA ATT AAA AAT GTG TTT AGA AAT GTA GAA AAA CGT TGG GGA AAA ATA GAT TTT ATT GTC CAT GCT GTT GCA TTT TCA GAA AAA AGT GAA TTG ACA GGT CCT TAC ATA AAT ACA AGC CGC GAA AAT TTT ATT AAC ACA ATG GAT ATA TCA GTA TAT TCG TTT ACG TCA TTA GCT GCT CAC GCG GAA CCA ATG ATG AAT GCC AAT GGA AGC ATG TTA ACT TTA ACT TAT ATT GGA TCA GCA AGA GTT ATG CCT CAT TAT AAC GTG ATG GGT CTC GCT AAG TCA GCT CTG GAA ACT TCT GTT AGA TAT CTC GCT ATG GAT TTA GGG ATT AGA ATA AAT GCA ATA TCT GCT GGG CCT GTT AAG ACC CTT GCA TCA TCT GCT ATT GGT GAT TTT AGA TAT ATT TTA AAA TGG AAT GAG TAT AAT TCT CCT CTA AGA CGT AAT ATA ACT TAT GAT GAA GTT GGG AAA TCT GCA CTT TAT ATG CTA TCT GAC CTT TCT AGT GGC GTT ACT GGT GAA TGT CAC TAT GTA GAT GCC GGG TAC CAT GTT GTT GGC ATG 
CLas_ACT56935.1                 AAA GGA AAA CGT GGT TTA ATT ATG GGG GTT GCG AAT GAT CAT TCC ATA GCA TGG GGG ATA GCC AAG GTA TTA CAT TCT GCA GGA GCG CAA CTC GCC TTT TCT TAC CAA GGG GAA TCA ATC GGC AAA AGA TTA AAA CCT CTG TGT AAC GTG GAA GAT CCA TCA TCC ATG GAT TTA CTA TTT GAA CGA ATT AAA GAG CGT TGG GAA ACC TTA GAT TTC GTC GTC CAC TCC ATA GCT TTT TCT GAT AAA AAT GAA TTG AGA GGA CCT TAC TAC AAT ACT AGC CGT GAT AAT TTT ATC CAG ACT ATG TTA GTA TCT TGT TTT TCT TTT ACT GAA ATC GTG AGG CGT GCA GCA CAA TTA ATG CCC CAT GGA GGT GCT ATG ATT ACA CTT ACC TAT GGT GGT TCT ATG AGA GTA GTT CCT AAT TAT AAT GCT ATG GCA CCT GCT AAA TCA GCT CTT GAA TCT TCC ACT AAA TAT TTA GCA TGC GAT TAT GGG ATA CGC ATT AAT GCT ATT TCT GCT GGA CCT GTT CGC ACT TTA GCT GGT GCC AGT ATT TCA AAT GGG CGT GAT ATC GCT GCT TGG AGC AAA GAA AAC TCT CCT CTT AAA CGC ACC GTA TCA CTC GAA GAT ATA GGA AAC TCT GCT CTT TAT TTA CTC TCT TAT CTC TCT AAT GGT GTG ACT GGG GAA ATT CAT TAC GTA GAT TGT GGA TAT AAT ATT GTT GCT ATG 
CLas_ACT57639.1                 AAA GAC AAA CGA GGT ATT GTT TTA GGT GTC GCA AAT AAC CGT TCG CTT GCG TGG TCG ATT GCT AAG ATG TGC CAT GCT GCA GGT GCC AAA GTT GCG TTA ACG TGG CAA GGT GAT GCT ACT AAG AAA CGT ATT GAG GGT CTT TGC AAC GTT TCG AAT TCT GAG ACA ATT GAC GAT GTT TTT CGT AAT TTA GAA AAG GAA TGG GGA ACA ATC GAT TTC CTA GTT CAC GCC ATT GCC TTT TCT GAT AAA GCC GAG CTT ACT GGA CCG TAT ATC AAC ACA ACT CGC GAA AAT TTC CTG AAT ACA ATG GAT GTT TCC GTA TAT TCT TTC ACT GCT TTG GCA GCT CGT GCA TCT TCC CTA ATG AAT AAA GGT GGT AGC ATG TTA ACC CTC ACG TAT CTC GGC GCT GAT AAA GTG ATG CCG CAT TAT AAC TGT ATG GGA CCT GCA AAA GCA GCG TTG CAA TCC GCT GTC CGT TAT CTT GCA ATG GAT TTA GGC ATT AGG GTC AAT GCA CTT TCT GCT GGA CCG GCT AAA ACT CTT GCT TCT TCT GGC ATT AGC GAT TTC AGA TAC ATT CTT AAA TGG AAT GAG TAT AAC TCC CCT CTT GGA CGT AAC ATT ACA CAC GAT GAG GTA GCC AAA TCA GCG CTT TAC CTG CTT TCT GAT TTT TCT AGT GGC GTT ACT GGT GAG TGC CAT TAT GTA GAT GCT GGC TAT CAC ATT GTT GGC ATG 
CLso_ADR52090.1                 AAG GGC AAA CGC GGT CTA ATA ATG GGA ATT GCA AAT AAT CAT TCC ATA GCA TGG GGA ATA GCC AAA GTA CTC CAA TCT GAG GGA GCA CAG CTT TCC TTT TCT TAT CAA GGG GAA GCA ATT GGA AAA AGA TTA AAA CCT CTA TGT AAT GTA GAG GAT TCA GCG TCT ATA GAT TCA CTT TTT GCG CAA ATT CAA GAT CGC TGG GGC TCT TTG AAT TTC ATT GTA CAT TCC ATA GGA TTT TCC GAC AAA AAT GAA CTG AAA GGT CCT TAC GTC AAT ACT AGC CGT GAT AAT TTT ATT CGC ACT ATG TTG ATA TCC TGT TTC TCT TTT ACT GAG GTT GCA AAA CGC GCA GCA AAA CTA ATG CCT CAT GGA GGT GCC ATG ATT ACT CTT ACT TAT GGA GGA TCA ACG AGA GTG GTA CCT AAT TAC AAT GTA ATG GGA ATT GCT AAA GCA GCT CTT GAA TCC TCC GTT AAA TAT TTA GCA TGT GAC TAT GGC ATT CGC GTT AAT GCC ATT TCT GCT GGA CCT ATC CGT ACT TTA GCT GGC GCT AGT ATT GCG CAT GGA CGT GAT ATT GCT TCT TGG AGC AGA GAT AAT TCC CCT CTT CAA CGT ACA GTA TCA CTT GAA GAT ATA GGA AAT TCA GCT CTT TAT TTG CTT TCT AAT ATG TCT AAT GGA GTC ACT GGA GAA ATC CAT TAC GTG GAT TGT GGA TAT AAC ATT ACC GCT ATG 
CLso_ADR52550.1                 CAA AAT AAA CGA GGA ATT GTT TTT GGT GTT GCC AAT AAT CGT TCT CTA GCG TGG TCA ATT GCT CAG GCA TGC CAT GAT GCA GGT GCA GAA GTA GCC TTA ACA TGG CAA GGT GAT TCT GTT AAG AAA CGC ATT GAA AGC TTG TGT AAT GTT TCC GAA CCT GAA ACA ATT AAT GAA GTA TTT AGT AAT ATA AAA AAT AAA TGG GGG AAT ATA GAT TTT ATT GTT CAC GCT GTT GCT TTT TCA GAT AAA AGC GAA CTC ACA GGA CCG TAT ATT AAT ACA AGT CGC GAA AAC TTT CTA AAA ACA ATG GAT ATT TCG GTA TAC TCC TTT ACC GCT TTA GCA GCC CAC GCA AAA CAG TTG ATG AAC AAA GGC GGA AGC ATG TTG ACG CTT ACT TAT CTT GGT GCC GAA AGA GTG ATG CCA CAT TAT AAC GTG ATG GGC CTT GCT AAA TCA GCT CTG CAA ACT TCT GTT CGA TAT CTT GCC ATG GAT TTA GGA ATT CGA GTC AAC GCA ATA TCT GCT GGT CCC GCT AAA ACT CTT GCT TCC TCT GCT ATT GGA GAT TTT AGA TAT ATA TTA AAA TGG AAT CAA TAT AAT TCC CCT CTT CGT CGC AAT ATT ACG CAT GAT GAA GTA GGT AAA GCA GCT CTT TAC ATG CTT TCT GAT CTT TCT AGT GGT GTG ACG GGT GAA TGT CAT TAC GTA GAT GCT GGA TAT CAC GTT GTT GGA ATG 
Lcr_WP_015272715.1              AAA AAG AAA CGA GGG GTT ATT TTT GGA GTA GCC AAT AAT CGC TCC ATT GCT TGG GCA ATT GCA AAA GCT TGT CAT GAA GCA GGT GCT GAA ATC GCT TTG ACA TGG CAA GGT AAT GCA CTA AAA AAG CGT GTT GAA GAG CTT TGC GAT GTT ACA GAT GAA AAA AGT ATT GAA GCT GTC TTT ATG AAT TTA GAA AAA CAT TGG GGA AAG ATA GAT TTC CTT GTG CAT GCC ATT GCT TTT TCT GAC AAA AAT GAG CTA ACG GGT CGT TAT ATA AAT ACC ACT CGA CAC AAT TTT TCC AAT ACT ATG GAT ATT TCT GTT TAC TCG TTT ACT GCT CTA GCA GCC CGT GCA GAA TCG ATT ATG AAC GAT AAA GGA AGC CTT TTA ACC CTT ACA TAT TAC GGT GCT GAA AAA GTC ATG CCC CAT TAT AAT GTT ATG GGA GTT GCT AAA GCA GCG CTG GAA GCT TCA ATT CGA TAT CTT GCT GTC GAC ATG GGA ATA CGT GTG AAT TCT ATA TCT GCT GGA CCA ATA AAA ACA TTA GCT TCT TCT GGA ATA GGT GAT TTT CGG TAT ATT TTA AAA TGG AAT GAA TAT AAT GCA CCC CTA AAA CGC AAT GTA TCA GCA GAA GAA GTT GGA AAA TCA GCT CTC TAC CTG CTC TCT GAC CTT TCT AGC GGT GTG ACT GGT GAA TGT CAT TAT GTA GAT GCA GGA TAT CAT GTA ATC GGA ATG 
Lcr_WP_041770877.1              AAA GGG AAA TAC GGT CTA ATT ATG GGG GTT GCA AAC AAT TAT TCC ATA GCA TGG GGC ATA TCC AAA GTA TTG GCA AAT GCT GGA GCA TCT CTT GCC TTT TCT TAT CAA GGA GAA GCA CTT GGT AAA AGA TTG AAA CCT TTA TGT GAT GTA GAA AAA CTT GAA TCT ATA GAT TTA ATG TTT GAA GAA ATT AAG AAT CGC TGG GGA TTT CTT GAT TTT GTA GTC CAT TCT ATA GCT TTT TCT GAT AAA AAT GAG TTA CGT GGT TGT TAT GCC AAT ACT ACT CGT AAT AAC TTT AGC CGT ACT ATG CTC ATC TCT TGT TTT TCA TTT ACA GAA GTA ACA AAA CGA GCT GCA ATG TTA ATG CCA AAT GGA GGT TCC ATT TTG ACA CTA ACT TAT GGA GGT TCA ACG CGT GTA ATT CCT AAT TAT AAT GTC ATG GGA GTT GCC AAA GCA GCA CTC GAA GCA TCT GTT CGC TAT TTA GCA TCC GAT TAT GGT ATT CGT ATT AAT GCT ATT TCT GCT GGT CCA GTC CGT ACT TTA GCT GGT GCT AGT ATT TCA AAT GGT CGA GCG ATT CTT TCG TGG AAT CAA GAA AAT GCT CCC CTT CGT CGT TCA GTA ACC CTT GAA GAT ATA GGA AAT TCA GCA CTT TAT TTA CTT TCT GAT ATG TCA CGT GGA ATT ACA GGA GAA ATT CAT CAC GTA GAT GCC GGG TAC AAT ATT ATA TCC ATG 



Printing out site pattern counts


        10        690  P

CLaf_AKK20520.1                 AAA AAA AAA AAA AAA AAA AAA AAA AAA AAA AAA AAA AAC AAC AAC AAC AAG AAG AAG AAG AAT AAT AAT AAT AAT AAT AAT AAT ACA ACA ACA ACC ACC ACG ACG ACG ACT ACT ACT ACT ACT AGA AGA AGA AGC AGC AGT AGT ATA ATC ATG ATG ATG ATG ATG ATG ATG ATT ATT ATT ATT ATT ATT ATT CAA CAA CAA CAG CAT CAT CAT CAT CAT CAT CAT CAT CCA CCA CCG CCT CGT CGT CGT CGT CGT CGT CTC CTC CTC CTG CTT CTT CTT CTT CTT CTT CTT CTT CTT CTT GAA GAA GAA GAA GAA GAA GAA GAA GAA GAC GAC GAT GAT GAT GAT GAT GAT GAT GAT GAT GAT GCA GCA GCA GCA GCA GCA GCA GCC GCC GCC GCC GCC GCC GCT GCT GCT GCT GCT GCT GCT GCT GCT GCT GCT GCT GCT GGA GGA GGA GGA GGA GGA GGA GGA GGC GGC GGC GGG GGT GGT GGT GGT GGT GGT GTA GTA GTA GTA GTA GTA GTC GTT GTT GTT GTT GTT GTT GTT GTT GTT GTT GTT GTT GTT TAT TAT TAT TAT TAT TAT TAT TAT TCA TCA TCA TCA TCA TCC TCC TCG TCT TCT TCT TCT TCT TCT TCT TGC TGC TGC TGC TGG TGG TGT TTA TTA TTA TTA TTA TTC TTC TTG TTG TTT TTT TTT TTT TTT TTT 
CLaf_AKK20193.1                 ... ... ..C ..G CGC CGC CGT GGG TC. TC. TCC TCT ..T ..T .GT GGG ..A ..A ..A G.A ..C ... ... ... C.A C.C CC. TCA .A. ..T T.T ..G T.A ..T ..T T.C ..A ... ... .TA T.. ..G C.. C.T CCT TC. .A. ..C T.. ..A ... C.A G.C G.. G.T TGT T.A ..A ..C ..C ... G.A G.A T.A A.. ... G.T G.. A.. A.. A.. ..C ... ... .T. GCA ... ..T ..T ... AAA AA. A.A .A. ... ... ..T GGA G.. ..A A.A ..C ... ... ... G.G G.. TCC T.A T.G ACG C.. C.G ... ... ..G ..T ..T .C. ..T .CT A.. C.. CGG ... ... ... ... TC. TTG TTG ... ... ... ..C ..T ..T ..T ..A ..A ... T.. T.T T.T AAA AGC C.. .AA ..A ..A ..A ..C ... ... .G. .TA TGC ... ... ... ... ... ... ... ..C .C. ..A ... ..A ..A ..A ..A ..A ... TCC A.. A.T ... ... ..T TGC ... A.A A.A A.C A.C A.. A.. C.A C.A C.. ..A ..A ..C ... G.G G.. ..C ... ... ... ... .T. AA. GA. GG. ..C ..T ... ..T AGT A.A G.C GG. ... ... ... ... ATT CTG GAT ..T .AT ... AAA A.T C.G GCT .AT ..T GGA ..T C.T ..A A.G .AC ..C ... ... ... 
CLam_WP_007556829.1             ... ... ..T ... CG. CGT .G. GGC ..T TCT ..T TCT ..T ..T .G. GGT ..A ... .GA G.T ... ... ... G.C ... ... CC. TCG .A. ... T.T ..A C.T ..A ..T T.T ..A ... ... .T. G.A .AG C.. C.C CCT TCA .A. ..C ..C ..A ... ... T.A TCA G.. GCA C.. ... ..A ... ..C ..A G.A T.A ATC ..G G.T G.A A.. ACC G.. ... ..C GCA .T. GCA ..T ..T TAT ... AAA ..A A.A .A. A.A ..C ..A GGA AGT A.. A.A T.A A.. ... ... T.A G.. GCG T.A T.A CG. A.G C.. A.. ... ... ..T ..T A.G ..T ..A A.. C.. CGA ... ... ... ... TCC CT. TTA ... ... ..T ..G ... ... ..T ..A ..A ..T T.G T.A T.. AAA AG. ..A .AG ..A ..G ... T.A ..A ... .GC .T. TG. ... ... ... ..C ..G ..T ..T ..T TA. ... A.T ..C ..A ..A ..A ..A ..A TCA A.. A.C ... ..T ..T TGC ..A A.A A.A A.A A.. ACA ... C.A T.A C.A ... ... ..A ..A GC. GGC ... ..C ..C ... ... .T. AA. GA. GG. ..C ... ..T ..G AAT .TA G.G GGA ..C ... ... ... ATT .TA GAT ..T .AT ... GA. GCT ... .CT .AT ..T GGA ..T C.T A.T A.G .A. ... ..C ..C ... 
CLam_WP_007557419.1             ... ... ... ... CGT ..G .G. ... G.. ... GCC ... ... ..T ..T ..T ... ..A ..A ..A ..C ... ... ... ... ... ... ... ... ... ... ..T ..T ..A ..T ..A ... ..C ..G GTG ... ... ... C.G .AT ... ... ..C ... ..T ... ... ..T ... ... ... ... ... ... ... ..A ... ..A ... AG. ... G.. G.A ... ... A.. ... ..C ... T.. G.A ..T ..T ..T ... A.A ... ... ..C .AC ..C T.A A.T A.T ..T ... ..A ... ..A T.A T.A ..C A.A ..C ... .C. ..G ..G ... ... ... ... ..T ... ..T ..T ... ..C A.C A.A ..A ... ... ... ... A.. ... ..T ..G ..T ... T.. ..T ..A ..T ..A T.T T.A ..T ... ... ..A T.A ..A ..G ... ... ..G ... ..A .T. ..C ... ... ... ..T ..G ..G ..G ..G ... ..T ... ..T AA. ..C ..G ... ..C ... ..T ... ..T ... A.. ... ..G A.A ... ... ... ... ... ..G A.. ... ..C ... ... ... ... ... ... ..C ... ..C ... ... C.. ..T ... ..T ... ..T ..T AGT GTA ... ..A ..G ..A ... ... ..T ... GAT ... ... ... A.A ... ..G ... ... C.G ..T ..T C.. A.. ..C .A. ... ... ... ... 
CLas_ACT56935.1                 ... ... ..C ... CGT CGC CGT GGC TC. .CC C.T GCT ..T ..T .G. GGA ..A ..A ... G.. ... ..C ... G.. CGA ..C CCC .CC .G. ..T T.T ..A T.A ..T ..C T.C ... ... ... .TC T.. ... C.C C.T CCT GCT .A. ..C T.. ..A ... ... G.C G.A G.T TGC T.A ..A ..C ... ... ..G G.A T.A A.. ... G.T G.A A.. A.. A.. ..C ... ... .TC GCA ..T ..T ..T ... AAA ..C A.A .A. ... ... ..G GGT A.. ..C A.A ..C ... ... ... A.. .C. TAC T.A T.A ATG A.. C.. A.. ... ... ..T ... A.. ..T ..A A.. T.. C.G ... ... ... ... TC. TTA TTA ... ... ... ..T ..T T.. ..T ..G .TG ..T T.T T.T T.. AGG AG. T.A .AA ... ..A ..G ..C ..C ... ... .T. TG. .A. ..T ..T .C. ..G ... ... ... .CT ..G ..T ..A ..A ..A ..G ..G ... TCA A.. A.T ... ... A.T TGT .CT ..A A.A A.. A.. ... ... C.A T.A C.C ..C ..G ..G AC. G.A G.. ... ... ... ..C ... .T. CA. GA. GGG ..C ..T ... ..T AAT C.A G.C GG. ... ... ... ... ATT .TA GAT ..T .AC ... GAA A.C ..G GCT .AT ..T GGG ..T C.T ..A A.G .AC ..C ... ... ... 
CLas_ACT57639.1                 ... ... ... ... G.. ... .G. ..G G.G .C. ... ... ... ..T ..T G.. ..A ..A ... ... ... ..C ... ..C ... ..C ... ..C ..T ... ..G ... ..A ..A ... ..A ... ... ... ... T.C .A. ..G C.. G.T ... ... .C. ..C ..T ... ... C.A ... ... ... C.. ... ... ... C.. ... ... ... .GT ... G.. ..A ..C ... A.C ..C ... ... ..C TC. ..G ..G ... ... G.A ... ... ... ... ..C ..T ... ..G T.T ... ... ... ... ..C T.A .C. A.C ... ... ..T ..G A.. ... ..G ..G ..G ..T ..G ..T ..T ... ... A.. ..C ... ... ... .C. ... ... ... ... ... ..G ... ... ... ..A ..A ..G T.. ..T ... ... .GC ... ... ... ..G ..C ... ..G ... ..C ... ... ... ..C ..T ... ..C ... ..C .CC ... ..T ... ..A ... ... ... ... ... A.C ... T.. ..G ... ..C ... TGT ... A.. A.. ... ... ..C ... A.. ... ... ... ... ..C ... ..C ... ... ..C ... ... ... ..C ..G ..G ..G ..C G.T ..A G.C ... ... ... ... ... ... ... ... ... AAT ... ... ... C.. ..G C.T C.T ... ... ... ... ... C.A ..A .A. ..C ..C ... ... 
CLso_ADR52090.1                 ... ..G ..T ... CGC CGT CGT GG. GCG TCT C.T TCT ..T ..T .G. GG. ..A ..A ..A G.T ... ... ... ... C.A ... CC. .CA .A. ..T T.T ..T T.A ..T ..T T.T ... ... ... .T. T.C ... C.C C.C CCT GC. .A. ..C T.G ..A ... ... ..T G.A G.A TGT T.. ... ... ... ... ..A G.A C.A A.. ... G.T G.A A.C A.. A.. ... ... ..A .T. GCA ..T ..T ..T ... .AA ... A.A .A. ..C ... ..A GGA A.T A.. A.A ... ... ... ... A.. A.. G.C T.A T.A ACG AG. C.G C.. ... ... ..T ... A.. ..T ..A C.. A.. CGC ... ..C A.. ..C TC. TTG TCA .AG ... ... ..T ..C ... ..T ..A ..A ..T T.. T.A T.. AAA AG. ..A .AG ... ..A ..A ..C T.C ... .GA ATC TG. ..C ... ..T ... ..C ... ... ... .CT ..A ..A ..T ..A ..A ..G ..A ... .CG A.. A.T ..G ..G ..T TGT ..A A.A A.A A.. A.A ACC A.. C.. T.A C.. ..A ..A ..C ... G.. G.. ..C ... ... ..C ... .TC AA. GAG GG. ..C ..C ... ..A AAT ..A G.. GGC ... ..C ... ... AT. CT. GAT ..T .AT ... GCG G.T C.G GCT .AT ..T GGA ..T C.T C.A A.G .AC ..C ... ... ... 
CLso_ADR52550.1                 ... C.. ... ... ... ... .G. ..G G.. ..T ... ... ... ... ..T ..T ..A ..A C.. ..T ... ... ..C ... ... ... ..C ... ... ... ... ..G ..G ..A ..T ..A ..G ... ..C GT. ... ... C.. C.. ... ... ... ... ... ..T ... ... ..T GCA ... ... ... ... ..A ... ..A ... ... ... .G. ... G.. ..A ..C ... A.. ..C ... ... ... A.A ..C ... ... ... ... ..C ..C ... .AC ..C T.G ..T ..A ..T ..A ... ... ... ... T.G ... A.. ... ... ... C.. ... A.. ... ... ... ..T ... ..T ..T ... ... A.A A.. ... ... ... ... ... ..A ... ..C ... ..T ... T.. ..T ... ..A ..T T.. ... ..T ..C ... T.. ... ... ..G ..A ... ..C ... ... ... ... ..G ..T ... ..C ... ..T ... ..T ..A ..T ..T ..A ..C ... ... ... ..A ..A ... A.. ..G ... ..C ... ..G A.. ... ... ... ... ... ..A A.. ..A ... ... ..G ... ... ... ... ... ..C ... ... ..C CAG ..C ... ..T ..G ..T G.A AGC C.. ... ..C ..C ..A ... ... ..T ... GAA ..T ... ... A.. ... C.C ... ... ... ..T ..T C.. ... ... .AC ... ... ... ... 
Lcr_WP_015272715.1              ... ... ... ... C.T ... CGG ... ... ..G G.T ... ..T ..T ..T ..G ..A ... ..A ..A ... G.. ... ... ... ... ..C ... ..G ..C ... ... T.A ..T ..A .GT ... ..A ... CTA G.. .A. C.T C.. GAG ... ..C .C. ... ..T ... C.T C.T GCT ... G.C C.. ..A ... ..A ..A ... G.A G.. .G. ... ..C G.A ... ... A.. ... ... ... GCA G.A ... ..C .GT ..C AAA ..C ... ..C ... ..A ..T TA. TC. ..T A.. ..C ..C ..A ... T.A G.. A.A ... T.A ... ... ... ... ... ..G ... ... ... ..T A.T ... ..C A.. ..A ..C ... ..C ..A ... .C. ... ..T ... ..G T.T ... ..T ... ..A ..T ..A ..T ... ..C .GA ..A ... ... ... ... ..A ... ... ... ATA ..A ... ..T ... ... ... ... ... ... ..A ..T ..T ..T AAA ... ... ..A ..G ... ..T T.. ..C ... ..G ..T ..T A.. A.. ..A A.. A.C ..A ..C ... A.C ..G ... ..G A.. ... ... ... ... ..C ... ... ..C ..G A.. G.. ..C ..T ..A ..A AAT GAA ... ... ..G ... ... ... ..T ..T GAT ... ... ... ATG C.. C.. ... A.G ..G ..T ..T C.. A.T ... .A. ..C ... ... ... 
Lcr_WP_041770877.1              ... ... ..T ... CGC CGT CG. GGT G.. TTT ..T TCG ..T ..T ..T GGG ..A ..A ..A ..T ..C G.. ..C ... G.A ... CCA TCA CGT ..T T.T ..A ... ..T ..T T.T ..A ... ..A CT. G.A C.T C.T TAC CCT TC. C.. .C. C.T ..A ... ..T G.A G.A ..T TCC T.A ... ... ... ... ..A G.A C.A .GC ... A.T G.A A.. A.. A.. ... ... GCA .T. GCA ... ..T TGT ..C ... ... A.A TA. ..A ... T.A GGA AG. A.. A.A ... ... ... ..A T.G G.. GCC T.A T.A ACG C.. TCT A.G ... ..G ..T ... A.. ..T ..A A.. ... CG. ... ... ... ... A.. CTC TTA ..T ... ..T ... ..T ... ..C ..A A.A ..A ..T T.A T.T AAA AG. ..A .AA ... ..A ..A T.C ..C ... ... .TC ..C ... ..T ..T ... ..T ..T ..G ... TC. ..A ..A ..T ..A ..A ..A ..G ... TCA A.. A.T ... ... A.T TGT ... A.C A.A A.. A.. A.A ... A.G T.G C.. ..C ..A A.. ... G.A GCG ... ..C ... ... ... .T. ATG GA. GGC ..C ..T ..T ..A AAT CT. G.. GG. ..A ... ..A ... ATT .TG AAA ..T .AT ... GAA G.. ... C.T .AT ..T GGT ..T C.C ..A A.G CAC ... ... ... ... 

    1    1    1    1    1    1    1    1    1    1    1    1    1    1    1
    1    1    1    1    1    1    1    1    1    1    1    1    1    1    1
    1    1    1    1    1    1    1    1    1    1    1    1    1    1    1
    1    1    1    1    1    4    1    1    1    1    1    1    1    1    1
    1    1    1    1    1    1    1    1    1    1    1    1    1    1    1
    1    1    1    1    1    1    1    1    1    1    1    1    1    1    1
    1    1    1    1    1    1    1    1    1    1    1    1    1    1    1
    1    1    1    1    1    1    1    1    1    1    1    1    1    1    1
    1    1    1    1    1    1    1    1    1    1    1    1    1    1    1
    1    1    1    1    1    1    1    1    1    1    1    1    1    1    1
    1    1    1    1    1    1    1    1    1    1    1    1    1    1    1
    1    1    1    1    1    1    1    1    1    1    1    1    1    1    1
    1    1    1    1    1    1    1    1    1    1    1    2    1    1    1
    1    1    1    1    1    1    1    1    1    1    1    1    2    1    1
    1    1    1    3    1    1    1    1    1    1    1    1    1    1    1
    1    1    1    1    1

CODONML (in paml version 4.9i, September 2018)  C:\PycharmProjects\project_2_paml\paml_geno\paml_geno_6.fas
Model: One dN/dS ratio, 
Codon frequency model: Fequal
Site-class models: 
ns =  10  ls = 237

Codon usage in sequences
--------------------------------------------------------------------------------------------------------------------------------------
Phe TTT   6   6   5   6   6   3 | Ser TCT   8  13  10   9  12   9 | Tyr TAT   9   7   8   9   7   8 | Cys TGT   1   2   2   1   3   1
    TTC   2   1   2   1   1   4 |     TCC   2   8   4   0   4   4 |     TAC   0   2   3   2   4   2 |     TGC   4   2   1   2   1   3
Leu TTA   5   5  11   6  10   5 |     TCA   5   4   6   7   5   1 | *** TAA   0   0   0   0   0   0 | *** TGA   0   0   0   0   0   0
    TTG   2   3   0   1   1   2 |     TCG   1   0   3   1   0   3 |     TAG   0   0   0   0   0   0 | Trp TGG   4   3   3   4   3   4
--------------------------------------------------------------------------------------------------------------------------------------
Leu CTT  10   7   5   4   4  10 | Pro CCT   1   6   6   4   6   2 | His CAT   8   4   3   4   4   3 | Arg CGT   6   4   1   3   5   6
    CTC   3   1   0   2   4   2 |     CCC   0   0   0   0   1   0 |     CAC   0   2   1   2   1   3 |     CGC   0   2   2   2   3   1
    CTA   0   4   3   2   1   2 |     CCA   2   1   0   1   1   0 | Gln CAA   3   3   1   1   3   2 |     CGA   0   1   5   0   1   1
    CTG   1   2   1   2   1   2 |     CCG   1   0   0   0   0   3 |     CAG   1   1   1   0   1   0 |     CGG   0   1   0   1   0   0
--------------------------------------------------------------------------------------------------------------------------------------
Ile ATT   7   6   7  10   8  10 | Thr ACT   5   5   3   5   6   6 | Asn AAT   8  11  14  14  10   8 | Ser AGT   2   2   3   2   1   1
    ATC   1   4   4   0   4   2 |     ACC   2   0   1   1   3   1 |     AAC   4   2   0   3   3   6 |     AGC   2   2   2   2   2   2
    ATA   1   7   8   6   5   0 |     ACA   3   2   5   5   1   5 | Lys AAA  12  11   9  11  10  11 | Arg AGA   3   1   4   6   3   1
Met ATG  10   5   7  10   8   8 |     ACG   3   2   0   1   0   2 |     AAG   4   1   4   2   1   3 |     AGG   0   1   0   0   1   1
--------------------------------------------------------------------------------------------------------------------------------------
Val GTT  13   4   7  12   4   8 | Ala GCT  13   7   7  10  12  11 | Asp GAT  10  10  12   9  10  11 | Gly GGT   6   3   4   5   6   8
    GTC   1   4   0   1   2   3 |     GCC   6   5   0   2   3   5 |     GAC   2   0   1   1   0   2 |     GGC   3   2   6   4   1   6
    GTA   6   7   5   4   5   3 |     GCA   7  10  13   8   6   8 | Glu GAA   9   5   5  10  10   3 |     GGA   8  16  12   3   7   5
    GTG   0   2   1   3   3   1 |     GCG   0   0   4   3   2   4 |     GAG   0   3   1   2   1   6 |     GGG   1   2   1   5   6   0
--------------------------------------------------------------------------------------------------------------------------------------

------------------------------------------------------------------------------------------------------
Phe TTT   5   7   6   8 | Ser TCT   9   7   8   9 | Tyr TAT   6   7   8   8 | Cys TGT   4   2   2   3
    TTC   2   0   1   0 |     TCC   8   4   2   5 |     TAC   3   3   3   2 |     TGC   0   1   1   0
Leu TTA   3   4   4   7 |     TCA   5   3   3   6 | *** TAA   0   0   0   0 | *** TGA   0   0   0   0
    TTG   3   3   1   3 |     TCG   0   1   2   1 |     TAG   0   0   0   0 | Trp TGG   3   4   4   3
------------------------------------------------------------------------------------------------------
Leu CTT   8   9   6   9 | Pro CCT   6   2   0   2 | His CAT   5   4   6   2 | Arg CGT   4   2   4   9
    CTC   1   1   2   2 |     CCC   0   1   2   1 |     CAC   0   3   1   1 |     CGC   5   3   2   2
    CTA   3   2   4   2 |     CCA   0   1   1   2 | Gln CAA   5   4   1   2 |     CGA   0   3   3   2
    CTG   1   1   2   0 |     CCG   0   1   0   0 |     CAG   1   2   0   0 |     CGG   0   0   1   0
------------------------------------------------------------------------------------------------------
Ile ATT  12  10   9  12 | Thr ACT   7   3   4   5 | Asn AAT  14  12  13  15 | Ser AGT   1   3   1   1
    ATC   2   0   2   1 |     ACC   1   1   2   1 |     AAC   1   4   1   2 |     AGC   2   3   2   1
    ATA   7   4   6   6 |     ACA   1   5   4   4 | Lys AAA  10  12  14   9 | Arg AGA   3   2   0   1
Met ATG   7   8   7   8 |     ACG   1   3   1   1 |     AAG   1   1   3   1 |     AGG   0   0   0   0
------------------------------------------------------------------------------------------------------
Val GTT   3   9   7   3 | Ala GCT   8  12  14   8 | Asp GAT   8  10   7   8 | Gly GGT   3   8   7   9
    GTC   2   1   3   3 |     GCC   3   5   3   4 |     GAC   2   0   3   0 |     GGC   4   2   0   1
    GTA   6   5   4   7 |     GCA   9   7  10  11 | Glu GAA   5  10  13  10 |     GGA  15   7  10   9
    GTG   2   3   3   0 |     GCG   3   1   1   1 |     GAG   3   0   2   1 |     GGG   1   1   1   3
------------------------------------------------------------------------------------------------------

Codon position x base (3x4) table for each sequence.

#1: CLaf_AKK20520.1
position  1:    T:0.20675    C:0.15190    A:0.28270    G:0.35865
position  2:    T:0.28692    C:0.24895    A:0.29536    G:0.16878
position  3:    T:0.47679    C:0.13502    A:0.27004    G:0.11814
Average         T:0.32349    C:0.17862    A:0.28270    G:0.21519

#2: CLaf_AKK20193.1
position  1:    T:0.23629    C:0.16456    A:0.26160    G:0.33755
position  2:    T:0.28692    C:0.26582    A:0.26160    G:0.18565
position  3:    T:0.40928    C:0.15612    A:0.32489    G:0.10970
Average         T:0.31083    C:0.19550    A:0.28270    G:0.21097

#3: CLam_WP_007556829.1
position  1:    T:0.24473    C:0.12236    A:0.29958    G:0.33333
position  2:    T:0.27848    C:0.26160    A:0.26582    G:0.19409
position  3:    T:0.40928    C:0.11392    A:0.36709    G:0.10970
Average         T:0.31083    C:0.16596    A:0.31083    G:0.21238

#4: CLam_WP_007557419.1
position  1:    T:0.20675    C:0.11814    A:0.32911    G:0.34599
position  2:    T:0.29536    C:0.24051    A:0.29536    G:0.16878
position  3:    T:0.45148    C:0.10549    A:0.29536    G:0.14768
Average         T:0.31786    C:0.15471    A:0.30661    G:0.22082

#5: CLas_ACT56935.1
position  1:    T:0.24051    C:0.15190    A:0.27848    G:0.32911
position  2:    T:0.28270    C:0.26160    A:0.27426    G:0.18143
position  3:    T:0.43882    C:0.15612    A:0.28692    G:0.11814
Average         T:0.32068    C:0.18987    A:0.27989    G:0.20956

#6: CLas_ACT57639.1
position  1:    T:0.20675    C:0.15612    A:0.28270    G:0.35443
position  2:    T:0.27426    C:0.27004    A:0.28692    G:0.16878
position  3:    T:0.44304    C:0.19409    A:0.19831    G:0.16456
Average         T:0.30802    C:0.20675    A:0.25598    G:0.22925

#7: CLso_ADR52090.1
position  1:    T:0.21519    C:0.16456    A:0.29536    G:0.32489
position  2:    T:0.28270    C:0.25738    A:0.27004    G:0.18987
position  3:    T:0.43460    C:0.15190    A:0.30380    G:0.10970
Average         T:0.31083    C:0.19128    A:0.28973    G:0.20816

#8: CLso_ADR52550.1
position  1:    T:0.19409    C:0.16456    A:0.29958    G:0.34177
position  2:    T:0.28270    C:0.24051    A:0.30380    G:0.17300
position  3:    T:0.45148    C:0.13502    A:0.29114    G:0.12236
Average         T:0.30942    C:0.18003    A:0.29817    G:0.21238

#9: Lcr_WP_015272715.1
position  1:    T:0.18987    C:0.14768    A:0.29114    G:0.37131
position  2:    T:0.28270    C:0.24051    A:0.31646    G:0.16034
position  3:    T:0.43038    C:0.12658    A:0.32489    G:0.11814
Average         T:0.30098    C:0.17159    A:0.31083    G:0.21660

#10: Lcr_WP_041770877.1
position  1:    T:0.23207    C:0.15190    A:0.28692    G:0.32911
position  2:    T:0.29958    C:0.25738    A:0.25738    G:0.18565
position  3:    T:0.46835    C:0.10970    A:0.32911    G:0.09283
Average         T:0.33333    C:0.17300    A:0.29114    G:0.20253

Sums of codon usage counts
------------------------------------------------------------------------------
Phe F TTT      58 | Ser S TCT      94 | Tyr Y TAT      77 | Cys C TGT      21
      TTC      14 |       TCC      41 |       TAC      24 |       TGC      15
Leu L TTA      60 |       TCA      45 | *** * TAA       0 | *** * TGA       0
      TTG      19 |       TCG      12 |       TAG       0 | Trp W TGG      35
------------------------------------------------------------------------------
Leu L CTT      72 | Pro P CCT      35 | His H CAT      43 | Arg R CGT      44
      CTC      18 |       CCC       5 |       CAC      14 |       CGC      22
      CTA      23 |       CCA       9 | Gln Q CAA      25 |       CGA      16
      CTG      13 |       CCG       5 |       CAG       7 |       CGG       3
------------------------------------------------------------------------------
Ile I ATT      91 | Thr T ACT      49 | Asn N AAT     119 | Ser S AGT      17
      ATC      20 |       ACC      13 |       AAC      26 |       AGC      20
      ATA      50 |       ACA      35 | Lys K AAA     109 | Arg R AGA      24
Met M ATG      78 |       ACG      14 |       AAG      21 |       AGG       3
------------------------------------------------------------------------------
Val V GTT      70 | Ala A GCT     102 | Asp D GAT      95 | Gly G GGT      59
      GTC      20 |       GCC      36 |       GAC      11 |       GGC      29
      GTA      52 |       GCA      89 | Glu E GAA      80 |       GGA      92
      GTG      18 |       GCG      19 |       GAG      19 |       GGG      21
------------------------------------------------------------------------------


Codon position x base (3x4) table, overall

position  1:    T:0.21730    C:0.14937    A:0.29072    G:0.34262
position  2:    T:0.28523    C:0.25443    A:0.28270    G:0.17764
position  3:    T:0.44135    C:0.13840    A:0.29916    G:0.12110
Average         T:0.31463    C:0.18073    A:0.29086    G:0.21378

Codon frequencies under model, for use in evolver (TTT TTC TTA TTG ... GGG):
  0.01639344  0.01639344  0.01639344  0.01639344
  0.01639344  0.01639344  0.01639344  0.01639344
  0.01639344  0.01639344  0.00000000  0.00000000
  0.01639344  0.01639344  0.00000000  0.01639344
  0.01639344  0.01639344  0.01639344  0.01639344
  0.01639344  0.01639344  0.01639344  0.01639344
  0.01639344  0.01639344  0.01639344  0.01639344
  0.01639344  0.01639344  0.01639344  0.01639344
  0.01639344  0.01639344  0.01639344  0.01639344
  0.01639344  0.01639344  0.01639344  0.01639344
  0.01639344  0.01639344  0.01639344  0.01639344
  0.01639344  0.01639344  0.01639344  0.01639344
  0.01639344  0.01639344  0.01639344  0.01639344
  0.01639344  0.01639344  0.01639344  0.01639344
  0.01639344  0.01639344  0.01639344  0.01639344
  0.01639344  0.01639344  0.01639344  0.01639344


Model 7: beta (10 categories)


TREE #  1:  (5, 7, (2, (3, (10, (9, (6, (1, (4, 8))))))));   MP score: 909
lnL(ntime: 17  np: 20):  -4937.206974      +0.000000
  11..5    11..7    11..12   12..2    12..13   13..3    13..14   14..10   14..15   15..9    15..16   16..6    16..17   17..1    17..18   18..4    18..8  
 0.424220 0.382855 0.021597 0.394808 0.232711 0.683916 0.198276 0.455317 2.945131 0.522331 0.535529 0.482390 0.076746 0.286151 0.154903 0.607418 0.334507 1.626163 0.528018 3.182050

Note: Branch length is defined as number of nucleotide substitutions per codon (not per neucleotide site).

tree length =  8.738806

(5: 0.424220, 7: 0.382855, (2: 0.394808, (3: 0.683916, (10: 0.455317, (9: 0.522331, (6: 0.482390, (1: 0.286151, (4: 0.607418, 8: 0.334507): 0.154903): 0.076746): 0.535529): 2.945131): 0.198276): 0.232711): 0.021597);

(CLas_ACT56935.1: 0.424220, CLso_ADR52090.1: 0.382855, (CLaf_AKK20193.1: 0.394808, (CLam_WP_007556829.1: 0.683916, (Lcr_WP_041770877.1: 0.455317, (Lcr_WP_015272715.1: 0.522331, (CLas_ACT57639.1: 0.482390, (CLaf_AKK20520.1: 0.286151, (CLam_WP_007557419.1: 0.607418, CLso_ADR52550.1: 0.334507): 0.154903): 0.076746): 0.535529): 2.945131): 0.198276): 0.232711): 0.021597);

Detailed output identifying parameters

kappa (ts/tv) =  1.62616

Parameters in M7 (beta):
 p =   0.52802  q =   3.18205


MLEs of dN/dS (w) for site classes (K=10)

p:   0.10000  0.10000  0.10000  0.10000  0.10000  0.10000  0.10000  0.10000  0.10000  0.10000
w:   0.00093  0.00751  0.02011  0.03907  0.06529  0.10039  0.14732  0.21181  0.30758  0.48830

dN & dS for each branch

 branch          t       N       S   dN/dS      dN      dS  N*dN  S*dS

  11..5       0.424    518.2    192.8   0.1388   0.0527   0.3798   27.3   73.2
  11..7       0.383    518.2    192.8   0.1388   0.0476   0.3428   24.7   66.1
  11..12      0.022    518.2    192.8   0.1388   0.0027   0.0193    1.4    3.7
  12..2       0.395    518.2    192.8   0.1388   0.0491   0.3535   25.4   68.1
  12..13      0.233    518.2    192.8   0.1388   0.0289   0.2084   15.0   40.2
  13..3       0.684    518.2    192.8   0.1388   0.0850   0.6123   44.1  118.0
  13..14      0.198    518.2    192.8   0.1388   0.0246   0.1775   12.8   34.2
  14..10      0.455    518.2    192.8   0.1388   0.0566   0.4077   29.3   78.6
  14..15      2.945    518.2    192.8   0.1388   0.3661   2.6369  189.7  508.3
  15..9       0.522    518.2    192.8   0.1388   0.0649   0.4677   33.6   90.1
  15..16      0.536    518.2    192.8   0.1388   0.0666   0.4795   34.5   92.4
  16..6       0.482    518.2    192.8   0.1388   0.0600   0.4319   31.1   83.3
  16..17      0.077    518.2    192.8   0.1388   0.0095   0.0687    4.9   13.2
  17..1       0.286    518.2    192.8   0.1388   0.0356   0.2562   18.4   49.4
  17..18      0.155    518.2    192.8   0.1388   0.0193   0.1387   10.0   26.7
  18..4       0.607    518.2    192.8   0.1388   0.0755   0.5438   39.1  104.8
  18..8       0.335    518.2    192.8   0.1388   0.0416   0.2995   21.5   57.7


Time used:  1:17


Model 8: beta&w>1 (11 categories)


TREE #  1:  (5, 7, (2, (3, (10, (9, (6, (1, (4, 8))))))));   MP score: 909
lnL(ntime: 17  np: 22):  -4936.608175      +0.000000
  11..5    11..7    11..12   12..2    12..13   13..3    13..14   14..10   14..15   15..9    15..16   16..6    16..17   17..1    17..18   18..4    18..8  
 0.425903 0.382464 0.022449 0.394677 0.229448 0.687476 0.202590 0.455531 2.961465 0.511029 0.546165 0.483620 0.077793 0.287301 0.154318 0.607228 0.334806 1.625281 0.996400 0.546987 3.418101 1.796144

Note: Branch length is defined as number of nucleotide substitutions per codon (not per neucleotide site).

tree length =  8.764263

(5: 0.425903, 7: 0.382464, (2: 0.394677, (3: 0.687476, (10: 0.455531, (9: 0.511029, (6: 0.483620, (1: 0.287301, (4: 0.607228, 8: 0.334806): 0.154318): 0.077793): 0.546165): 2.961465): 0.202590): 0.229448): 0.022449);

(CLas_ACT56935.1: 0.425903, CLso_ADR52090.1: 0.382464, (CLaf_AKK20193.1: 0.394677, (CLam_WP_007556829.1: 0.687476, (Lcr_WP_041770877.1: 0.455531, (Lcr_WP_015272715.1: 0.511029, (CLas_ACT57639.1: 0.483620, (CLaf_AKK20520.1: 0.287301, (CLam_WP_007557419.1: 0.607228, CLso_ADR52550.1: 0.334806): 0.154318): 0.077793): 0.546165): 2.961465): 0.202590): 0.229448): 0.022449);

Detailed output identifying parameters

kappa (ts/tv) =  1.62528

Parameters in M8 (beta&w>1):
  p0 =   0.99640  p =   0.54699 q =   3.41810
 (p1 =   0.00360) w =   1.79614


MLEs of dN/dS (w) for site classes (K=11)

p:   0.09964  0.09964  0.09964  0.09964  0.09964  0.09964  0.09964  0.09964  0.09964  0.09964  0.00360
w:   0.00105  0.00795  0.02062  0.03928  0.06471  0.09843  0.14322  0.20460  0.29578  0.46923  1.79614

dN & dS for each branch

 branch          t       N       S   dN/dS      dN      dS  N*dN  S*dS

  11..5       0.426    518.3    192.7   0.1405   0.0534   0.3801   27.7   73.3
  11..7       0.382    518.3    192.7   0.1405   0.0479   0.3413   24.8   65.8
  11..12      0.022    518.3    192.7   0.1405   0.0028   0.0200    1.5    3.9
  12..2       0.395    518.3    192.7   0.1405   0.0495   0.3522   25.6   67.9
  12..13      0.229    518.3    192.7   0.1405   0.0288   0.2048   14.9   39.5
  13..3       0.687    518.3    192.7   0.1405   0.0862   0.6136   44.7  118.3
  13..14      0.203    518.3    192.7   0.1405   0.0254   0.1808   13.2   34.9
  14..10      0.456    518.3    192.7   0.1405   0.0571   0.4066   29.6   78.4
  14..15      2.961    518.3    192.7   0.1405   0.3713   2.6431  192.4  509.5
  15..9       0.511    518.3    192.7   0.1405   0.0641   0.4561   33.2   87.9
  15..16      0.546    518.3    192.7   0.1405   0.0685   0.4875   35.5   94.0
  16..6       0.484    518.3    192.7   0.1405   0.0606   0.4316   31.4   83.2
  16..17      0.078    518.3    192.7   0.1405   0.0098   0.0694    5.1   13.4
  17..1       0.287    518.3    192.7   0.1405   0.0360   0.2564   18.7   49.4
  17..18      0.154    518.3    192.7   0.1405   0.0193   0.1377   10.0   26.5
  18..4       0.607    518.3    192.7   0.1405   0.0761   0.5420   39.5  104.5
  18..8       0.335    518.3    192.7   0.1405   0.0420   0.2988   21.8   57.6


Naive Empirical Bayes (NEB) analysis
Positively selected sites (*: P>95%; **: P>99%)
(amino acids refer to 1st sequence: CLaf_AKK20520.1)

            Pr(w>1)     post mean +- SE for w

    53 S      0.772         1.491


Bayes Empirical Bayes (BEB) analysis (Yang, Wong & Nielsen 2005. Mol. Biol. Evol. 22:1107-1118)
Positively selected sites (*: P>95%; **: P>99%)
(amino acids refer to 1st sequence: CLaf_AKK20520.1)

            Pr(w>1)     post mean +- SE for w

    53 S      0.790         2.353 +- 2.021



The grid 

p0:   0.050  0.150  0.250  0.350  0.450  0.550  0.650  0.750  0.850  0.950
p :   0.100  0.300  0.500  0.700  0.900  1.100  1.300  1.500  1.700  1.900
q :   0.100  0.300  0.500  0.700  0.900  1.100  1.300  1.500  1.700  1.900
ws:   1.500  2.500  3.500  4.500  5.500  6.500  7.500  8.500  9.500 10.500


Posterior on the grid

p0:   0.000  0.000  0.000  0.000  0.000  0.000  0.000  0.000  0.000  1.000
p :   0.000  1.000  0.000  0.000  0.000  0.000  0.000  0.000  0.000  0.000
q :   0.000  0.000  0.000  0.000  0.000  0.000  0.001  0.025  0.221  0.753
ws:   0.504  0.153  0.085  0.058  0.045  0.038  0.033  0.030  0.027  0.026

Time used:  3:29
