      4   1743

CLaf_AKK20592.1                 ATG AGT ATA CCT ATC TTA AGA CTT GAT CAC ATT AAT GCT TCT ATA GGT GGG GTA AAT TTA TTA CAA GAT ATA TGT TTG TCC GTT AAA CCA AAA GAA CGT ATC TGC CTT GTA GGA TGC AAT GGA TCT GGA AAA TCC ACT CTA CTA AAA ATC GCT GCC AAC ATT ATA GAA CCG CAA TCG GGG ACT GTA TTT ATC CAT GGA TCT TCT ACA ATA GGA TAC CTT GAA CAA AAT CCT AAT TTT TCT GAT TTT TCA ACA ATT TAT GAC TAT ATT AAT ATC TCT TAT AGC TTA AAA TCT TTG CTA AAA AAA TTC AAT TTA AAT GAA CAA GAT CGA ATA TCT CAC CTC TCT GTT GGG CAA TCA CGT TGT GTC GCC TTG ATC AAG ATG CTG ATT CTA CAA CCC GAT ATT TTA ATC TTA GAT GAA CCT ACT AAC CAT TTA GAT TTT CGT ACG ATT CAT TGG ATG GAA CAA GAA TTA TTA AAG ATC AAT TCT GCT ATT ATT TTT GTT TCT CAC GAT CGT TGC TTT CTT AAA AAT TTG TCC ACA ACA ACC GTA TGG TTA GAT CGA GGT TGT TTA GAT CAT ATG AAT AAA GGT TTT GCT CAT TTT GAA CTT TGG AAA CAA AAT ATC CTA GAA CAA GAA CAA ATA CGT TAT CAT AAT TTA AAG AAA AAA AAT GAA TCA GAA GAA GAA TGG TTG CGA TAT GGA GTA ACC GCA AGA AGA AAA CGC AAT GTC CGT CGA GTC AAA GAA CTC CAA GAA ATA AAG ACA CAA TTA AAA GAA CAA AAA AAC TCC TTT TAT AAT ACG ATA CAA ACA AAT ATT CAA TCT ACT TCT TCT GGA AAA TTA GTC ATA GAA GCA GAT AAA ATT ACA AAA CAA TAT GAT AAT CGT TCA ATT GTT AAA AAT TTT TCT CTC CGC ATA CAT TAT GGT GAA CGG ATT GGC ATT GTT GGT CCT AAT GGC GCA GGC AAA ACA ACA CTA TTA AAA TTA TTA ACC GGA AAA ATA ACG CCC GAT TCT GGA CTC ATT ACT TTA GGA ACC AAC CTC AAA ATT GCG ATC ATT GAT CAA AAA CGC GAA AAT ATT AAT CCA AAT GAA ACT CTT GCT TCT TAT CTA ACA GGA AGT CAT GGA GAT AGT TTA ATG GTA CAA GGC GAA TCT CGT CAT GTT GCT GGC TAT ATC AAA GAT TTC CTC TTC CAT GCC GAT CAA GCA TAT TCT CTT ATG AAA AAC CTC TCT GGA GGT GAA AAA ATG CGT GCC ATT ATA GCG CGC ATT TTG GCT CAA CCC TTT AAT TTT CTT ATT ATG GAC GAA CCA ACA AAT GAT CTT GAT TTT GAA ACG TTA GAT TTT TTA GAA AAA ACT ATT TCT AAT TTG AAA GCT ACA ATA TTA ATT GTT AGT CAT GAC AGA GAT TTT TTA GAC CGT ACC GTA ACA TCA ACA ATT GCT GTT GAA AAT ATT GAA AAT CCT AAT GGA TAT TGG GTA AAA TAT GCT GGA GGA TAC TCC GAC ATG CTT GCA CAA CAA AAG AAG AGC AAT CAG ACT TCT CAG CAC AAT CCT CAG GTG CAA TCT AAA CAA CAA CAA AAG AAA TCT CTC ACC TAT AGT CAA AAA TTG CTT CTT GAA AGA CTT CCT CAA GAA ATA TAC AAC ATG CAA CTA CAA ATA TCT GAA AAA GAA CAA CAA ATA ATA GAT AAA AAA TGT AAA GAA GTC CAT CAA CTT TAT TAT GAT CTT GCT CAA ATA CAG CAA GAA ATC AAA GAT AAA GAA GAA CAA TGG ATT AAA CTC GAA ATG ATG CAA GAA GAA 
CLam_WP_007557398.1             ATG AAT ATA CCG ATA CTC AGG TTT GAT AAT ATT AAT GCT ACT ATA GGC GGT GTA GAT TTA TTG CGG GAT GTT TGT TTT TCG GTA AAG CCA AAG GAA CGT TTA TGT CTT GTA GGA CGT AAT GGA TCA GGT AAA TCA ACA TTA TTA AAA ATA GCA GCT GGT TTA ATA GAG CCG CAA TCT GGC AAG GTA TTT ATT AGT GCT TCT GCT AAG TTA GGA TAT CTA GAA CAG GAA TTT AAT TAT CCT AAT TCA GCT ACG ATA TGT GAT TAT ATC GAA CAT AAT TAT AGT TTA ACT TCT TTT TTA AAA ATA TTT AAT TTA ACA GGG AAA GAA AAG ATT TCT GAT CTA TCT GTT GGA CAG GCA CGA TGC GTA GCA TTA ATT AGA ATT TTT ATT ATG CGT CCT GAC GTT TTA ATT TTA GAT GAG CCG ACT AAT CAC CTA GAT TAT ATA ACA ATT AAT TGG CTT GAA CAA GAA CTT ATC AAT ATC AAT TCT GCA ATT ATT TTT GTT TCA CAC GAT CGT CGA TTC CTT AAA ATA TTA TCA ACA TCA ACA ATA TGG TTG GAT AGA GGA TGT GTA CAT CTT CTT GAT AAG GGA TTT TCA CAT TTT GAA GAT TGG AGA GAT GGA ATA TTA GAA AAA GAG AAA TTG CAT TAT TAT CAT TTA AAG AAA AAA AAT GAG ACA GAA GAA GAT TGG TTG AGA TAT GGG GTA ACA GCA CGC AGA AAA CGT AAT GTG CGT AGG TTA AAA GAA CTA CAA GAA ATA AGA ACA GAT TTA TCT GAG AAA AAG AAA TCA TTT CAT AGA GAA ATA AAA GCT GAA ATC AAA TCT ACT TCT TCT GGT AAA TTA GTT ATA GAT GCT AAT CAG ATA AAT AAA GAT TAT AAT GGT ATC TCT ATT ATA AAA GAT TTT TCT CTT CGA ATA AAA TAT GGT GAA CGT ATT GGA ATA GTT GGC CCT AAC GGC TCA GGT AAA ACT ACT CTT TTA AAA ATT CTT ACT GGC AAA ATA CAA CCT GAA TCT GGC TCA TTA ATT TTT GGA ACA AAT CTC AAA ATT GCA ATA ATT GAT CAA AAA CGC GAA GAT TTA AAT ATT AAT AAA ACT CTT GCT TCT TAT CTT ACA GGA GGC GCA GGA GAT AAT TTA ATT GTT AAT GGT CAA TCT AGA CAT GTA ATG GGA TAT ATA AAA GAT TTT TTA TTT CAA TCA AAT CAA GCT CAC TCT TTA ATC AAA AAT CTC TCT GGT GGT GAA AGA ATG CGT GCA ATT TTA GCA CGT GTT TTA TCT AAA CCA TTT AAT TTT CTT ATC ATG GAT GAG CCT ACT AAT GAT CTA GAT TTT GAA ACT CTA TAT TTT TTA GAA GAA ATT ATT TCT AAA TTT CAG GGG ACA ATA CTT CTT GTT AGT CAT GAT AGA GAT TTT TTA GAT CAT AGT GTA ACT TCA ATT ATT TCT TTG CAT AGT ATT AAG CAT CCA AAT GGA CGA TGG ATA AAA TAT GCA GGT GGA TAT TCT GAT ATG ATT TTG CAG CAA AAA AAG AAT GAT TGT TTT TTA GAA AAA AAT AAG GAT AAA ATT TCT AGA CAG AAA AAA ATC AAT AAA CTT TCT TAT GGC CAA AAA CTT CTT CTT AAA AGT CTT CCT CAA AAA ATA CAA GAA ATA CAT GCA AAA ATT AAA GAA AAT GAA AAT AAG TTA TGC GAT CAA ACA TTA AAC AAA TTC TAT AGA ATA TCA GAT GAG CTG GGA AAA CTT TAT CAA GAA GTA AAG GAA AAA GAG GAA GAA TGG CTT AAA CTA GAA ATA TCT AGA GAA GAA 
CLso_ADR52588.1                 ATG AAC TTA CCT ATT TTA AGA CTT GAT CAT ATT AAT GCG ACT ATA GGA GGA ATA AAT TTA CTA CAA GAT ATC TCG TTG TCA GTT AAA CCA AGA GAA CGT ATT TGC CTT GTA GGA TGT AAT GGA TCT GGA AAA TCA ACT TTA CTT AAA ATC GCA GCT GGA ATA ATA GAA CCA CAA TCA GGA ACA GTG TTT CTC AAT TCT CCT CAT ACA TTA GGA TAT CTT GAG CAA AAC CCA GAT TTT TCT CAT TTT TCG ACG ATT TCT GAC TTC ATC GAA TTC TCT TAC AGC TTG AAT TCC TTT CTA AAA AAA TTC AAT TTA ACA GAA AAA GAT AAA ATT TCC CAT CTC TCT GTT GGA CAA GCA CGT TGT GTC GCC TTG ATC AAG ATG TTG ATT CTG CGT CCT GAT ATT TTG ATT TTA GAT GAA CCT ACC AAT CAT TTA GAT TCT CGC ACC ATC CAT TGG ATG GAA CAA GAA TTA CTT AAT ATC AAT TCT TCT CTT ATT TTT GTC TCT CAC GAT CGT TTT TTT CTT AAA ACC TTG TCA ACA GCA ACA ATA TGG TTA GAT CGC GGT TGT TTG CAT CAT CTA AAC AAA GGA TTT TCC TTT TTT GAA CCT TGG AAA AAG AGC ATT CTA CAA CAA GAA CAA GCA CAT TAT CAT AAT TTA AAG AAA AAA AAT GAA GCA GAA GAA GAA TGG TTA CGA TAT GGA GTA ACA GCT AGA CGG AAA CGC AAT GTC CGT CGG GTC AAA GAA TTA CAA GAC ATA CGA ACA CAA TTA CAG GAA CAA AAA AGC TCT TTT CAT GGT ACA ATT CAA GCA CAT CTT CAA TCG ACT TCT TCA GGC AAA CTG GTT ATA GAA GCC GAT AAA ATT ACC AAA AAA TAT AAT GAT AAT TTC ATT GTT AAA AAT TTT TCT CTT CGA ATA CAT TGT GGT GAA CGT ATC GGC ATT GTT GGT CCT AAT GGT GCA GGG AAA ACA ACG CTC CTG AAA TTA TTA ACC GGA AAG ATA CAG CCC GAT TCC GGC TCA ATT ACT TTA GGA ACA AAT CTC AAA ATT GCG ATC ATT GAT CAA AAA CGC GAA GAT ATC AAT CCG AAC GAG TCT CTT TCT TCT TAT CTA ACA GGA GGT TAT GGA GAT AGC TTA CTG GTA CAA GGA GAA TCT CGT CAT GTT GTG GGC TAT ATC AAA GAT TTC CTT TTT CAT CCA GAT CAA GCA CAT TCT CTC ATC AAA GAT CTC TCC GGA GGA GAA AAA ATG CGT GCT ATT TTA GCA CGT GTT TTG GCT CAA CCA TTC AAC TTT TTA GTC ATG GAC GAA CCA ACA AAC GAT CTT GAT TTT GAA ACG TTA GAT TTT TTA GAA CAA ACT ATT ACT CGT TTC CAA GGA ACA ATA CTC ATT GTC AGT CAC GAT CGA GAT TTT CTA GAT CGT ACT GTA AAT TCA ACA CTT TCT ATG CAA AAT GTT GAT AAT CAT AAT GGA TGT TGG ATA AAA TAT GCT GGA GGA TAC TCT GAC ATG CTT TTA CAA CAA AAA CAG AAC AAT AAT ATT CCT CAA AAG AAT CCT CCC ACC GAA TCG AAA GAT AAA AAG AAA AAA AGT CTT TCT TAT GGT CAA AAA TTG CTT CTC GAA AAA TTG CCT CAA GAA ATA AAA AAA ATA CAC CTT AAA ATT ACT GAG AAA GAA CAA CAA TTC AAT GAT CAA AAC TTG AAG AAA TTT TCT AAG CTT TCT CAT GAG CTC AAA AAT CTT TAT CAC GAA ATC AAA GAA AAA GAA GAA AAA TGG CTT GAA CTT GAA ATG TTG CAA GAA GAA 
CLas_ACT57596.1                 ATG AGC TTA CCT ATT TTA AGA CTT GAT CAC ATT AGT GCT ACC ATA GGG GGA ATA GAT CTC CTA CAA GAT GTC TGT TTG TCC ATA AAA CCA AAA GAA CGG ATC TGC CTT GTA GGA TGT AAT GGA TCT GGA AAA TCA ACT CTT CTA AAA ATT GCA GCG GGA ATT ACA GAA CCA CAA TCA GGT AAC GTA TTT CTC CAT TCT TCT TCT AGA TTA GGA TAT CTT GAA CAA AAT CCA GAT TTA TCT CAT TTT TCG ACT ATT TCT CAA TAT ATT GAA GCG CCT TAT AGC CCC TAT TCT CTT CTC AAA AAA TTC AAC TTA AGA GAA CAA GAT CGC ATA GAG AAT CTC TCT GTT GGA CAA ACC CGT TGT GTC GCC TTG ATG AAG ATG CTC ATT TCA CGT CCG GAT ATT CTT ATT TTG GAT GAA CCT ACA AAT CAT TTG GAT TTT CGC ACG ATC CAT TGG ATG GAA CAA GAA TTA TTA AAG ATC AAT TCT GCT CTT ATT TTT GTT TCC CAC GAT CGT CGT TTT CTT GAA ACC CTA TCT ACA ACA ACA GTA TGG TTA GAC CGT GGT TGT TTA CAT CAT CTT GAT CAA GGA TTT GCT TAT TTT GAA TCT TGG AAA AAG AAT ATC CTT CAA CAA GAA CAA ATA CGT TAT CAT AAT CTC AAG AAA AAA AAT GAA GCA GAA AAA GAA TGG CTA CGC TAT GGA GTA ACA GCG CGA CGC AAA CGC AAT GTT CGT AGA GTC AAA GAA CTC CAC GAA ATA CAA AAA CAA TTG CAA GAA CAG AAA AAA TCC TTT CAC AGC ACG ATA CAA ACA CAC TTG CAA ACC ACT TCT TCT GGA AAA TTA GTC TTA GAA GCA GAT AAA ATA ACC AAA CAA TAT GAT GAT CGT TTG GTC GTT AAG GAT TTC TCT CTT CGC ATA CAT TAT GGT GAA TGC ATT GGC ATT GTT GGT CCT AAT GGC GCT GGA AAA ACA ACC TTG TTG AAG TTA TTA ACT GGA AAA ATA AAA CCC GAT TGT GGC TTC ATT ACT TTG GGA ACT AAT CTT AAA ATT GCA ACT ATT GAT CAG AAA CGC GAA GAC ATC GAT CCA GAT AAA TCT CTT GCT TCT TAT CTA ACA GGA AGT TCT GGG GAT AGT TTG ATG GTA CGA GGA GAA TCC CGT CAT GTT GCT GGC TAT ATC AAA GAT TTT CTT TTT CAT CCC GAT CAA GCA CAT TCT CTT ATG AAA CAT CTC TCT GGA GGT GAA AAA ATG CGT GCT ATT GTC GCA CGC GTC CTA GCA CAG CCC TTC AAC TTT CTC ATT ATG GAT GAA CCA ACG AAT GAT CTT GAT TTT GAA ACA CTA GAC TTC TTA GAA AGA ACC ATC ACT CAA TTG CAA GGA ACC ATC CTC ATT GTG AGT CAC GAT CGA GAT TTT CTA GAT CGT ACT GTC ACT TCT ACA ATT GCT GCA CAA AAT ATT GAA GAT CCC AAC GGA TAC TGG ATA AAA TAT GCT GGA GGA TAC TCT GAT ATG CTG GTA CAG CAA AAA AAG AGC CAT CCT ACT CCT CAG AAA AAT CCC CCT GCA CAA TCG AAA CAA AAA AGA AAG AAC CGC CTT TCC TAC AGT CAG AAA TTG CTT CTC GAA AGA CTT CCT CAA GAA ATA CAC AAA ATA CAG CTA AAA ATC ACT GAA AAA GAA CAA CAA ATA AAC GAT CAA AAC CTT AAA GAA ATT CAC CAG CTT TAT CAT GAT CTT GAT CAG ATG TAC CAA GAT GTC AAA GAG AAA GAA GAA CAA TGG CTC ACA CTC GAA ATA ATG CAA GAA GAA 



Printing out site pattern counts


         4       1311  P

CLaf_AKK20592.1                 AAA AAA AAA AAA AAA AAA AAA AAA AAA AAA AAA AAA AAA AAA AAA AAA AAA AAA AAA AAA AAC AAC AAC AAC AAC AAG AAG AAG AAG AAG AAG AAG AAT AAT AAT AAT AAT AAT AAT AAT AAT AAT AAT AAT AAT AAT AAT AAT AAT AAT AAT AAT AAT AAT AAT AAT AAT ACA ACA ACA ACA ACA ACA ACA ACA ACA ACA ACA ACA ACA ACC ACC ACC ACC ACC ACG ACG ACG ACG ACT ACT ACT ACT ACT ACT ACT ACT AGA AGA AGA AGA AGA AGC AGC AGT AGT AGT AGT ATA ATA ATA ATA ATA ATA ATA ATA ATA ATA ATA ATA ATA ATA ATA ATC ATC ATC ATC ATC ATC ATC ATC ATC ATC ATC ATC ATG ATG ATG ATG ATG ATG ATG ATG ATG ATT ATT ATT ATT ATT ATT ATT ATT ATT ATT ATT ATT ATT ATT ATT ATT ATT ATT ATT ATT CAA CAA CAA CAA CAA CAA CAA CAA CAA CAA CAA CAA CAA CAA CAA CAA CAA CAA CAA CAA CAA CAA CAA CAA CAA CAA CAC CAC CAC CAC CAG CAG CAG CAG CAT CAT CAT CAT CAT CAT CAT CAT CAT CAT CAT CAT CCA CCA CCA CCC CCC CCC CCG CCT CCT CCT CCT CCT CGA CGA CGA CGA CGC CGC CGC CGC CGG CGT CGT CGT CGT CGT CGT CGT CGT CTA CTA CTA CTA CTA CTA CTA CTA CTC CTC CTC CTC CTC CTC CTC CTC CTG CTT CTT CTT CTT CTT CTT CTT CTT CTT CTT CTT GAA GAA GAA GAA GAA GAA GAA GAA GAA GAA GAA GAA GAA GAA GAA GAC GAC GAC GAT GAT GAT GAT GAT GAT GAT GAT GAT GAT GAT GCA GCA GCA GCA GCA GCC GCC GCC GCC GCG GCG GCT GCT GCT GCT GCT GCT GCT GCT GCT GCT GCT GGA GGA GGA GGA GGA GGA GGA GGA GGC GGC GGC GGC GGG GGG GGG GGT GGT GGT GGT GGT GGT GTA GTA GTA GTA GTA GTA GTA GTC GTC GTC GTC GTC GTG GTT GTT GTT GTT GTT GTT GTT TAC TAC TAC TAT TAT TAT TAT TAT TAT TAT TAT TAT TAT TAT TCA TCA TCA TCA TCA TCC TCC TCC TCC TCC TCG TCT TCT TCT TCT TCT TCT TCT TCT TCT TCT TCT TCT TCT TCT TCT TCT TCT TCT TCT TGC TGC TGC TGG TGT TGT TGT TGT TTA TTA TTA TTA TTA TTA TTA TTA TTA TTA TTA TTA TTA TTA TTA TTA TTA TTA TTA TTC TTC TTC TTG TTG TTG TTG TTG TTG TTG TTT TTT TTT TTT TTT TTT TTT 
CLam_WP_007557398.1             ... ... ... ... ... ..C ..G ..G ..G ..T ..T .C. .CT .G. .T. C.. C.G C.G G.. TCT ..A ..T ..T G.A GGT ..A ... ... ..T .GA .GA .TC ..A ..C ... ... ... ... ... ... ... ... .CA .GA .G. .TA C.. C.. G.A G.A G.A G.. G.. G.. G.. GGA GG. .AG .AT ... ... ... ..G ..T ..T ..T ..T .TT G.T T.. ..A ..A ..T .GT T.T ..A ..T CAA GAA .AG ..A ... ... ... .T. .T. TT. ... ... ..G ..T C.C .AT ..T .A. .A. ... G.C ... ... ... ... ... ... ..T ..T C.T G.T TGC T.. T.. T.. T.G ..A ..A ..A ..A ..A ... ..T ..T ..T CAT G.A T.A ..A ..A ..C ... ..T ..T C.T C.T TCT ..A ..A ..C ..C ..C ... ... ... ... ... ... ... ... C.. C.. G.. G.. T.A T.A T.A A.. A.. A.. A.. A.. A.. A.G A.T A.T AG. AG. ATT ... ... ... ... ..G ..G ..G ..T .GG .GT G.. G.T G.T G.T A.A A.T ... G.T G.A G.T T.T TGT A.A A.. AG. ..A ..C ... ... ... .T. GCA T.. T.. ATT ... ..T ..A ..T ..T ... AAG ..A ..G ... TT. AAG A.. A.. A.G ..A ... ..T ..T ..T A.A ATA ATC .A. .A. ..A ... ... A.G ..T ..T GC. T.. T.. T.. T.. ..A ..A ..A ... ... ..T TCA T.A T.T A.A A.. ..A ..G ... ... ... ... GA. T.A T.. A.. A.. A.. A.G C.. C.T ... ... ... ... ... ... ..G ..T .GG ..T ..T ..T A.. A.. A.. C.. ..A ..A ..C ..G ... ... T.. ... ..T ..T T.. TTG ..A ..A ..T T.A ..A ..A ATG ..A ..A ..A ... ... .GA .GG T.A T.. T.. .CT ... ... ..C ..C ..G ..T ..T ..A ... ..T ..T ..A ..C ..T ..A ..A ..C ..C ... ... A.. A.. ... ... ... ... ..T ..A ..G ..T T.A T.. AAA A.A ..A ..A ... ... ... T.G C.A ..T ..T C.C C.. CGA G.. ... ... ... ... ... .CA .G. A.. G.. G.T ... ..T ..A ..A ..A ..G ..T ..T AAA AAA AA. A.. C.. G.. ..A ..A ... ... ... ... ... ... ... ... ... ... .TA C.A C.T ..T ... ..C ... ... .TA A.C A.T C.. C.. C.C C.T C.T G.. ... ... ... ... ... ... ... ... ..G ..G ..T ..T ..T ..T C.T ..A ..A ... ..T ..T ..T .A. .A. .CA ..C ... ... ... 
CLso_ADR52588.1                 ... ... ... ..G G.. ..G ... ... .G. ... ... ..C ..T ... ... C.. ... C.. C.. C.G .G. ..T G.T ..A GGA ..A ... C.. ..T ... CGA ..A CG. ... ..C ..C ..C ... ... ... ... G.. .CA GG. ... .CC ... ... ..C C.. G.A ..C ... ... G.. .GC G.. ... ..C ... ... ... ..G .AT ... ... ..G ... G.. G.. ..A ..A ... ..T T.T ..C ... CA. ..A ..A ... ..C ... T.. ... ... .T. C.. C.G ... .A. ... .A. ... .AC ..C ... G.. ... ... ... ... ..T T.. ..T ..T C.T ..C .AT T.. T.. T.C GC. ... ... ... ..T ..T ... ... ..T C.. T.. ... ..T ..A ... ..C ... ... C.. ... C.A T.. ... ... ..C C.. G.C ..C ..C ... ... ... C.. C.. G.. ... C.. ... G.. ..A ..C ... A.. A.. A.G A.T ... ... ... ... ... A.G ... G.. ... ... ... ..C ... ... G.T ..C ... .GT A.. A.. A.G ... A.G ..T ... ..T ..A .CC T.T A.T ... ... A.. ... ... ..C ... TT. ... T.. ... TC. ..G ... ... ..A ... ..T ..A ... .A. ... ... ..A AA. ... ..C ..G ..A ... ... ..T ..T ... ..C AA. .A. ... ... ... ... ..G ... ..C ..T ... ... ..T T.. ... ..T T.A ... ... ..T TCA ..T T.. ... ... ... ..C ..C ... T.A T.G .C. ..C ... A.. ... ..G ..T ... C.. C.. ... ... ... ..C ..G ... ... ... ... ... ..T A.. C.. ... C.. ..A ... ... ..G ... ... ... ..T ... ..C ... TT. ... ..T ..T C.A ..A ... .TG ..A ... T.. ..G T.. AAA .GA T.C ... T.. TCT ... ... ... ..C ... ... ..C ... ..T ..A ..G ..A ..A ..A ..A ... ..A ... ..A ... A.. A.. A.. ... ... ..G ... ... ... ..T ... T.T ACC ... ... ... ..C ..C ... A.G A.A ... ..T C.. C.. .G. C.. ..C ... ... .G. .TC .C. .C. G.. G.. ..G ... .TC ..A ..A ..T ..A ..T ..A A.. AG. ... A.. ... CA. ... ... A.. C.. ..A ..C ..C ..C ..G ..G ... ... C.. .TT ..T ... ... ... .CG ... .TG C.T ... ... ... ... C.C ... ..G C.. C.G C.G ... ... ... ..G ..G C.. ... ... ... ... ..T ... ... ... ..A ..C ... ..T .C. ... ... ... ..C ... ... 
CLas_ACT57596.1                 ... ..G G.. ... .C. ... ... C.. ... ... ..C ..C T.T ... ... C.. ... C.. .G. C.. ..A ..T C.T ..A GGA ..A ... ... ... ... C.A ... C.A ... ..C ... G.. ..C ... .G. G.. G.. .GA .GC ... .CC ... G.. ... C.C G.A G.. C.. G.. G.C ... G.. .G. ..C .A. ... ..C ..T ..T ... ..G ..C ... ... ... ..A ..T ..T ..T T.. ... ..A .AA ... .AC ... ..A ... T.. ..C ... ... C.. C.C ... ... C.. ... ... ..C ... ... ... .C. ... ..C T.. ... T.. ... ..C ..G G.C .AC G.C T.. ... ... .CT ... ..T ... ..T ... ..G ..T C.. GCG G.. ... ..A ..A ... ... ... ... ... C.T ... ..A ... ... T.G ... ..C ... ..C ... G.C ... C.. ... ... C.C ... G.C ... ..C ... A.. ... AG. ..G ... ..G ... ... .G. ..G ... ... ... ..C ..G ... ... ..G ... ..G ... .GT ... ... A.G ... A.A ... ... A.T ... .CT T.C .CT ... ... ... ... ... ..C ... T.. ... TC. ... ..C ... ... ... ... ... ..G ..A ..C ..C ... ... ..A ..C ..C ..T A.. ... ... ... ... T.C ... ..C ... ... ... ... ..G ... TC. ... T.G ... ..C ..T ... ..T ... ... ... ... ..T ..T T.. ..T ..C ... ..G ... ... ..C ... ..C ... TC. ... ... ... ... A.. ... ... C.. C.. A.. ... ..T ... ... ... ... ... C.A ..T ..T ... C.. ... C.. ..G ... ... ... ..C ... ..C ..G ... ... ..T .T. ... ..T ..G C.. ..A ..A ... ..A ... ... ... ... .A. .GA ... ..A ... TCT ... ..G ... ..C ... ... ... ... ... ..A ..A ..A ..T ..A ..A ... ..G ... ... ... A.. ... A.. ... ..C ... ... ... ..T ... ... A.T .CA ... A.A ... ..G ... ... .CA C.. ... ..T C.. C.C ..C C.. ... ..C ... ... ... ... .C. G.. A.C ..G ..T .TG ..A ..T ... ... ..T ..A A.. CGC C.. A.C ... ... ..C ... A.. ... ... GAG ... .G. A.C ..G ..C ... C.. C.T ..T ... ... ... ... ... CT. ... ... C.. ..G ... C.C ... ... C.. ... ..G C.C ... ..G CCC C.T C.. ... ..G ... ..T ..T ... C.A ... C.A ... ... C.T ... ..A ... ... ..C ..C ... 

   17    2    1    1    1    1    3    1    1    1    1    1    1    3    1
    1    1    1    1    1    1    2    1    1    1    1    1    1    1    1
    1    1    1    1    1    1    1    2    5    1    1    1    1    1    1
    1    1    1    1    1    1    1    1    2    1    1    1    1    1    1
    2    1    1    1    1    1    1    1    1    1    2    1    1    1    1
    1    1    1    1    1    1    1    1    1    1    1    1    1    1    1
    1    1    1    1    1    1    1    2    1    5    1    1    1    1    1
    1    1    1    1    1    1    1    1    1    1    1    1    1    1    1
    1    1    1    1    1    1    1    1    4    1    1    1    1    1    1
    2    1    1    1    1    1    1    6    1    1    1    1    1    1    1
    1    1    1    1    2    1    1    1    4    2    1    1    1    1    1
    1    5    1    2    1    2    1    1    1    1    1    1    1    1    1
    1    1    1    1    1    1    1    1    1    1    1    1    1    1    1
    1    1    1    1    1    1    1    1    1    1    1    1    1    1    2
    2    1    1    1    1    1    1    1    1    1    1    1    1    1    1
    1    1    1    3    1    1    1    1    1    1    1    1    1    1    1
    1    1    2    1    1    1    1    1    2    1    1    4    1    1    1
    1    1    1    2    1    1    1    1    1    1   16    1    1    2    7
    2    1    1    2    2    1    1    2    1    1    2    1    1    1   12
    1    1    1    1    1    1    1    1    1    1    1    1    1    1    1
    1    1    1    1    1    1    1    1    1    7    1    1    1    1    3
    1    2    1    1    1    1    1    1    1    1    1    1    1    1    1
    1    1    2    1    1    1    1    1    1    1    1    1    1    1    1
    1    1    2    1    1    1    1    1    1    1    1    1    1    6    1
    1    1    1    1    1    1    1    1    1    1    1    1    1    1    1
    1    1    1    1    1    1    1    1    1    1    1    2    1    1    1
    1    6    1    1    1    1    6    1    1    1    1    1    1    1    1
    1    1    2    1    1    1    1    2    2    3    1    1    1    1    1
    1    1    1    1    2    1    1    1    1    1    1    1    1    1    1
    2    8

CODONML (in paml version 4.9i, September 2018)  C:\PycharmProjects\project_2_paml\paml_geno\paml_geno_9.fas
Model: One dN/dS ratio, 
Codon frequency model: Fequal
Site-class models: 
ns =   4  ls = 581

Codon usage in sequences
------------------------------------------------------------------------------------------------------
Phe TTT  15  22  18  13 | Ser TCT  25  24  23  21 | Tyr TAT  16  18  10  13 | Cys TGT   4   5   5   5
    TTC   3   2   8   5 |     TCC   5   0   5   5 |     TAC   3   0   2   4 |     TGC   3   2   1   2
Leu TTA  24  31  23  14 |     TCA   5  13   7   3 | *** TAA   0   0   0   0 | *** TGA   0   0   0   0
    TTG   8   6  12  13 |     TCG   1   1   4   2 |     TAG   0   0   0   0 | Trp TGG   6   6   6   6
------------------------------------------------------------------------------------------------------
Leu CTT  15  21  21  22 | Pro CCT   7   6   9   8 | His CAT  12  12  18  14 | Arg CGT  10   9  11  11
    CTC   9   3   9  13 |     CCC   3   0   2   6 |     CAC   4   3   4   8 |     CGC   4   2   4   9
    CTA   8   7   6   9 |     CCA   3   3   6   5 | Gln CAA  37  14  29  31 |     CGA   4   4   4   3
    CTG   1   1   4   1 |     CCG   1   3   1   1 |     CAG   4   6   3   9 |     CGG   1   1   2   1
------------------------------------------------------------------------------------------------------
Ile ATT  26  27  22  21 | Thr ACT   8  11   8  12 | Asn AAT  31  32  27  14 | Ser AGT   5   6   2   5
    ATC  12   8  12   9 |     ACC   6   0   6   8 |     AAC   6   2   8   7 |     AGC   2   0   4   4
    ATA  19  27  13  15 |     ACA  14  12  14  12 | Lys AAA  41  45  44  39 | Arg AGA   5  13   3   7
Met ATG  12   6   8  11 |     ACG   4   1   3   3 |     AAG   7  13   8   8 |     AGG   0   2   0   0
------------------------------------------------------------------------------------------------------
Val GTT   8   9   8   6 | Ala GCT  11   9   5   9 | Asp GAT  24  32  27  33 | Gly GGT   6  11   7   5
    GTC   5   0   6   9 |     GCC   4   0   2   1 |     GAC   5   1   4   3 |     GGC   5   8   4   4
    GTA   8  10   4   6 |     GCA   5  11   9   9 | Glu GAA  39  33  35  36 |     GGA  16  15  22  20
    GTG   1   1   2   1 |     GCG   2   0   2   3 |     GAG   0   8   4   2 |     GGG   3   3   1   2
------------------------------------------------------------------------------------------------------

Codon position x base (3x4) table for each sequence.

#1: CLaf_AKK20592.1
position  1:    T:0.20310    C:0.21170    A:0.34079    G:0.24441
position  2:    T:0.29948    C:0.17900    A:0.39415    G:0.12737
position  3:    T:0.38382    C:0.13597    A:0.39243    G:0.08778
Average         T:0.29547    C:0.17556    A:0.37579    G:0.15318

#2: CLam_WP_007557398.1
position  1:    T:0.22375    C:0.16351    A:0.35284    G:0.25990
position  2:    T:0.31153    C:0.16179    A:0.37694    G:0.14974
position  3:    T:0.43718    C:0.05336    A:0.40964    G:0.09983
Average         T:0.32415    C:0.12622    A:0.37980    G:0.16982

#3: CLso_ADR52588.1
position  1:    T:0.21343    C:0.22892    A:0.31325    G:0.24441
position  2:    T:0.30293    C:0.18244    A:0.38382    G:0.13081
position  3:    T:0.38038    C:0.13941    A:0.37694    G:0.10327
Average         T:0.29891    C:0.18359    A:0.35800    G:0.15950

#4: CLas_ACT57596.1
position  1:    T:0.18244    C:0.25990    A:0.30120    G:0.25645
position  2:    T:0.28916    C:0.18589    A:0.38038    G:0.14458
position  3:    T:0.36489    C:0.16695    A:0.35972    G:0.10843
Average         T:0.27883    C:0.20425    A:0.34710    G:0.16982

Sums of codon usage counts
------------------------------------------------------------------------------
Phe F TTT      68 | Ser S TCT      93 | Tyr Y TAT      57 | Cys C TGT      19
      TTC      18 |       TCC      15 |       TAC       9 |       TGC       8
Leu L TTA      92 |       TCA      28 | *** * TAA       0 | *** * TGA       0
      TTG      39 |       TCG       8 |       TAG       0 | Trp W TGG      24
------------------------------------------------------------------------------
Leu L CTT      79 | Pro P CCT      30 | His H CAT      56 | Arg R CGT      41
      CTC      34 |       CCC      11 |       CAC      19 |       CGC      19
      CTA      30 |       CCA      17 | Gln Q CAA     111 |       CGA      15
      CTG       7 |       CCG       6 |       CAG      22 |       CGG       5
------------------------------------------------------------------------------
Ile I ATT      96 | Thr T ACT      39 | Asn N AAT     104 | Ser S AGT      18
      ATC      41 |       ACC      20 |       AAC      23 |       AGC      10
      ATA      74 |       ACA      52 | Lys K AAA     169 | Arg R AGA      28
Met M ATG      37 |       ACG      11 |       AAG      36 |       AGG       2
------------------------------------------------------------------------------
Val V GTT      31 | Ala A GCT      34 | Asp D GAT     116 | Gly G GGT      29
      GTC      20 |       GCC       7 |       GAC      13 |       GGC      21
      GTA      28 |       GCA      34 | Glu E GAA     143 |       GGA      73
      GTG       5 |       GCG       7 |       GAG      14 |       GGG       9
------------------------------------------------------------------------------


Codon position x base (3x4) table, overall

position  1:    T:0.20568    C:0.21601    A:0.32702    G:0.25129
position  2:    T:0.30077    C:0.17728    A:0.38382    G:0.13812
position  3:    T:0.39157    C:0.12392    A:0.38468    G:0.09983
Average         T:0.29934    C:0.17240    A:0.36517    G:0.16308

Codon frequencies under model, for use in evolver (TTT TTC TTA TTG ... GGG):
  0.01639344  0.01639344  0.01639344  0.01639344
  0.01639344  0.01639344  0.01639344  0.01639344
  0.01639344  0.01639344  0.00000000  0.00000000
  0.01639344  0.01639344  0.00000000  0.01639344
  0.01639344  0.01639344  0.01639344  0.01639344
  0.01639344  0.01639344  0.01639344  0.01639344
  0.01639344  0.01639344  0.01639344  0.01639344
  0.01639344  0.01639344  0.01639344  0.01639344
  0.01639344  0.01639344  0.01639344  0.01639344
  0.01639344  0.01639344  0.01639344  0.01639344
  0.01639344  0.01639344  0.01639344  0.01639344
  0.01639344  0.01639344  0.01639344  0.01639344
  0.01639344  0.01639344  0.01639344  0.01639344
  0.01639344  0.01639344  0.01639344  0.01639344
  0.01639344  0.01639344  0.01639344  0.01639344
  0.01639344  0.01639344  0.01639344  0.01639344


Model 7: beta (10 categories)


TREE #  1:  (2, 3, (1, 4));   MP score: 735
lnL(ntime:  5  np:  8):  -5657.831601      +0.000000
   5..2     5..3     5..6     6..1     6..4  
 1.049872 0.231785 0.206746 0.353316 0.381267 1.554588 0.550155 1.852331

Note: Branch length is defined as number of nucleotide substitutions per codon (not per neucleotide site).

tree length =  2.222986

(2: 1.049872, 3: 0.231785, (1: 0.353316, 4: 0.381267): 0.206746);

(CLam_WP_007557398.1: 1.049872, CLso_ADR52588.1: 0.231785, (CLaf_AKK20592.1: 0.353316, CLas_ACT57596.1: 0.381267): 0.206746);

Detailed output identifying parameters

kappa (ts/tv) =  1.55459

Parameters in M7 (beta):
 p =   0.55016  q =   1.85233


MLEs of dN/dS (w) for site classes (K=10)

p:   0.10000  0.10000  0.10000  0.10000  0.10000  0.10000  0.10000  0.10000  0.10000  0.10000
w:   0.00212  0.01575  0.04040  0.07598  0.12326  0.18393  0.26105  0.36037  0.49461  0.70651

dN & dS for each branch

 branch          t       N       S   dN/dS      dN      dS  N*dN  S*dS

   5..2       1.050   1273.2    469.8   0.2264   0.1822   0.8047  231.9  378.0
   5..3       0.232   1273.2    469.8   0.2264   0.0402   0.1776   51.2   83.5
   5..6       0.207   1273.2    469.8   0.2264   0.0359   0.1585   45.7   74.4
   6..1       0.353   1273.2    469.8   0.2264   0.0613   0.2708   78.1  127.2
   6..4       0.381   1273.2    469.8   0.2264   0.0662   0.2922   84.2  137.3


Time used:  0:10


Model 8: beta&w>1 (11 categories)


TREE #  1:  (2, 3, (1, 4));   MP score: 735
lnL(ntime:  5  np: 10):  -5657.525899      +0.000000
   5..2     5..3     5..6     6..1     6..4  
 1.058649 0.232443 0.208992 0.354518 0.383608 1.557309 0.988478 0.623424 2.254955 1.751035

Note: Branch length is defined as number of nucleotide substitutions per codon (not per neucleotide site).

tree length =  2.238211

(2: 1.058649, 3: 0.232443, (1: 0.354518, 4: 0.383608): 0.208992);

(CLam_WP_007557398.1: 1.058649, CLso_ADR52588.1: 0.232443, (CLaf_AKK20592.1: 0.354518, CLas_ACT57596.1: 0.383608): 0.208992);

Detailed output identifying parameters

kappa (ts/tv) =  1.55731

Parameters in M8 (beta&w>1):
  p0 =   0.98848  p =   0.62342 q =   2.25495
 (p1 =   0.01152) w =   1.75104


MLEs of dN/dS (w) for site classes (K=11)

p:   0.09885  0.09885  0.09885  0.09885  0.09885  0.09885  0.09885  0.09885  0.09885  0.09885  0.01152
w:   0.00331  0.01954  0.04525  0.07976  0.12362  0.17831  0.24670  0.33439  0.45420  0.65228  1.75104

dN & dS for each branch

 branch          t       N       S   dN/dS      dN      dS  N*dN  S*dS

   5..2       1.059   1273.1    469.9   0.2314   0.1862   0.8045  237.0  378.0
   5..3       0.232   1273.1    469.9   0.2314   0.0409   0.1766   52.0   83.0
   5..6       0.209   1273.1    469.9   0.2314   0.0368   0.1588   46.8   74.6
   6..1       0.355   1273.1    469.9   0.2314   0.0624   0.2694   79.4  126.6
   6..4       0.384   1273.1    469.9   0.2314   0.0675   0.2915   85.9  137.0


Naive Empirical Bayes (NEB) analysis
Positively selected sites (*: P>95%; **: P>99%)
(amino acids refer to 1st sequence: CLaf_AKK20592.1)

            Pr(w>1)     post mean +- SE for w

    91 I      0.552         1.230


Bayes Empirical Bayes (BEB) analysis (Yang, Wong & Nielsen 2005. Mol. Biol. Evol. 22:1107-1118)
Positively selected sites (*: P>95%; **: P>99%)
(amino acids refer to 1st sequence: CLaf_AKK20592.1)

            Pr(w>1)     post mean +- SE for w

    91 I      0.752         1.320 +- 0.406
   199 L      0.567         1.144 +- 0.467
   364 H      0.616         1.192 +- 0.460
   442 N      0.633         1.210 +- 0.453
   496 Q      0.653         1.232 +- 0.442
   513 S      0.675         1.251 +- 0.439
   559 A      0.518         1.096 +- 0.479



The grid 

p0:   0.050  0.150  0.250  0.350  0.450  0.550  0.650  0.750  0.850  0.950
p :   0.100  0.300  0.500  0.700  0.900  1.100  1.300  1.500  1.700  1.900
q :   0.100  0.300  0.500  0.700  0.900  1.100  1.300  1.500  1.700  1.900
ws:   1.500  2.500  3.500  4.500  5.500  6.500  7.500  8.500  9.500 10.500


Posterior on the grid

p0:   0.000  0.000  0.000  0.000  0.000  0.000  0.000  0.000  0.000  1.000
p :   0.000  0.308  0.692  0.000  0.000  0.000  0.000  0.000  0.000  0.000
q :   0.000  0.000  0.000  0.000  0.000  0.035  0.153  0.099  0.083  0.630
ws:   0.985  0.014  0.001  0.000  0.000  0.000  0.000  0.000  0.000  0.000

Time used:  0:37
