      7   1050

CLaf_AKK20503.1                 GTA TTA GGC TTT TTG CGT CTA AAA AAA TGT AAC AGC GGT TCT TTT TTC ATT GTC ACA GCT GTT TTA TTG TCT AGT TTC TTG TCT ATA GCC GAT GTC TTG TTA GAT TTT ATG GCG GTC ATG CAG ACA AAT TAT ATG CTT CAT TCT GTT GTT TAT ATA CAT ATA AAT GAT TTA TAT TTA ACG GGG GAG AAA GAA GTG GAG GCT GTT AGA AAG CGC ATA AAA CAA TTT TTT TAC GTC AAT GAT TTC TCA TTA AGC AAA GAA AAT ATA GAT TCA GCT ATT AAT AAT GCT TCT ATT GTC ATT AAA AAG AAG AGC GAA TCT CCT TTA GAG TTT CAC GTT ACA ATT GAT ATG GTG ATG GAT GTT GAG TTA AAA GGA TTC TTT CTG AAA ATA TTA TCA CAA AAA AGT AGT GTT AAA ATT TTC TCG CAA AAA AAA ATT TCA TAT AAA CAA GAG CCT TCT ATA ATG GGC ATT TTC TTT ACA TGG GAA AGT GAT GCA ATG AAT GCA GGG GCT GGA GTC TAT GGA CTG AAA TAT TCT TTT ATC AAA GAT ATT ATA TTA AAT ATA GAA TAC ATT CCA TTA TGT ATA GCT CCA TAT AAT TTT TCT GGC ATA AGT TAT TGG TAT AAA GGA TTT TTT CAA TAT GAT AAA AAT AGT TCG TCT CGA TAC CGC ACT AGA TGG AAT ATT ACT AAA TCC TCT TTT GAT GAT TTC AAG GAA CCT GGA TAT GTG ACA AAT TCT CGT GAA AGG ATC AAT CCT TGT TTT CCT GAG AAT GGG AAA CAA CAA AGA AAT ATG CTG ATA GTA GCA ATG GGA GGT GAG CTT ACT ACG GGT TAT TTA ACT AAT CAA CAG ATG TCA CAA GCT TGC TTT GAT ATT CAT GTA TAT AAA AAT TAT GAT AAA AAG CAT AAT GTA GTA TCT ATA GGG ATT GAG CCA GAT ATG ACT ACA CGT AAT ATT TTA AAA AAA TGT AGC ACC TCT TCT AAA TAT TAT GAG ATT GAT AAG GAT GGA AAG ACT TAT CCG ATG ATC CGT GAA ATT GCA AAA CAT ATT AAG AAG CTA GTT TCG GAT AAT TTT ACG GTT 
CLam_WP_007557508.1             TTA TTA TCT CTT TCA CGT TTA AAA AAA TGT AAG AGC GGT GCT TTT GTT ATA GTT TTT GTA ATA TTT TTT TCC AGT TTT TTA ACT GTT GCA GAT ACT ATT TTT GAT ATA CTT GAA ATT TTA AAT TCA AAA AAT AAT TTG GAT TAT ATT TGC TAT TCA CTT TCT GAA TCA CTT CAT AGT TCC GAT GAA GGG AGA AAA ATA ATA ATT AAA AAA AAT ATT AAA AAA AAT TTG ATT AAT AAT TAT CCA AAA TTT TCT AAA GGA GAT ATT GAT TAT ATA GTT AAT AAT GCA GTC ATA TAT TTT AAT GAA AAG CCT TCT GTA TCT GAT TAC TTT TCG GTT GGA TTA ACA ATT GAA CTC AAG TTA AAA CTC AGA TCT TTT ATT TTT AAT TCT TTT ATT AAA AAA GAT ACA CTT AAT ATT GTA TCT CAT AAA AAA TTA TCA GCT AAA TAT AAT ATA TCT TTG CTT GTT ATT CCG TTT AGA TGG ATA GAT GAT AAC CTA AAT AAT AAT ATT AGC AGA TTA AAT TCT AGA TAT AAA TTT TTT AAT AGT TTT TTC CCA AAT ATT GAA CAT GAT AGA CTT TGT ATT GCT CCA TAC GAT TAT GAT TAT ATG AGT TTT TGG GGG GAG GGT GCT TTT ACT TAT TAT GGG CTT CAA TCT CAA ACC TAC AGA GCA TAT TGG GAT GTT AAA CCT TAT CGT AAT GTG CGA TTA AAA TTG CTA GGC TTT AAA CAT AAT GGT CAT AGT AAA GCA AAT GAT TGT TTT GGG CAT ACT ATT AGG CAA GTA AAA CTA ATG TTA ATA GTT GCA GAA GAC GAT CAA TTT TCA TAT CCT GTT AAG TTT AGA GAT AAA CTC AAA TTG ATG TGT AAT TCC TTA AAT GAT GGA ACA AAT GGT CAA GAT ATA ATC AAA ATA TTT TCT TTA GGA ATT TCC CCA GAT GAT TAC ACT AGA GAT ACA TTA AGA ATG TGT TCT GGA AAT GAT AGG TAT TTT GAA ATA AAT ACT AAT CAA GAA ATT AAA GAA GTA TCT AAT TCT TTG GGA TTA AGC ATA ATT AAT GAA ATT AAT AAA CGA GTG CAT TTA 
CLas_ACT56608.1                 TTA TTA GGC GTT TTG CGT CTA AAA AAG TGC ACG CGT GGT GTT TTT TTA GTT ATT ACA GCT ATT TTA TTG TCT TCT TTT GTC GCC ATA GTA GAT GTT GTG GTA GAT CAG GTG ACG GTG ATG CAG AAA ACA GCT TTG CTT GAT CAT GTT ATT TAT ACT TCT CCA AAA AAT TTA TAT TTA AGG GAA GCG GGT AGA GAT AAT TTT ATA AGA CAT CAA ATT GAA AAG GCT TTA AAT ACT TAT AAT TCC AGA TCA AAT ATT GGG AGT ATA GAA TCA ATC GTT AAA GAT GCT GTT ATT TTA ACG AAA AAT GTT AAT TCT TTG CCT TTA CAA TTT ACT GTC GAC ATC GCC CTT TCG ACA ACG GTT CAA TTG CGA GGA TCT CTT TTG CAG ATG TTT TCG CAA AAG GGT AAA GTT GAT ATT TCT CGT CGA AAA AAA GTT ATG TAT AAA CAA AAT ATT GGT TTA ATG ATT ATG CCT TTT GCA TGG GAT GGC TAT TGG CTA GCT TCA AGA GGA AAG GTT GCA GAC TCA AGA AAT ACG CTT GTG AAA AAT TTT CTC TCA CAA ATT CCT TAT AAA AAT TTC TGT ATG GCT CCT TAC CAT TAT AAG AGT ATT TTT TAT TGG GCA TTT GAA AAT TTT CAG TAT CAT CAA GAC AAT AAC ATG CTT TAC CGT ATT ACA TGG GAT CAT TTT CCT TAT TCA TTT ATC AAG TTT GAC ATG ACT TCC AAT CAA TTT GGA GAT TTG ACT AAT ACC AAT CAT TGC TTT CCT CAT GGA GCA AGT CAT AGT AAA TAT ATG TTG ATG TTT GCG ATA GGA AAT CAG CTA TCT CGA AGT TCA GTA GGG AAA GAA AGA ATT TTG CAA GAC TGC TAT TAC ATG CAT AAG CAT AGA ACT GGA AGA GGT GCA ATT ACC ATA TTT TCT GTA GGA TTT TCT CCG GAT CAA GAT ACG CGA TAT ACT TTA AGA CAA TGT AGT GAT CCA TCT AAA TAT TAT GAA ATT AAT TCT GAC GAG AAT GTC ATG CCT ATA GCC AAA AGT CTT GCA CGT AAT GTT ATA ACT AAT TGG TTT AGT CAG TTT ACA ATT 
CLas_ACT57387.1                 TTA TTA GGC GTT TTG CGT CTA AAA AAG TGC ACG CGT GGT GTT TTT TTA GTT ATT ACA GCT ATT TTA TTG TCT TCT TTT GTC GCC ATA GTA GAT GTT GTG GTA GAT CAG GTG ACG GTG ATG CAG AAA ACA GCT TGG CTT GAT CAT GTT ATT TAT ACT TCT CCA AAA AAT TTA TAT TTA AGG GAA GCG GGT AGA GAT AAT TTT ATA AGA CAT CAA ATT GAA AAG GCT TTA AAT ACT TAT AAT TCC AGA TCA AAT ATT GGG AGT ATA GAA TCA ATC GTT AAA GAT GCT GTT ATT TTA ACG AAA AAT GTT AAT TCT TTG CCT TTA CAA TTT ACT GTC GAC ATC GCC CTT TCG ACA ACG GTT CAA TTG CGA GGA TCT CTT TTG CAG ATG TTT TCG CAA AAG GGT AAA GTT GAT ATT TCT CGT CGA AAA AAA GTT ATG TAT AAA CAA AAT ATT GGT TTA ATG ATT ATG CCT TTT GCA TGG GAT GGC TAT TGG CTA GCT TCA AGA GGA AAG GTT GCA GAC TCA AGA AAT ACG CTT GTG AAA AAT TTT CTC TCA CAA ATT CCT TAT AAA AAT TTC TGT ATG GCT CCT TAT CAT TAT TCT TCT ATT CTT TAT TGG GCA GTC GGA ACC TTG ACG TAT AGC GTG GAT AAC AAG ACG ACT TAC TAT GCT ACA TGG GAT CAT TTT CCT TAT TCA TTT ATC AAG TTT GAC ATG ACT TCC AAT CAA TTT GGA GAT TTG ACT AAT ACC AAT CAT TGC TTT CCT CAT GGA GCA AGT CAG AAT AAA TAT ATG TTG ATG CTT GCG ATA GGA AAT CAG CTA TCT CGA AGT TCA GTA GAG AAA GAA AAA GTT CTG CAA GAC TGC CAT TAC ATG CAT AAG CAT AGA ACT GGA AGA GAT GCA ATT ACC ATA TTT TCT GTA GGA TTT TCT CCG GAT CAA GAT ACG CGA TAT ACT TTA AGA CAA TGT AGT GAT CCA TCT AAA TAT TAT GAA ATT AAT TCT GAC GAG AAT GTC ATG CCT ATA GCC AAA AGT CTT GCA CGT AAT GTT ATA ACT AAT TGG TTT AGT CAG TTT ACA ATT 
CLas_ACT57402.1                 TTA TTA GGC GTT TTG CGT CTA AAA AAG TGC ACG CGT GGT GTT TTT TTA GTT ATT ACA GCT ATT TTA TTG TCT TCT TTT GTC GCC ATA GTA GAT GTT GTG GTA GAT CAG GTG ACG GTG ATG CAG AAA ACA GCT TGG CTT GAT CAT GTT ATT TAT ACT TCT CCA AAA AAT TTA TAT TTA AGG GAA GCG GGT AGA GAT AAT TTT ATA AGA CAT CAA ATT GAA AAG GCT TTA AAT ACT TAT AAT TCC AGA TCA AAT ATT GGG AGT ATA GAA TCA ATC GTT AAA GAT GCT GTT ATT TTA ACG AAA AAT GTT AAT TCT TTG CCT TTA CAA TTT ACT GTC GAC ATC GCC CTT TCG ACA ACG GTT CAA TTG CGA GGA TCT CTT TTG CAG ATG TTT TCG CAA AAG GGT AAA GTT GAT ATT TCT CGT CGA AAA AAA GTT ATG TAT AAA CAA AAT ATT GGT TTA ATG ATT ATG CCT TTT GCA TGG GAT GGC TAT TGG CTA GCT TCA AGA GGA AAG GTT GCA GAC TCA AGA AAT ACG CTT GTG AAA AAT TTT CTC TCA CAA ATT CCT TAT AAA AAT TTC TGT ATG GCT CCT TAT CAT TAT TCT TCT ATT CTT TAT TGG GCA GTC GGA ACC TTG ACG TAT AGC GTG GAT AAC AAG ACG ACT TAC TAT GCT ACA TGG GAT CAT TTT CCT TAT TCA TTT ATC AAG TTT GAC ATG ACT TCC AAT CAA TTT GGA GAT TTG ACT AAT ACC AAT CAT TGC TTT CCT CAT GGA GCA AGT CAG AAT AAA TAT ATG TTG ATG CTT GCG ATA GGA AAT CAG CTA TCT CGA AGT TCA GTA GAG AAA GAA AAA GTT CTG CAA GAC TGC CAT TAC ATG CAT AAG CAT AGA ACT GGA AGA GAT GCA ATT ACC ATA TTT TCT GTA GGA TTT TCT CCG GAT CAA GAT ACG CGA TAT ACT TTA AGA CAA TGT AGT GAT CCA TCT AAA TAT TAT GAA ATT AAT TCT GAC GAG AAT GTC ATG CCT ATA GCC AAA AGT CTT GCA CGT AAT GTT ATA ACT AAT TGG TTT AGT CAG TTT ACA ATT 
CLas_ACT57480.1                 TTA TTA GGC GTT TTG CGT CTA AAA AAG TGC ACG CGT GGT GTT TTT TTA GTT ATT ACA GCT ATT TTA TTG TCT TCT TTT GTC GCC ATA GTA GAT GTT GTG GTA GAT CAG GTG ACG GTG ATG CAG AAA ACA GCT TGG CTT GAT CAT GTT ATT TAT ACT TCT CCA AAA AAT TTA TAT TTA AGG GAA GCG GGT AGA GAT AAT TTT ATA AGA CAT CAA ATT GAA AAG GCT TTA AAT ACT TAT AAT TCC AGA TCA AAT ACT GGG AGT ATA GAA TCA ATC GTT AAA GAT GCT GTC ATT TTA ACG AAA AAT GTT AAT TCT TTG CCT TTA CAA TTT ACT GTC GAC ATC GCC CTT TCG ACA ACG GTT CAA TTG CGA GGA TCT CTT TTG CAG ATG TTT TCG CAA AAG GGT AAA GTT GAT ATT TCT CGT CGA AAA AAA GTT ATG TAT AAA CAA AAT ATT GGT TTA ATG ATT ATG CCT TTT GCA TGG GAT GGC TAT TGG CTA GCT TCA AGA GGA AAG GTT GCA GAC TCA AGA AAT ACG CTT GTG AAA AAT TTT CTC TCA CAA ATT CCT TAT AAA AAT TTC TGT ATG GCT CCT TAT CAT TAT TCT TCT ATT CTT TAT TGG GCA GTC GGA ACC TTG ACG TAT AGC GTG GAT AAC AAG ACG ACT TAC TAT GCT ACA TGG GAT CAT TTT CCT TAT TCA TTT ATC AAG TTT GAC ATG ACT TCC AAT CAA TTT GGA GAT TTG ACT AAT ACC AAT CAT TGC TTT CCT CAT GGA GCA AGT CAG AAT AAA TAT ATG TTG ATG CTT GCG ATA GGA AAT CAG CTA TCT CGA AGT TCA GTA GAG AAA GAA AAA GTT CTG CAA GAC TGC CAT TAC ATG CAT AAG CAT AGA ACT GGA AGA GAT GCA ATT ACC ATA TTT TCT GTA GGA TTT TCT CCG GAT CAA GAT ACG CGA TAT ACT TTA AGA CAA TGT AGT GAT CCA TCT AAA TAT TAT GAA ATT AAT TCT GAC GAG AAT GTC ATG CCT ATA GCC AAA AGT CTT GCA CGT AAT GTT ATA ACT AAT TGG TTT AGT CAG TTT ACA ATT 
CLso_ADR52410.1                 TTA TCA GTC TTT TCA CGT CTT AAT CAT TGT ACT AAC GGC TCT TTT CTC ATT GTT TCA GCA GTT TTA CTT TCT TCT TTT TTG ACG ATC ATG GAT ATT ATG AGG GAT TAT ACG GAC ATG ATA AGA GTC CGC AAT ATG TTG GAT TAT GCG CTT CAT AAT AAT CCA AAT GAA TTA TCT GGA ACA ATA AAG CAG AGG GAG ATG TTA ATA AAA AAG CGG ATT GGA TAT TTT CTT GAT TCA AAC TAT AAA GGA TTA ACT GAA GAG CAG ATA AAA TTA ATT GTT AAT CAA TCT ACG GTC TCG ATC ACA GAA AGA TCT TTT TAT CCC CAA CAA TTC CAT ATC AAT ATA GAA TTG CAT AAG AAT ATT CAG CTA AAA AGT TTA ATT CTT CAT ATG GCG ATG AAT AAA AAG GAT TTC AAT ATT AGT CAG AGA AAA TCT TCT TTA TAT AAA AAG AAT GTT GCT CTC ATG GTT GTT CCG TTT ACA TGG ACT GGT GAG TGG ATA CCA CCA TCA ACA CAA TTC ACG GTT TCG AGA AAT CAG TTC TTC AAA ATG TTT TTG TCA AAA ATT AAA GAG AAT AAT TTA TGC ATT GCT CCC TAT CAT TAT AGC GCT ATC GTA TAT TGG TCC GAG GGA ATT TTT TCT TAT AAA CTT CCT TTT AGT ACT ACT TAC TCT ACC ATA TGG GAT ATG AAA CCT TCC AAT TAT ATT TTG TTT GCT GGG GCT GAA CTC CAT TCT AAT AGA TTA ACT CCT GCT GAT CCC TGT TTT AGG CGC GGT GTA ATA CAA AAG AAA TTT ATG CTT ATT ATA GCA GCA GGC AAT CAG ATC TCG GAT CGA AAA AAT AGT GCA GAG AAG ATG AAG CAT GGT TGT ACC TTA ATG GGT AAA GGT AAA AAT CCA CAG GAA GAA ATT ACA GTA TAT TCT TTA GGA ATT TCT CCA GAT CCT GAT ACT AAG CGA GAT TTA ATA CAA TGT CGT CAT CCA GAC AGA TAT TAC GAA ATT CAA TCC TAT AAA GAT ATT GCA CCG GTA ATC GAT AGG TTA GAG AGA AAT ATA TCA TCT GTT TGG AAC GAT GGA TTT AGT ATT 



Printing out site pattern counts


         7       1020  P

CLaf_AKK20503.1                 AAA AAA AAA AAA AAA AAA AAA AAA AAA AAA AAA AAA AAA AAA AAA AAA AAA AAA AAA AAA AAA AAA AAA AAA AAC AAG AAG AAG AAG AAG AAG AAG AAG AAG AAT AAT AAT AAT AAT AAT AAT AAT AAT AAT AAT AAT AAT AAT AAT AAT AAT AAT AAT AAT ACA ACA ACA ACA ACA ACA ACC ACG ACG ACG ACT ACT ACT ACT ACT ACT AGA AGA AGA AGC AGC AGC AGC AGG AGT AGT AGT AGT AGT AGT ATA ATA ATA ATA ATA ATA ATA ATA ATA ATA ATA ATA ATC ATC ATC ATG ATG ATG ATG ATG ATG ATG ATG ATG ATG ATG ATG ATT ATT ATT ATT ATT ATT ATT ATT ATT ATT ATT ATT ATT ATT ATT ATT ATT CAA CAA CAA CAA CAA CAA CAA CAA CAA CAC CAG CAG CAT CAT CAT CAT CAT CCA CCA CCA CCG CCT CCT CCT CCT CCT CGA CGC CGC CGT CGT CGT CGT CTA CTA CTG CTG CTG CTT CTT GAA GAA GAA GAA GAA GAA GAA GAA GAG GAG GAG GAG GAG GAG GAG GAG GAG GAT GAT GAT GAT GAT GAT GAT GAT GAT GAT GAT GAT GAT GAT GAT GAT GCA GCA GCA GCA GCC GCG GCT GCT GCT GCT GCT GCT GCT GGA GGA GGA GGA GGA GGA GGA GGC GGC GGC GGG GGG GGG GGG GGT GGT GGT GTA GTA GTA GTA GTA GTC GTC GTC GTC GTC GTC GTG GTG GTG GTT GTT GTT GTT GTT GTT GTT GTT GTT TAC TAC TAC TAT TAT TAT TAT TAT TAT TAT TAT TAT TAT TAT TAT TAT TAT TAT TAT TCA TCA TCA TCA TCA TCC TCG TCG TCG TCT TCT TCT TCT TCT TCT TCT TCT TCT TCT TCT TCT TCT TCT TCT TGC TGG TGT TGT TGT TTA TTA TTA TTA TTA TTA TTA TTA TTA TTA TTA TTA TTA TTC TTC TTC TTC TTC TTC TTC TTG TTG TTG TTG TTT TTT TTT TTT TTT TTT TTT TTT TTT TTT TTT TTT TTT TTT 
CLam_WP_007557508.1             ... ... ... ... ... ... ... ..T ..T ..T ..T .C. .G. .G. .G. .GG .GG .TG CCT G.G G.T GGG GGG TT. ..G ..A ..A ... ..T .CT .TA .TT G.A G.A ..A ..A ... ... ... ... ... ... ... ... .C. .GA CGA CTA CT. G.A G.. G.. G.. G.. ..T .G. CAT GG. T.. TTT GGA CAT TAT T.C .AA .T. G.A TAC T.A TT. .A. .A. TAT ... CCT TCT TCT .AA .CA ... ... CAA GA. GA. ... ..G ..T ..T ..T G.T TC. TCT TCT T.. T.C T.G GCA TCT T.T .AT ... ..T C.A C.C C.C C.T C.T GAA GAT G.A T.A .CA ..A ..A ..A ..A ... ... ... GA. G.. G.. T.A T.A T.A T.G T.. T.. A.. A.. ACT ... ..T G.T GT. T.T TTG TCG A.A A.T A.. AGC ATC .T. G.. AG. ... ... GAA ATA .TA GA. GGG T.. ACC AAT A.A AA. A.A .A. ... GA. T.. TCT T.A T.T T.G T.. AG. AGT AT. ... .G. TCT TCT TTG A.A A.T ATA C.A C.T ..A ..A T.C TCC A.A A.G A.. A.. ACA AG. C.A CGA ... ... ... .TG T.. T.. TCA TCC AAC AAT ... .G. ..A .AA ATA ATA ATG AT. ..A ... .TA AAT A.C CA. .AC ..C ..T TCT .TT TAT TCT AAT ATT .AT ..A CC. .A. ... A.. .AT ..T T.. T.T AAT ACT AGA A.T ..T TAT AAA AAA .AA A.A A.. A.. A.. C.. ... TGC T.A T.A ATT C.T ... A.A A.. C.. GC. GGA GGG GG. GT. ..C ... ... ... .TA .T. .T. .T. AA. AA. ATT .AT ... .AT AAT ..T ..T AAA AA. A.. CAA CG. GA. GA. G.. GG. GTA GTC .A. ..C ... ... ..T ... ... ... ... AAG AGT CC. C.C C.T C.T GAT ... ... ..T ..T ..T ..T CCA CCG G.A G.T ..A ..T ..T A.T .CA ..A ..T AA. AA. AA. A.A A.. C.. GC. G.G .A. ..G ... ... ... ... 
CLas_ACT56608.1                 ... ... ... ..G ..G .TT G.. ... ... C.G G.T .G. .G. .G. CG. ... .GT C.. CCT TTT GGT C.. GGT CGT .CG C.T G.C GTT .CT TCT GCA .TA ..T ..T .CA .CC ..A ... .C. C.A G.. GC. GGA T.. GGA ..A C.G T.. G.C ..A .G. C.. G.. T.. ..G G.. TTT GAC .A. ... GAT ..A CGA .G. TT. GTC .T. GA. T.. GGG .A. ... .C. C.T .AT .AT ..T .AT .AA TC. TT. .A. G.C G.. ..G ..T ... ..G ..T ... .CT ..G CC. G.. C.C T.. .C. GC. G.G T.. ... C.T C.A .CA ..T ... G.. ..A CAA ..A ... .C. ... ... G.. G.. ..G ... T.. .AA CA. G.. ..C ..G G.. C.. .CG T.. A.G ... ..G ..T .G. G.. AGT ... ... ACT AGA ... ... A.. AT. TC. G.. AAT ..G ..T ..T AT. A.. .A. ... ... .TT .AA ..T AAA ..A TTG ... AAT ... TCA T.. T.. ... ..A AG. ACT ..T CCT .GG AGT TCT ATG C.A A.T A.T C.. C.T ..A .C. C.A TCT AG. ACG A.. ..C .CC A.. AGA A.G ..A ... T.. ATC A.. C.. A.. T.C TGG T.. ..G ... .TA A.. ATC TT. .AC .GA ... ... ... .AC AAG .AG ... TCC .A. ... ATT A.T ... A.A .CA .AA ..A A.. AA. ... A.. AAG T.T T.. T.T ACT ..T ..T ..G A.T T.A CAA .AT TC. A.. A.A ... TGG ... ..C A.. A.. ... A.T ..T ... ATG GC. ... ... C.. GCA GGA .CA ..C A.. ... ... GCA A.. ... ... AG. .TG ..G ... ATG .AT .TT AAC CGT A.G C.A G.C ATG ..A AAG ... GT. GA. .TG GT. CA. ... GG. ... ... ... ..C ... ... G.. ... .C. ..G ... ..C ... ... ... G.. .C. ... ..T .C. CCT .CT ..A ..T .CT ..T G.. ... G.C ... GC. .A. ... CAG C.. G.. AA. ... .A. ..A C.. ... ... ... 
CLas_ACT57387.1                 ... ... ... ..G ..G .TT G.. ... ... C.G G.T .G. .G. .G. CG. ... .GT C.. CCT GTC G.T GTG GGT CGT .CG C.T G.C GTT .CT TCT GCA .TA ..T ..T .CA .CC ..A ... .C. C.A G.. GC. GGA T.. GGA ..A C.G T.. G.. ..A .G. C.. G.. T.. ..G G.. TTT GAC .A. ... GAT ..A CGA .G. TT. GTC G.. GA. T.. GAG .A. ... .C. C.T .AT .AT ..T .AT .AA TC. CT. .AC G.C G.. ..G ..T ... ..G ..T ... .CT ..G CC. G.. C.C T.. .C. GC. G.G TG. ... C.T C.A .CA G.T ... G.. ..A CAA ..A ... .C. ... ... G.. G.. ..G ... T.. .AA CA. G.. ..C ..G G.. C.. .CG T.. A.G ... ACG ..G .G. G.. A.T ... ... ACT A.A ... ... A.. AT. TC. G.. AAT ..G ..T ..T AT. A.. .A. ... ... ACT .AA TAT AAA ..A TTG ... AAT ... TCA T.. T.. ... ..A AG. ACT ..T CCT .GG AGT TCT ATG C.A A.T A.T C.. C.T ..A .C. C.A TCT AG. ACG A.. ..C .CC A.. AGA A.G ..A ... T.. ATC A.. AGC A.. T.C TGG T.. ..G ... .TA A.. ATC TT. .AC .GA ... ... ... .AC AAG .AG ... TCC ... ... ATT TCT ... A.A .CA .AA ..A A.. AA. ... A.. AAG C.T T.. T.T ACT ..T ..T ..G A.T T.A CAA .AT TC. A.. A.A ... TGG ... ..C A.. A.. ... A.T ..T ... ATG GC. ... ... C.. GCA GGA .CA ... A.. ... ... GCA A.. ... ... AG. CTG ..G ... ATG .AT .TT AA. CGT A.G C.A G.C A.G ..A ... ... GT. GA. .TG GT. CA. ... GG. ... ... ... ..C ... ... G.. ... .C. ..G ... ..C ... ... ... G.. .C. ... ..T .C. CCT .CT ..A ..T .CT ..T G.. ... G.C ... GC. CA. ... CAG C.. G.. ACC ... .A. ..A C.. ..G ... ... 
CLas_ACT57402.1                 ... ... ... ..G ..G .TT G.. ... ... C.G G.T .G. .G. .G. CG. ... .GT C.. CCT GTC G.T GTG GGT CGT .CG C.T G.C GTT .CT TCT GCA .TA ..T ..T .CA .CC ..A ... .C. C.A G.. GC. GGA T.. GGA ..A C.G T.. G.. ..A .G. C.. G.. T.. ..G G.. TTT GAC .A. ... GAT ..A CGA .G. TT. GTC G.. GA. T.. GAG .A. ... .C. C.T .AT .AT ..T .AT .AA TC. CT. .AC G.C G.. ..G ..T ... ..G ..T ... .CT ..G CC. G.. C.C T.. .C. GC. G.G TG. ... C.T C.A .CA G.T ... G.. ..A CAA ..A ... .C. ... ... G.. G.. ..G ... T.. .AA CA. G.. ..C ..G G.. C.. .CG T.. A.G ... ACG ..G .G. G.. A.T ... ... ACT A.A ... ... A.. AT. TC. G.. AAT ..G ..T ..T AT. A.. .A. ... ... ACT .AA TAT AAA ..A TTG ... AAT ... TCA T.. T.. ... ..A AG. ACT ..T CCT .GG AGT TCT ATG C.A A.T A.T C.. C.T ..A .C. C.A TCT AG. ACG A.. ..C .CC A.. AGA A.G ..A ... T.. ATC A.. AGC A.. T.C TGG T.. ..G ... .TA A.. ATC TT. .AC .GA ... ... ... .AC AAG .AG ... TCC ... ... ATT TCT ... A.A .CA .AA ..A A.. AA. ... A.. AAG C.T T.. T.T ACT ..T ..T ..G A.T T.A CAA .AT TC. A.. A.A ... TGG ... ..C A.. A.. ... A.T ..T ... ATG GC. ... ... C.. GCA GGA .CA ... A.. ... ... GCA A.. ... ... AG. CTG ..G ... ATG .AT .TT AA. CGT A.G C.A G.C A.G ..A ... ... GT. GA. .TG GT. CA. ... GG. ... ... ... ..C ... ... G.. ... .C. ..G ... ..C ... ... ... G.. .C. ... ..T .C. CCT .CT ..A ..T .CT ..T G.. ... G.C ... GC. CA. ... CAG C.. G.. ACC ... .A. ..A C.. ..G ... ... 
CLas_ACT57480.1                 ... ... ... ..G ..G .CT G.. ... ... C.G G.T .G. .G. .G. CG. ... .GT C.. CCT GTC G.T GTG GGT CGT .CG C.T G.C GTT .CT TCT GCA .TA ..T ..T .CA .CC ..A ... .C. C.A G.. GC. GGA T.. GGA ..A C.G T.. G.. ..A .G. C.. G.. T.. ..G G.. TTT GAC .A. ... GAT ..A CGA .G. TT. GTC G.. GA. T.. GAG .A. ... .C. C.T .AT .AT ..T .AT .AA TC. CT. .AC G.C G.. ..G ..T ... ..G ..T ... .CT ..G CC. G.. C.C T.. .C. GC. G.G TG. ... C.T C.A .CA G.T ... G.. ..A CAA ..A ... .C. ... ... G.. G.. ..G ... T.. .AA CA. G.. ..C ..G G.. C.. .CG T.. A.G ... ACG ..G .G. G.. A.T ... ... ACT A.A ... ... A.. AT. TC. G.. AAT ..G ..T ..T AT. A.. .A. ... ... ACT .AA TAT AAA ..A TTG ... AAT ... TCA T.. T.. ... ..A AG. ACT ..T CCT .GG AGT TCT ATG C.A A.T A.T C.. C.T ..A .C. C.A TCT AG. ACG A.. ..C .CC A.. AGA A.G ..A ... T.. ATC A.. AGC A.. T.C TGG T.. ..G ... .TA A.. ATC TT. .AC .GA ... ... ... .AC AAG .AG ... TCC ... ... ATT TCT ... A.A .CA .AA ..A A.. AA. ... A.. AAG C.T T.. T.T ACT ..T ..T ..G A.T T.A CAA .AT TC. A.. A.A ... TGG ... ..C A.. A.. ... A.T ..T ... ATG GC. ... ... C.. GCA GGA .CA ... A.. ... ... GCA A.. ... ... AG. CTG ..G ... ATG .AT .TT AA. CGT A.G C.A G.C A.G ..A ... ... GT. GA. .TG GTC CA. ... GG. ... ... ... ..C ... ... G.. ... .C. ..G ... ..C ... ... ... G.. .C. ... ..T .C. CCT .CT ..A ..T .CT ..T G.. ... G.C ... GC. CA. ... CAG C.. G.. ACC ... .A. ..A C.. ..G ... ... 
CLso_ADR52410.1                 ... ..T TCT ... C.T G.. GG. ... .C. C.T ..T ... .G. .T. ... .G. .T. C.. CCT G.G G.. CTT C.G .G. .CT ... GCT .GA TCT TCC G.A TCA G.A G.T CGC .CA ... G.. ... ..A C.A CCA ... ..C GG. GCA GGA TT. CC. ... C.G C.. G.. CGA ..T ... T.T .AT GTC T.. CAT .GT GAT ..A .AA .T. ..C GA. T.G .G. .A. .A. .T. .A. TCT .CT C.T CCT GA. TC. GTA TT. G.. .AG ..T ..C ... ..T ..T ..C .AT ..G CC. T.. T.G C.C GCT ... T.. ... ... T.. ..A .A. ... ... .C. GCA CCT G.A ..A GA. ... G.C ..A ... G.. ... ... .A. ..G G.. ..A ..G TC. T.A ..C T.. T.T A.T TCT ... AG. G.G A.G A.G ..T ..T A.. AGA GG. A.. AT. A.. G.. AAT ... ..C ... GT. G.. ..C AGG ..C ACT ..G TCT GA. AAG TTA ... G.T ..T TC. ..T ..T T.G A.C AGG ACT ACT A.. ..G AGG TTT .GG C.. A.T AT. C.. CGC ..A A.. C.A TCT ... A.. C.A T.. ..A ATG C.G TTG A.A ... ..G AT. T.. A.A ..A TTA TGG C.. ... .AG ATG .AC AT. TTA .G. A.A T.. ... ..A .TT CA. AA. ..C .A. ... A.T .TT .CT .T. TCA .TA ATA ..A C.A AA. ..C ... AA. A.. T.. TAT TCA A.T T.. A.G ..T TCG CAT .A. CAT ... A.A .CG TGG T.C A.C C.. A.. A.. G.T G.G ... GCA A.. .C. ... GG. .CC CCA A.A ... A.. C.. ... ACG CTC ..C ... GG. AAG ATG .T. .T. ... AAC AGT CA. CAG C.A A.G A.. AA. AGC GAC ... AGA .A. A.G .A. ... G.. ... ..T ... ... ..C ... AAT GG. .C. C.. ... ... CA. .C. ... AGG ... ... GCG AAA CCG AGT C.. ..T ..A ..T A.. .CA ... C.T ... ACC .A. .A. A.. ... A.. ... .A. C.. ..C ... ..C ... 

    2    1    1    1    1    1    1    1    1    1    1    1    1    1    1
    1    1    1    1    1    1    1    1    1    1    1    1    1    1    1
    1    1    1    1    1    1    1    1    1    1    1    1    1    1    1
    1    1    1    1    1    1    1    1    1    1    1    1    1    1    1
    1    1    1    1    1    1    1    1    1    1    1    1    1    1    1
    1    1    1    1    1    1    1    1    1    1    1    1    1    2    1
    1    1    1    1    1    1    1    1    1    1    1    1    1    1    1
    1    1    1    1    1    1    1    1    1    1    1    1    1    1    1
    1    1    1    1    1    1    1    1    1    1    1    1    1    1    1
    1    1    1    1    1    1    1    1    1    1    1    1    1    1    1
    1    1    1    1    1    1    1    1    1    1    1    1    1    1    1
    1    1    1    1    1    1    1    1    1    1    1    1    1    1    1
    1    1    1    1    1    1    1    1    1    1    1    1    1    1    3
    1    1    1    1    1    1    1    1    1    1    1    1    1    1    1
    1    1    1    1    1    1    1    1    1    1    1    1    1    1    1
    1    1    1    1    1    1    1    1    1    1    1    1    1    1    1
    1    1    1    1    1    1    1    1    1    1    1    1    1    1    1
    1    1    1    1    1    1    1    1    1    1    1    1    1    2    1
    1    1    1    1    1    1    1    1    1    1    1    1    1    1    1
    1    1    1    1    1    1    1    1    1    1    1    1    1    3    2
    1    1    1    1    1    1    1    1    1    1    1    1    1    1    1
    1    1    1    1    1    1    1    1    1    1    1    1    1    1    1
    1    1    1    1    1    1    1    1    1    3

CODONML (in paml version 4.9i, September 2018)  C:\PycharmProjects\project_2_paml\paml_geno\paml_geno_20.fas
Model: One dN/dS ratio, 
Codon frequency model: Fequal
Site-class models: 
ns =   7  ls = 350

Codon usage in sequences
--------------------------------------------------------------------------------------------------------------------------------------
Phe TTT  16  24  20  16  16  16 | Ser TCT  15  15  11  13  13  13 | Tyr TAT  17  15  15  16  16  16 | Cys TGT   4   5   2   2   2   2
    TTC   7   1   1   1   1   1 |     TCC   1   4   2   2   2   2 |     TAC   3   4   3   2   2   2 |     TGC   1   1   3   3   3   3
Leu TTA  13  16  11  11  11  11 |     TCA   5   6   7   7   7   7 | *** TAA   0   0   0   0   0   0 | *** TGA   0   0   0   0   0   0
    TTG   4   6   9   8   8   8 |     TCG   3   1   2   2   2   2 |     TAG   0   0   0   0   0   0 | Trp TGG   3   3   5   6   6   6
--------------------------------------------------------------------------------------------------------------------------------------
Leu CTT   2   8   6   7   7   7 | Pro CCT   5   3   7   7   7   7 | His CAT   5   7  10   9   9   9 | Arg CGT   4   2   5   4   4   4
    CTC   0   3   1   1   1   1 |     CCC   0   0   0   0   0   0 |     CAC   1   0   0   0   0   0 |     CGC   2   0   0   0   0   0
    CTA   2   3   3   3   3   3 |     CCA   3   4   2   2   2   2 | Gln CAA   9   6  11  10  10  10 |     CGA   1   2   4   4   4   4
    CTG   3   0   0   1   1   1 |     CCG   1   1   1   1   1   1 |     CAG   2   0   6   6   6   6 |     CGG   0   0   0   0   0   0
--------------------------------------------------------------------------------------------------------------------------------------
Ile ATT  17  20  16  14  14  13 | Thr ACT   6   6   8   9   9  10 | Asn AAT  20  31  21  20  20  20 | Ser AGT   6   5   8   6   6   6
    ATC   3   1   3   3   3   3 |     ACC   1   1   2   3   3   3 |     AAC   1   1   1   1   1   1 |     AGC   4   3   0   1   1   1
    ATA  13  14   7   7   7   7 |     ACA   6   4   5   5   5   5 | Lys AAA  25  27  15  16  16  16 | Arg AGA   3  10   9   8   8   8
Met ATG  12   4  12  11  11  11 |     ACG   3   0   6   8   8   8 |     AAG   9   4   7   7   7   7 |     AGG   1   2   1   1   1   1
--------------------------------------------------------------------------------------------------------------------------------------
Val GTT   9   9  13  14  14  13 | Ala GCT   7   4   6   7   7   7 | Asp GAT  18  23  12  14  14  14 | Gly GGT   3   4   5   4   4   4
    GTC   6   1   3   4   4   5 |     GCC   1   0   3   3   3   3 |     GAC   0   1   6   5   5   5 |     GGC   3   1   2   2   2   2
    GTA   5   5   4   4   4   4 |     GCA   4   5   6   6   6   6 | Glu GAA   8  11   6   5   5   5 |     GGA   7   6   7   8   8   8
    GTG   3   2   4   5   5   5 |     GCG   1   0   2   2   2   2 |     GAG   9   1   1   2   2   2 |     GGG   4   4   2   1   1   1
--------------------------------------------------------------------------------------------------------------------------------------

------------------------------------------------------
Phe TTT  13 | Ser TCT  14 | Tyr TAT  14 | Cys TGT   4
    TTC   5 |     TCC   3 |     TAC   2 |     TGC   1
Leu TTA  14 |     TCA   7 | *** TAA   0 | *** TGA   0
    TTG   5 |     TCG   3 |     TAG   0 | Trp TGG   5
------------------------------------------------------
Leu CTT   7 | Pro CCT   4 | His CAT   9 | Arg CGT   2
    CTC   3 |     CCC   3 |     CAC   0 |     CGC   2
    CTA   1 |     CCA   6 | Gln CAA   7 |     CGA   2
    CTG   0 |     CCG   2 |     CAG   7 |     CGG   1
------------------------------------------------------
Ile ATT  17 | Thr ACT   7 | Asn AAT  20 | Ser AGT   5
    ATC   6 |     ACC   2 |     AAC   3 |     AGC   1
    ATA  11 |     ACA   5 | Lys AAA  17 | Arg AGA   7
Met ATG  13 |     ACG   4 |     AAG   9 |     AGG   4
------------------------------------------------------
Val GTT   8 | Ala GCT   6 | Asp GAT  14 | Gly GGT   5
    GTC   3 |     GCC   0 |     GAC   2 |     GGC   2
    GTA   4 |     GCA   5 | Glu GAA   8 |     GGA   6
    GTG   0 |     GCG   2 |     GAG   7 |     GGG   1
------------------------------------------------------

Codon position x base (3x4) table for each sequence.

#1: CLaf_AKK20503.1
position  1:    T:0.26286    C:0.11429    A:0.37143    G:0.25143
position  2:    T:0.32857    C:0.17714    A:0.36286    G:0.13143
position  3:    T:0.44000    C:0.09714    A:0.29714    G:0.16571
Average         T:0.34381    C:0.12952    A:0.34381    G:0.18286

#2: CLam_WP_007557508.1
position  1:    T:0.28857    C:0.11143    A:0.38000    G:0.22000
position  2:    T:0.33429    C:0.15429    A:0.37429    G:0.13714
position  3:    T:0.51714    C:0.06286    A:0.34000    G:0.08000
Average         T:0.38000    C:0.10952    A:0.36476    G:0.14571

#3: CLas_ACT56608.1
position  1:    T:0.26000    C:0.16000    A:0.34571    G:0.23429
position  2:    T:0.32286    C:0.20000    A:0.32571    G:0.15143
position  3:    T:0.47143    C:0.08571    A:0.27714    G:0.16571
Average         T:0.35143    C:0.14857    A:0.31619    G:0.18381

#4: CLas_ACT57387.1
position  1:    T:0.25429    C:0.15714    A:0.34286    G:0.24571
position  2:    T:0.31429    C:0.22000    A:0.32286    G:0.14286
position  3:    T:0.46286    C:0.08857    A:0.27429    G:0.17429
Average         T:0.34381    C:0.15524    A:0.31333    G:0.18762

#5: CLas_ACT57402.1
position  1:    T:0.25429    C:0.15714    A:0.34286    G:0.24571
position  2:    T:0.31429    C:0.22000    A:0.32286    G:0.14286
position  3:    T:0.46286    C:0.08857    A:0.27429    G:0.17429
Average         T:0.34381    C:0.15524    A:0.31333    G:0.18762

#6: CLas_ACT57480.1
position  1:    T:0.25429    C:0.15714    A:0.34286    G:0.24571
position  2:    T:0.31143    C:0.22286    A:0.32286    G:0.14286
position  3:    T:0.46000    C:0.09143    A:0.27429    G:0.17429
Average         T:0.34190    C:0.15714    A:0.31333    G:0.18762

#7: CLso_ADR52410.1
position  1:    T:0.25714    C:0.16000    A:0.37429    G:0.20857
position  2:    T:0.31429    C:0.20857    A:0.34000    G:0.13714
position  3:    T:0.42571    C:0.10857    A:0.28571    G:0.18000
Average         T:0.33238    C:0.15905    A:0.33333    G:0.17524

Sums of codon usage counts
------------------------------------------------------------------------------
Phe F TTT     121 | Ser S TCT      94 | Tyr Y TAT     109 | Cys C TGT      21
      TTC      17 |       TCC      16 |       TAC      18 |       TGC      15
Leu L TTA      87 |       TCA      46 | *** * TAA       0 | *** * TGA       0
      TTG      48 |       TCG      15 |       TAG       0 | Trp W TGG      34
------------------------------------------------------------------------------
Leu L CTT      44 | Pro P CCT      40 | His H CAT      58 | Arg R CGT      25
      CTC      10 |       CCC       3 |       CAC       1 |       CGC       4
      CTA      18 |       CCA      21 | Gln Q CAA      63 |       CGA      21
      CTG       6 |       CCG       8 |       CAG      33 |       CGG       1
------------------------------------------------------------------------------
Ile I ATT     111 | Thr T ACT      55 | Asn N AAT     152 | Ser S AGT      42
      ATC      22 |       ACC      15 |       AAC       9 |       AGC      11
      ATA      66 |       ACA      35 | Lys K AAA     132 | Arg R AGA      53
Met M ATG      74 |       ACG      37 |       AAG      50 |       AGG      11
------------------------------------------------------------------------------
Val V GTT      80 | Ala A GCT      44 | Asp D GAT     109 | Gly G GGT      29
      GTC      26 |       GCC      13 |       GAC      24 |       GGC      14
      GTA      30 |       GCA      38 | Glu E GAA      48 |       GGA      50
      GTG      24 |       GCG      11 |       GAG      24 |       GGG      14
------------------------------------------------------------------------------


Codon position x base (3x4) table, overall

position  1:    T:0.26163    C:0.14531    A:0.35714    G:0.23592
position  2:    T:0.32000    C:0.20041    A:0.33878    G:0.14082
position  3:    T:0.46286    C:0.08898    A:0.28898    G:0.15918
Average         T:0.34816    C:0.14490    A:0.32830    G:0.17864

Codon frequencies under model, for use in evolver (TTT TTC TTA TTG ... GGG):
  0.01639344  0.01639344  0.01639344  0.01639344
  0.01639344  0.01639344  0.01639344  0.01639344
  0.01639344  0.01639344  0.00000000  0.00000000
  0.01639344  0.01639344  0.00000000  0.01639344
  0.01639344  0.01639344  0.01639344  0.01639344
  0.01639344  0.01639344  0.01639344  0.01639344
  0.01639344  0.01639344  0.01639344  0.01639344
  0.01639344  0.01639344  0.01639344  0.01639344
  0.01639344  0.01639344  0.01639344  0.01639344
  0.01639344  0.01639344  0.01639344  0.01639344
  0.01639344  0.01639344  0.01639344  0.01639344
  0.01639344  0.01639344  0.01639344  0.01639344
  0.01639344  0.01639344  0.01639344  0.01639344
  0.01639344  0.01639344  0.01639344  0.01639344
  0.01639344  0.01639344  0.01639344  0.01639344
  0.01639344  0.01639344  0.01639344  0.01639344


Model 7: beta (10 categories)


TREE #  1:  (2, 7, (1, (3, ((4, 5), 6))));   MP score: 793
check convergence..
lnL(ntime: 11  np: 14):  -5210.103153      +0.000000
   8..2     8..7     8..9     9..1     9..10   10..3    10..11   11..12   12..4    12..5    11..6  
 1.708369 1.172602 0.343197 1.445187 0.891232 0.073497 0.050213 0.000004 0.000004 0.000004 0.005857 1.392313 0.510240 0.184770

Note: Branch length is defined as number of nucleotide substitutions per codon (not per neucleotide site).

tree length =  5.690167

(2: 1.708369, 7: 1.172602, (1: 1.445187, (3: 0.073497, ((4: 0.000004, 5: 0.000004): 0.000004, 6: 0.005857): 0.050213): 0.891232): 0.343197);

(CLam_WP_007557508.1: 1.708369, CLso_ADR52410.1: 1.172602, (CLaf_AKK20503.1: 1.445187, (CLas_ACT56608.1: 0.073497, ((CLas_ACT57387.1: 0.000004, CLas_ACT57402.1: 0.000004): 0.000004, CLas_ACT57480.1: 0.005857): 0.050213): 0.891232): 0.343197);

Detailed output identifying parameters

kappa (ts/tv) =  1.39231

Parameters in M7 (beta):
 p =   0.51024  q =   0.18477


MLEs of dN/dS (w) for site classes (K=10)

p:   0.10000  0.10000  0.10000  0.10000  0.10000  0.10000  0.10000  0.10000  0.10000  0.10000
w:   0.03032  0.23116  0.50604  0.73908  0.88658  0.96046  0.98973  0.99833  0.99989  1.00000

dN & dS for each branch

 branch          t       N       S   dN/dS      dN      dS  N*dN  S*dS

   8..2       1.708    771.0    279.0   0.7342   0.5195   0.7076  400.5  197.4
   8..7       1.173    771.0    279.0   0.7342   0.3566   0.4857  274.9  135.5
   8..9       0.343    771.0    279.0   0.7342   0.1044   0.1421   80.5   39.7
   9..1       1.445    771.0    279.0   0.7342   0.4394   0.5986  338.8  167.0
   9..10      0.891    771.0    279.0   0.7342   0.2710   0.3691  208.9  103.0
  10..3       0.073    771.0    279.0   0.7342   0.0223   0.0304   17.2    8.5
  10..11      0.050    771.0    279.0   0.7342   0.0153   0.0208   11.8    5.8
  11..12      0.000    771.0    279.0   0.7342   0.0000   0.0000    0.0    0.0
  12..4       0.000    771.0    279.0   0.7342   0.0000   0.0000    0.0    0.0
  12..5       0.000    771.0    279.0   0.7342   0.0000   0.0000    0.0    0.0
  11..6       0.006    771.0    279.0   0.7342   0.0018   0.0024    1.4    0.7


Time used:  2:21


Model 8: beta&w>1 (11 categories)


TREE #  1:  (2, 7, (1, (3, ((4, 5), 6))));   MP score: 793
lnL(ntime: 11  np: 16):  -5190.753590      +0.000000
   8..2     8..7     8..9     9..1     9..10   10..3    10..11   11..12   12..4    12..5    11..6  
 6.592700 4.507512 1.350024 5.471164 3.528149 0.157015 0.083001 0.000004 0.000004 0.000004 0.005911 1.401913 0.965954 0.498396 0.175487 97.155875

Note: Branch length is defined as number of nucleotide substitutions per codon (not per neucleotide site).

tree length = 21.695489

(2: 6.592700, 7: 4.507512, (1: 5.471164, (3: 0.157015, ((4: 0.000004, 5: 0.000004): 0.000004, 6: 0.005911): 0.083001): 3.528149): 1.350024);

(CLam_WP_007557508.1: 6.592700, CLso_ADR52410.1: 4.507512, (CLaf_AKK20503.1: 5.471164, (CLas_ACT56608.1: 0.157015, ((CLas_ACT57387.1: 0.000004, CLas_ACT57402.1: 0.000004): 0.000004, CLas_ACT57480.1: 0.005911): 0.083001): 3.528149): 1.350024);

Detailed output identifying parameters

kappa (ts/tv) =  1.40191

Parameters in M8 (beta&w>1):
  p0 =   0.96595  p =   0.49840 q =   0.17549
 (p1 =   0.03405) w =  97.15587


MLEs of dN/dS (w) for site classes (K=11)

p:   0.09660  0.09660  0.09660  0.09660  0.09660  0.09660  0.09660  0.09660  0.09660  0.09660  0.03405
w:   0.02949  0.23528  0.51955  0.75541  0.89871  0.96672  0.99196  0.99882  0.99994  1.00000 97.15587

dN & dS for each branch

 branch          t       N       S   dN/dS      dN      dS  N*dN  S*dS

   8..2       6.593    770.7    279.3   4.0222   2.7464   0.6828 2116.8  190.7
   8..7       4.508    770.7    279.3   4.0222   1.8777   0.4668 1447.3  130.4
   8..9       1.350    770.7    279.3   4.0222   0.5624   0.1398  433.5   39.0
   9..1       5.471    770.7    279.3   4.0222   2.2792   0.5667 1756.7  158.2
   9..10      3.528    770.7    279.3   4.0222   1.4698   0.3654 1132.8  102.0
  10..3       0.157    770.7    279.3   4.0222   0.0654   0.0163   50.4    4.5
  10..11      0.083    770.7    279.3   4.0222   0.0346   0.0086   26.6    2.4
  11..12      0.000    770.7    279.3   4.0222   0.0000   0.0000    0.0    0.0
  12..4       0.000    770.7    279.3   4.0222   0.0000   0.0000    0.0    0.0
  12..5       0.000    770.7    279.3   4.0222   0.0000   0.0000    0.0    0.0
  11..6       0.006    770.7    279.3   4.0222   0.0025   0.0006    1.9    0.2


Naive Empirical Bayes (NEB) analysis
Positively selected sites (*: P>95%; **: P>99%)
(amino acids refer to 1st sequence: CLaf_AKK20503.1)

            Pr(w>1)     post mean +- SE for w

   197 S      1.000**       97.116
   198 G      0.969*        94.131
   204 K      0.610         59.575
   206 F      0.602         58.911
   208 Q      0.983*        95.556
   210 D      0.994**       96.537
   211 K      0.999**       97.098
   216 R      0.946         92.006
   218 R      0.980*        95.272
   219 T      0.706         68.814


Bayes Empirical Bayes (BEB) analysis (Yang, Wong & Nielsen 2005. Mol. Biol. Evol. 22:1107-1118)
Positively selected sites (*: P>95%; **: P>99%)
(amino acids refer to 1st sequence: CLaf_AKK20503.1)

            Pr(w>1)     post mean +- SE for w

    36 F      0.523         5.268 +- 4.278
   116 V      0.540         5.408 +- 4.275
   197 S      0.989*        9.324 +- 1.543
   198 G      0.928         8.798 +- 2.514
   200 S      0.728         7.054 +- 3.918
   203 Y      0.512         5.180 +- 4.300
   208 Q      0.958*        9.052 +- 2.122
   210 D      0.863         8.249 +- 3.162
   211 K      0.983*        9.270 +- 1.677
   214 S      0.844         8.054 +- 3.293
   215 S      0.692         6.744 +- 4.056
   216 R      0.865         8.263 +- 3.150
   218 R      0.964*        9.105 +- 2.024
   219 T      0.558         5.638 +- 4.368
   230 D      0.502         5.089 +- 4.275
   255 Q      0.617         6.102 +- 4.230
   269 T      0.575         5.723 +- 4.261
   271 Y      0.617         6.076 +- 4.204
   273 T      0.817         7.822 +- 3.472
   282 F      0.588         5.856 +- 4.271
   290 Y      0.523         5.267 +- 4.285



The grid 

p0:   0.050  0.150  0.250  0.350  0.450  0.550  0.650  0.750  0.850  0.950
p :   0.100  0.300  0.500  0.700  0.900  1.100  1.300  1.500  1.700  1.900
q :   0.100  0.300  0.500  0.700  0.900  1.100  1.300  1.500  1.700  1.900
ws:   1.500  2.500  3.500  4.500  5.500  6.500  7.500  8.500  9.500 10.500


Posterior on the grid

p0:   0.000  0.000  0.000  0.000  0.000  0.000  0.000  0.001  0.620  0.379
p :   0.000  0.296  0.066  0.314  0.191  0.079  0.034  0.013  0.005  0.002
q :   0.296  0.368  0.223  0.078  0.024  0.008  0.002  0.000  0.000  0.000
ws:   0.000  0.000  0.001  0.004  0.015  0.040  0.085  0.155  0.261  0.440

Time used:  7:11
