     10   1077

CLaf_AKK20368.1                 ATG AGA CGT GTG GTT GTG ACT GGA CTT GGA ATG ATT ACC CCG CTT GGA TGT GGT GTT GAT GTT AGT TGG TCT CGC CTT ATT GCT GGT GAA GTA GGT ATA AGC AAA AAA TTT GAT TTA GAA GGT TTG TCT TCT AAA ATT GCT GGC GTT TCT CCT GCA GAT CTT CGC AAA ATT GAT CAG TTC ATT TTG TAT GGA ATG GTT GCG TCA GAT ATG GCG CTT GCC GAT TCT GGA TGG AAT CCT GAT AAA GAT CGT AAT TCT ACA GGC ATA GTT TTT GGA TCT GGT ATG GGA GGT CTT AAT AGA ATT GTG GAT AGC AGT AAT GTG TTG CGA CGT AGA ATT TCT CCT TTT ACT GTT CCT GGA AGT ATC ATT AGT CTT TTA TCT GGA AAT ATT TCT ATT CGT CAT CAA TTG AGA GGT CCA AAC CAC GCT GTG ACA ACA GCT TGT TCT AGT GGA GCA CAT GCG ATT GGT GAT GCG TCA CGT TTG ATT GCT TTT GGT GAT GCA GAT GTT ATG GTT GCT GGC GGA GCG GAG TTT GCT GCA TGT AGG GCT TTG TCG ACT CGA TTT AAT GAT GAT CCT ACA AGG GCT TCT AGA CCA TTT GAT AGA GAT AGA GAT GGT TTT GTT ATG GGA GAA GGG GCT GGA GCA TTG ATT TTA GAA GAT CTT GAA CAT GCT AAG GCT CGT GGT GCT AAA ATA TAT TCT GAG GTA GTT GGA TAT GGT CTT TCA GGT GAC GCT TTC CAT ATT ACA ATG CCG GGG AAT GGT GCA TAT CGT TGT ATG TCT GCT GCA ATT TCG ATA GAC TAT ATT AAT GCC CAT GGC ACT TCT ACT GAT ATC ATA GAA CTG GGT GCC GTT GAA AAA TTG ATG GGC GAT AGC ACT AAA TCT TCT ATG GGT CAT TTG CTT GGG GCA GCA GGT GCG GTT GAA GCT GCT ATT TGT AAT CTT TCG ATC CGT GAC AGC ATT ATT CCT GCA ACT CTT AAC TTA GAT AAT CCG GCA AAA AAA ATA GAT TTA GTC CCT CAT CGG TCA GTT AAA AAG AAT GTT AAT ATT GCG ATG TCT AAT TCT TTT GGT TTT GGG GGG ACT AAT GTT TCT TTA GTA TTT AAG AAA 
CLaf_AKK20194.1                 ATG AAA CGG GTA GCA GTT ACA GGG ATG GGG ATT GTA TCT TCC ATT GGA AAC AAT GTT TCT GAA GTG GCT ATC GCG CTG CGA GAA GCT AAA TCT GGC ATC TCA GAA GAT TTT TCG AAA TTT GGT TTT CGT TGC CAA GTA TGG GGG ATT GAT CGA AAA GCT ATA CGT TTT CTA TCA CAG GGA GGA ATG TGG GGG CAT ATC GCT ATG CAA CAG GCC ATT TCT GAT TCT GGC TTA CAA CCT GAA ATA ACC AAT GAA CGA ACA GGA TTA ATC GCT GGA TCA GGC GGC CCT TCT ACT AAA TGT ATT GTT GAT TCT GCT TAT ATT ACC GAG CGA CGT ATA GGT CCG TTT GCA GTG CCT AAG GCA ATG TCA TCT ACG GCA TCT GCT GCT TTG TCA ACT TGG TTT AAG ATC CGT GGA ACC AGC TAT TCA ATC TCT TCA GCT TGC TCT ACT TCT GCA CAT TGT ATC GGA AAT GCT GCA GAA TTA ATC CAA TCT GGG AAA CAG GAT ATA ATG TTC GCA GGG GGA CAA GAA TTT GAT GCA ATG GGC GCA ATG TCG TCA AAT TTC AAT AAT GAT CCC TGC GTT GCT TCC AGA CCA TAT GAC TCT AAA CGT GAT GGA TTC GTA ATA TCT GGC GGA GGA GCA ATC ATA GTT ATG GAA GAG ATG GAA CGA GCC AAA GCT CGT GGC GCA AAA ATT TAT GCT GAA TTA TCT GGC TAT GGT AGC ACG TGT GAT GGT TAT GAT ATG GTG TCT CCT GGA GAA GGT GCT GTG CGT TGC ATG CGT CAA GCT TTA AAA GTT GAT TAT ATT AAT ACT CAT GGA ACT TCC ACT GAT ACA AAA GAA ATA GAA GCT ATT AGA GAG GTA TTT AAA GAT TCA ACC AAG TCT CTA ACT GGG CAT TCG TTG GGA GCA GCG GGA GCA CAA GAA GCA ATA TAT TCC TTA ATA ATG ATG CAA GAA AAG TTC ATT GGC GAA AGT AAA AAT ATT GAA GAG ATT GAT CCT GAA GTC CCA ATA GTT CGA AAA CGC ATT GAT AAT GCA AAG ATT GAT ACC GTT TTA TCT AAT TCT TTT GGA TTT GGC GGA ACA AAT GCA ACC CTC GTC TTT CAA CGA 
CLam_WP_007556830.1             ATG AGA AGA ATA GCT GTT ACA GGA ATG GGC ATT GTA TCT TCT ATA GGG AAC AAT ATT TCT GAA GTT TCA ACA TCA TTG CGA GAA GCA AAA TCA GGA ATT TCA GAA GAT TTT GCA AGA CAA GGC TTC CGT TGT AAA GTA TGG GGA ATC GAT AGA AGA GCC ATG CGT TTC CTA TCG CAA GGA GGA ACT TGG GGG CAT ATT GCT ATG CAG CAG GCA ATC GCC GAT TCT GGA TTA GAA CCA GAT ATT ACA AAT GAA AGA ACT GGA TTG ATT GCA GGT TCA GGA GGT CCA TCA ACT AAA TGC ATA ATA GAA TCT GCT GCT TCA AAT GAA CGG CGT ATA GGT CCA TTT GCT GTT CCA AAA GCA ATG TCA TCC ACA GCA TCA GCT ACT TTA TCA ACA TGG TTT AAA ATA CTA GGA ACA AGC TAT TCA ATA TCT TCA GCT TGC GCA ACA TCT GCT CAC TGC ATT GGC AAT GCT GCT GAA TTA ATA AAA TAT GGA AAA CAA GAT ATT GTA TTT GCA GGA GGG CAA GAA TTT GAT GCG ATG GGG GCT ATG TCC TCT AAT TTC AAT GAT GAT CCT TGT AGT GCT TCC AGG CCT TAT GAC ATA AAA CGA GAT GGA TTT GTT ATA TCT GGA GGA GGC GCA ATG CTG GTT CTA GAA GAA ATG AAT AGA GCT AAA GCT CGT GGT GCA AAA ATT TAT GCA GAA ATA TTG GGA TAT GGA AGC ACA TGT GAT GGA CAT GAT ATG GTA TCT CCC GGA GAA GGA GCT GTG CGA TGC ATG CGT CAA GCC TTA AGC GTC GAC TAT ATT AAT ACT CAT GGT ACT TCT ACT GAT CAA AAA GAA ATA GAA GCA ATA AGA GAA GTG TTT AAG AAT TCA ACA AAG TCT TTA ACT GGA CAT TCT CTC GGA GCT GCA GGA GCA CAG GAA GCA ATA TAT TGT TTG ATT ATG ATG CAA GAA AAT TTC ATT GGC GAA AGT AAA AAT ATT GAT AAC ATT GAC CCT AAA CTA CCT ATA GTT CAA AAA CGA ATT GAT GAT GCA AAG CTT GAT GTA GTT TTA TCT AAC TCT TTT GGA TTC GGC GGA ACT AAT GCT AGC CTT CTA TTC CAG CGC 
CLam_WP_007557081.1             ATG AGA CGT GTA GTT GTA ACT GGG ATT GGA ATG ATT ACT CCT CTT GGA TGC GGT TTT GAA AAC AGT TGG TCT AGA CTT ATT GCA GGA GAG AGA GGA ATA GCA AGT GAT ATT GAT CTA GAT GGT CTT TCT TGT AAA ATT GCT GGA ATT TCT CCT AAA GAG TAT CGT AAA ATT GAT AAA TTC ATT TTA TAT GGC ATG GTT GCT TCT GAT ATG GCA ATT GCT GAT TCT AAT TGG TGT CCT GAT GAG GAT CAT GAT TCT GCA GGG GTA GTA TTC GGA TCA GGG ATG GGT GGT ATA CAT AGG ATA GTG GAG AGC AGT TAT GTT CTT CGT CGC AAA ATA TCG CCT TTT ACT GTT CCT GGA AGT ATT ATC AGT CTT TTA TCT GGG AAT ATT TCT ATT AGA CAT AAA TTA AGA GGG CCT AAT CAT GCT GTA ACA ACG GCT TGT TCC AGT GGT GCT CAT GCT ATT GGC GAT GCC TCT CGT CTT ATC GCC CAT GGT GAT GCA GAT TTA ATG ATT GCT GGT GGG GCT GAA TTT GCT GCA TGT AGA GCA TTG TCT ACT CAT TTT AAT GAT AAT CCT GGT ATA GCA TCT AGG CCG TTT GAT CGA GAT AGA GAT GGC TTT GTT ATG GGC GAA GGA GCT GGA GCT CTG GTA TTA GAA GAG TTA GAA CAT GCA AAG GCT CGT GGT GCT AGA ATT TAT TCT GAA TTG GTA GGA TAT GGT CTT TCT GGT GAC GCT TTC CAT ATT ACT GCT CCT GGG AAT GGT GCG TAT CGT TGT ATG TCT TCC GCT ATT TCT GTT GAT TAT ATA AAT GCT CAT GGG ACA TCG ACG GAT ATT ATA GAG CTT GGA GCT GTT GAA AGA TTA ATG GGA GAT TCT ACT AAA TCA TCT ATG GGG CAT TTG CTT GGG GCT GCA GGT GCT GTC GAA GCT GCT ATT TGC AAC CTT GCT ATT CGT GAT AAT ATA GTT CCT GCG ACA CTT AAT CTT GAT AAT CCA TCA AGA GAA ATT GAT TTA TTG CCT CAC AAT GCA AAG AAA AAA GAT ATA AAT GTT GTC ATG TCA AAC TCT TTT GGT TTT GGC GGA ACA AAT GTT TCT TTG ATT TTC AGT AGG 
CLas_ACT56934.1                 ATG AGA CGG GTA GCT GTT ACA GGA ATG GGG ATT GTG TCT TCC ATA GGG AAT AAT GTT TCT GAG GTG GCG ATT TCG TTG CGA GAA GCA AGA TCT GGC ATT TCA GAA GAT TTT GCG AAA TTT GGC TTT CGT TGC CAA GTA TGG GGG ATT GAC CGA AAA GCC ATG CGT TTT CTA TCA CAG GGA GGA ACG TGG GGG CAT CTC GCT ATG CAA GAA GCG ATT ACC GAT TCC CGC CTG CAA CCG GAA ATA ACT CAT GAA AGG ACA GGG TTA ATT GCT GGA TCA GGT GGG CCT TCT ACG AAA TGC ATT GTT AGT GCC GCT GAT CTT ACT CGC CGG CGT ATA GGT CCA TTT GCA GTA CCT AAA GCA ATG TCA TCT ACG GCA TCT GCC ACT TTG TCA ACT TGG TTT AAA ATA CGC GGA ACT AGC TAT TCA ATT TCT TCA GCT TGC GCT ACT TCT GCC CAT TGC ATC GGG AAT GCT GCA GAA TTA ATT CAA TCT GGG AAA CAA GAT ATA ATG TTT GCA GGG GGA CAA GAA TTT GAT GCA ATG GGC GCC ATG TCG TCA CAT TTC AAT CAC GAT CCT TGT TCT GCC TCT AGA CCA TAT GAT TCT AGA CGC GAT GGA TTT GTA ATA TCT GGC GGA GCA GCA GTC ATT GTT CTG GAG GAA ATG GAA CGA GCT AAA GCA CGT GGT GCA AAA ATT TAT GCT GAA TTA ACT GGG TAT GGC AGT ACG TGT GAT GGC GAC GAT ATG GTG TCT CCT GGA GAA GGA GCT ATA CGT TGC ATG CGT CAG GCT TTA AGC GTC GAT TAT ATT AAT ACT CAT GGA ACA GCA ACT GAT AAA AAG GAA GTA GAG GCT ATT AGA GAG GTA TTT AAA GGT TCA ACG AAG TCT CTA ACT GGA CAT TCG TTA GGC GCT GCA GGA GCT CAA GAG GCA ATC TAT TGT TTA ATA ATG ATG CAA GAG AGG TTT ATC GGA GAA AGT AAA AAT ATT GAG GAA ATC GAT CCT GAA ATC CCA ATA GTT CGA AAA CGC ATT GAT AAT GCA AAA ATT GAT ACG GTT CTG TCC AAT TCT TTT GGA TTC GGT GGA ACA AAT GCA ACT CTT GTC TTT CGC CGA 
CLas_ACT57006.1                 ATG AGA CGT GTG GTT GTA ACG GGA CTT GGA ATG ATC ACC CCC CTT GGG TGT GGA GTC GAT GTG AGT TGG TCT CGC CTT ATT GCG GGT GAG GTA GGA ATT GAT CAA AAA TTT GAT TTG GAA GGT TTG TCT TCT AAG ATT GCG GGC ATT CTT TCT TCG GAT CTT CGC AAA ATT GAC CAG TTC ATT CTG TAT GGT ATG GTC GCA TCT GAT ATG GCG CTT GCC GAC TCT GGA TGG GCT CCT GAT AAG GAT CGA AAT TCT ACA GGA GTA GTT TTT GGA TCT GGT ATG GGA GGA CTG AAT AGA ATT GTG GAA AGC AGT AAT GTG CTT CGG CGC AAG ATT TCT CCT TTT ACT GTC CCT GGA AGT ATT ATC AGT CTT CTA TCT GGT AAT ATT TCC ATC CGT AAT CAA TTA AGA GGT CCC AAC CAT GCC GTA ACG ACA GCG TGT TCT AGT GGA GCT CAT GCT ATT GGT GAT GCA TCA CGT CTT ATT GCC TTC GGT GAT GCA GAT GTG ATG GTT GCT GGT GGA GCA GAA TTT GCT GCA TGT CGG GCT TTG TCA ACT CGA TTT AAT GAT GAT CCT ACA AGG GCT TCT AGG CCG TTT GAT CAA GAT AGA GAT GGC TTT GTC ATG GGT GAA GGG GCG GGA GCA TTG GTC TTA GAA GAT CTT GAG CAT GCC AAG GCT CGT GGT GCT AAA ATT TAT TCT GAA ATA ATT GGA TAT GGT CTT TCA GGA GAT GCC TTC CAT ATT ACT ATG CCA GGA AAT GGT GCG TAT CGC TGT ATG TCT TCT GCA ATT GCT ATA GAT TAT ATC AAC GCC CAT GGG ACG TCT ACT GAT ACC ATA GAA CTT GGT GCC GTT GAA AGA TTG ATG GGC GAT AGC ACT AAA TCT GCA ATG GGG CAT TTG CTT GGA GCA GCA GGC GCG GTT GAA GCT GCT ATT TGT AAT CTT GCA ATT CGT GAT GGT ATT GTT CCC GCA ACT CTT AAT CTA GAT AAT CCA GCG AAA AAA ATA GAT TTG GTG CCA CAC AGG GCT ATT AAG AAG AAT GTT AAT GTT GCT ATG TCT AAT TCT TTC GGT TTT GGA GGA ACT AAC GTT TCT CTA GTA TTT AGA AAG 
CLso_ADR52091.1                 ATG AGA CGG ATA GCA GTG ACA GGA ATG GGA ATT GTA TCT TCC ATC GGA AAC AAT GTT TCT GAA GTT GCG ACA GCA CTA TGG AAG GCA CAA TCC GGC ATC TCG GAG GAT TTC GCA AGG CTT GGT TTT CGT TGC CAA GTA TGG GGA GTC GAT CGA AAG GCT ATG CGT TTT CTG TCG CAA GGG GGA ATG TGG GGA CAT ATC GCT ATG CAG CAA GCA ATT GCT GAT TCT GGC TTG GAC CAA GAA ATA ACC CAT GAA AGA ACC GGA TTA ATT GTG GGA TCA GGA GGG CCC TCT ACT AAA TGC ATC GTA GAT TCT GCA CAA CTA ACT CAA CGA CGT GTA GGC CCA TTT GCA GTG CCC AAA GCA ATG TCA TCG ACA GCT TCT GCA AAT CTG TCA ACT TGG TTT AAG ATA CTT GGA ACA AGC TAT TCA ATA TCT TCG GCT TGC TCT ACT TCT GCT CAC TGC ATT GGA AAT GCT GCA GAA CTA ATC CAA TCT GGG AAG CAA GAT ATA ATG TTC GCA GGA GGG CAA GAA TTT GAT GCA ATG GGC GCT ATG TCT TCG CAT TTT AAT GAC AAT CCC CGT GCC GCC TCT AGA CCC TAT GAT TCT CAA CGT GAT GGA TTT GTG ATC TCT GGA GGG GCA GCA ATA CTC GTT ATG GAG GAA ATG GAA CGA GCT AAA GCA CGT GGC GCA AAA ATT TAT GCT GAA CTT TCC GGC TAC GGG AGT ACA TGC GAT GGT TGT GAT ATG GTA TCT CCT GGA GAA GGA GCT GTG CGT TGC ATG CGT CAA GCT TTG AGT ATT GAT TAT ATT AAT ACC CAC GGA ACC GCA ACT GAT AAA AAA GAA ATT GAA GCT ATT AAA GAA GTA TTC AAA GAT TCA ACA AAA TCT CTA ACT GGG CAC TCC TTG GGT GCT GCT GGA GCA CAA GAG GCA ATA TAT TCC TTA ATA ATG ATG CAA AAA AAT TTT ATT GGT GAA AGT AAA AAT ATT GAA GAA ATT GAT CCT GAA TTA CCA ATA GTT CGG AAA AGA ATT GAT AAT GTA CAA ATT GAT ACA GTT TTA TCC AAT TCT TTC GGA TTT GGT GGA ACA AAT GCC ACC CTT GTC TTT CAG CGC 
CLso_ADR52863.1                 ATG AGG CGC GTA GTT GTA ACG GGG CTG GGG ATG ATT ACT CCA CTT GGA TGT GGA GTT GAT ATT AGT TGG TCT CGC CTT ATC GCA GGT GAA GTA GGA ATT GAT AAA AAA TTC AGC TTG GAG GGT TTG CCT TCT AAA ATA GCG GGC ATT TCT CCG CAA GAA CTT CGG AGA ATT GAT CAG TTT ATT TTG TAT GGT ATG GTA GCT TCA GAT ATG GCT CTT GCT GAT TCT GGT TGG TGT CCA GAG AAA GAG CGT GAT TTT GCC GGA GTG ATA TTT GGA TCA GGT ATG GGG GGG CTT AAT AGA ATA GTG GAA AGT AGC GAT GTT CTT CGT CGA AGG ATT TCT CCT TTT ACT GTT CCG GGA AGT ATT ATT AGT CTT TTA TCT GGC AAT ATT TCT ATC CGT CAT AAG TTA AAA GGT CCA AAT CAT GCT GTA ACC ACA GCT TGT TCT AGT GGG GCT CAT GCG ATT GGA GAT GCA TCC CGT CTT ATT GCT TTT GGT GAT GCA GAT ATT ATG GTT GCA GGT GGA GCA GAA TTT GCT GCA TGT CGG TCT TTA TCG ACT CGG TTC AAT AAT GAT CCT ATG AGA GCC TCT AGA CCC TTT GAT CGA GAT AGA GAT GGT TTT GTC ATG GGT GAG GGA GCC GGT GCA TTA GTT TTA GAA GAT CTT GAG CAT GCA AAG GCT CGT GGC GCT AGA ATT TAT TCT GAA CTA ATT GGA TAT GGT CTT TCG GGT GAT GCC TAC CAT ATT ACT ATG CCA GGA GAT GGG GCA TAT CGT TGT ATG ACT TCT GCA ATT TCT GTG GAT TAC ATA AAT GCT CAT GGC ACA TCT ACT GAT GGC ATA GAA CTT AGA GCT GTA GAA AAA TTG ATG GGT GAT AGT ACT AAA TCT TCC ATG GGG CAT TTG CTT GGG GCA GCA GGA GCG GTT GAG GCG GCT ATT TGC AAT CTT GCA ATT CGT GAT AGT ATT GTT CCT GCA ACT CTT AAT CTA GAC AAT CCA GAA AGA GAG ATA GAT CTG GTT CCG CAT AAA CCG CGC AAA AAG AAT ATT GAT GTT GCT ATG TCT AAT TCT TTT GGT TTT GGA GGG ACT AAT GCT TCT TTA ATA TTT CGG AAG 
Lcr_WP_015273427.1              GTG AGG CGT GTT GTT GTA ACC GGT ATT GGA ATG ATC ACT CCA CTC GCG TGT GGA GTT GAT AAG ACC TGG TCT CGT CTT ATT GAA GGA GAG CAA GCA ATC ATC ACA GAA TTT GAT ACA GAA GGC TTA ACG TGT AAA ATA GCT GGT GTA TCG TTA AAA GAT CGT CGT AAA ATA GAT GAC TTT ATC CTG TAT GGT TCA GTA GCA GCT GAT ATG GCG ATT GCT GAT TCT GGT TGG TTC CCT GAT GAA GAG CAA ACT TCT ACA GGA GTG ATA TTC GGT TCT GGT ATG GGG GGA TTA AAA GGG ATA GTA AAA AGC GCA TAT GTT CTC CGG CGA AAG GTG TCT CCT TTT ACA GTT CCT GCT AAT ATT ATC AAT ATT TTA TCT GGA AAT GTT TCT ATT CGG CAT AAT CTG CGA GGA CCT AAT CAT GCT GTT ACA ACT GCA TGT TCT AGT GGT GCT CAT GCG ATT GGG GAT GCA TCT CGT CTT ATA GCT ATT GGT GAT GCA GAT GTA ATG GTT GCT GGA GGG GCT GAA TTT GCT TCA TGT AGA GCA TTG TCT ACA AAA TAT AAT GAT GAG CCT CAT AAA GCA TCA AGG CCT TAT GAT ATT AAC CGT GAT GGT TTT GTT ATG GGG GAG GGT GCT GGT GTT GTT GTT TTA GAG GAG CTA GAG CAT GCT AAG GTG CGT GGT GCG CAA ATT TAT GCT GAA TTA GTT GGG TAT GGT CTT TCT GGT GAT GCC TTT CAT GTG ACC TTA CCT GGT AAT GGG GCA TAT CGT TCT ATG GTT GCT GCA ATT AAT ATT GAT TAT ATC AAT TCT CAC GGG ACA TCT ACT GAT ATT ATT GAG CTT GGT GCA GTA GAG AGA TTT ATG GGT GAA AGC ACA AAA TCT TCT ATT GGG CAT TTG CTT GGT GCA GCA GGA GCT GTT GAA GCG ATT TTT TCA ATA CTT TCA ATT CGT GAT AAT GTA GCT CCT CCT ACT CTT AAT CTT GAT AAT CTA GAA CGT GAG ATA GAT CTT ATT CCT CAT AAG GCA CGA GAA AAA AGA ATT GAT GTT GTT ATG ACT AAT TCT TTT GGA TTT GGT GGA ACG AAT GTT TCC TTA GTA TTT AAA AGA 
Lcr_WP_041770507.1              ATG AGA CGA GTA GTC ATT ACA GGG CTG GGC ATA GTG TCT CCT ATA GGG AAC AAT GCA TCT GAC GTT ACG TTA TCC TTA CAT GAG GCG AAA TCT GGT ATA TCA AAA GAT TTC TCA GAG CTT GGT TTC CGT TGC CAA GTA TGG GGA ATT GAA CGT AAA GCC ATG CGT TTC TTA TCT CAA GGA GGT GCA TGG AAC CAT ATT GCC ATG AAA CAA GCA ATT GCT GAC TCA GGA TTA GAA AAA GAT ATT AGT AAT GAA AGA ACA GGC CTT ATC ATA GGG TCA GGA GGG CCT TCT ACT CGC GTT ATT GTT GAA GCT GCT CTT ACT ACA AAG CGC CGT ATA GGC CCT TTT TCT GTC CCT AAG GCT ATG TCA TCA AGT GCT TCT GCT ACA TTG GCA ACT TGG TTT CAA ATA CAT GGA GTT AAT TAC TCA ATA TCT TCA GCT TGT TCC ACT TCT GCT CAT TGT ATA GGT AAT GCT GCA GAA ATG ATT ATG TGG GGA AAA CAG GAC TTA ATG TTT GCA GGC GGA CAA GAG TTT GAT GCT ATG GGA GCT ATG TCA TCA AAA TTT AAT CTT AAT CCT CAA GTT GCT TCA CGT GCT TAT GAT ATA AAT CGT GAT GGC TTT GTT ATA TCA GGC GGA GCT GGT ATT CTA ATA TTA GAA GAA CTT GAA AGG GCA AAA GCA CGA GGT GCA AAA ATT TAT GCT GAA CTA AAA GGT TAT GGA GCT ACC TCC GAT GGT CAT GAC ATG GTT GTC CCT GGT GAA GGT GCT GTT CGA TGT ATG CGA CAA GCC TTA AGT GTC GAC TAT ATT AAC ACT CAT GGA ACT TCA ACT GAC ACT AGA GAG ATT GAA GCA ATT CGA AAA GTT TTC GGG AAC TCA ACA AAA TCT TTA ACT GGT CAT TCT TTA GGT GCG GCT GGT GTC CAA GAA TCA ATA TAT ACA TTA CTG ATG ATG CAA GAA AAC TTT ATT GCT GAA AGT GCA AAT ATT GAA ACT CTA GAT CCA GAA ATA CCT ATT GTT AGG AAA CGT ATT GAT AAT GCA AAA ATT GAT GTA GCC CTA TCT AAT TCT TTT GGC TTT GGT GGG ACA AAT GCC ACT CTT GTA TTC CAG CGT 



Printing out site pattern counts


        10       1068  P

CLaf_AKK20368.1                 AAA AAA AAA AAA AAA AAA AAA AAA AAA AAA AAA AAA AAC AAC AAG AAG AAG AAT AAT AAT AAT AAT AAT AAT AAT AAT AAT AAT AAT AAT AAT ACA ACA ACA ACA ACA ACC ACT ACT ACT ACT ACT ACT ACT ACT AGA AGA AGA AGA AGA AGA AGA AGC AGC AGC AGC AGG AGG AGT AGT AGT AGT AGT ATA ATA ATA ATA ATA ATA ATC ATC ATG ATG ATG ATG ATG ATG ATG ATG ATG ATG ATG ATG ATT ATT ATT ATT ATT ATT ATT ATT ATT ATT ATT ATT ATT ATT ATT ATT ATT ATT ATT ATT CAA CAC CAG CAT CAT CAT CAT CAT CAT CAT CCA CCA CCG CCG CCG CCT CCT CCT CCT CCT CCT CCT CGA CGA CGC CGC CGG CGT CGT CGT CGT CGT CGT CGT CGT CTG CTT CTT CTT CTT CTT CTT CTT CTT CTT CTT CTT CTT GAA GAA GAA GAA GAA GAA GAA GAA GAC GAC GAC GAG GAG GAT GAT GAT GAT GAT GAT GAT GAT GAT GAT GAT GAT GAT GAT GAT GAT GAT GAT GAT GAT GAT GCA GCA GCA GCA GCA GCA GCA GCA GCA GCA GCA GCC GCC GCC GCG GCG GCG GCG GCG GCG GCG GCT GCT GCT GCT GCT GCT GCT GCT GCT GCT GCT GCT GCT GCT GCT GCT GCT GGA GGA GGA GGA GGA GGA GGA GGA GGA GGA GGA GGA GGA GGA GGC GGC GGC GGC GGC GGG GGG GGG GGG GGG GGT GGT GGT GGT GGT GGT GGT GGT GGT GGT GGT GGT GGT GGT GGT GGT GGT GGT GTA GTA GTA GTC GTG GTG GTG GTG GTG GTT GTT GTT GTT GTT GTT GTT GTT GTT GTT GTT GTT GTT GTT GTT GTT TAT TAT TAT TAT TAT TCA TCA TCA TCA TCG TCG TCG TCT TCT TCT TCT TCT TCT TCT TCT TCT TCT TCT TCT TCT TCT TCT TCT TCT TCT TCT TCT TGG TGG TGT TGT TGT TGT TGT TTA TTA TTA TTA TTA TTA TTC TTC TTG TTG TTG TTG TTG TTG TTG TTG TTG TTT TTT TTT TTT TTT TTT TTT TTT TTT TTT 
CLaf_AKK20194.1                 ... ..G ..T .T. C.. CCT CG. G.. G.. G.G G.T TTT ..T .G. ..A C.A GCA ..A ..G ... ... ... ... C.A G.A G.A G.G G.. GC. T.. TTA ... GTG T.. T.T TGC T.T ..A ..A ..C ... ... .G. G.A T.A .A. ... C.T C.T C.T TCT T.T .AG TCA TCA TCT G.C GTT .C. GCA GC. GTG TC. .A. ..C ..T G.C G.T T.. .CA ..G .CT ..A ... ... ... ..T CA. CAT GGC TCT T.A T.T .CC .C. ..A ..C ..C ..G ... ... ... CGA C.A GGA G.A G.A G.. TA. TCA T.A T.C T.G A.G T.T ... A.A ... ... ... .GA G.. TT. A.C ... ATT ..T T.C ..C ..G ... ... .GA .GA GGC AAT GAG ..T GCG ..C AA. .AA ..A ..G ... ... GAA T.G A.A AAA ACG AC. AGC A.A A.A A.G A.G A.. A.. ..G T.G A.. AG. ... ... ... ... .GC TTT ..A ..T ..T ..A ..A A.A A.A A.. A.. ACC C.A CCA ..A ..A ..C ..G ... ... ... ... ... ... .C. TCA TCG TC. AA. ATC CAG .A. .AT ... ... ... ..G ..T ..T A.T ..T T.T CAA ..A ..C ..T ..T .TT TGT ATA CAA CAA .AA .A. ..A ..A ..A ..A ..C ... ... ... .GA .G. T.A TGG AAG CCT .C. .CT ... ... ... ..C ..C ..G ..G ..G TCT TCT AAA ..A ..A ..G ..G ..A ..A ..A ..A ..C AA. .AA .C. ..A ..A ..A ..A ..A ..C ..C ..C ..G ..G ... ... ... TC. T.. ..C TCT T.. ..T A.C A.T ..A ..T ..T A.A A.C A.C A.. A.. A.. CAA .AA .A. .CA .CA ..A ..G ... TC. T.C GTG ... ... ... .GG A.G ATG ATT G.. AAA AT. ... A.C ATC CGA CG. CG. CTA GA. G.. GG. ..A ..A ..C ..C ... ... ... ... ... ... .GC GCT .TA AAC ATG .CC ..C ..C AA. A.. A.G A.T C.C GC. GGA .AT ACC A.A A.C A.. A.. G.A .C. ..A ..T GC. .A. .C. ..C ..C ... ... ... ... ... 
CLam_WP_007556830.1             ... ..G G.T .TT ... CCT CGC ... G.. G.. G.T TTC ..T .G. ..A C.. GCA ..A ..G ..C ... ... ... G.A G.A G.A ..C G.. .C. GC. TTG ..T GT. T.. T.T TGT T.T ..A ... ..A ... ... .G. G.. T.. ... ..G C.. C.T CT. .T. T.C .AT TCA TCA TCT G.. ..T .CA GCA GC. GT. TCC .A. ..T ..T C.. G.C T.G CAA ..G .CT ..A ... ... G.A ..T CA. CAT GGT TCT T.A T.T G.A .CA ..A ..A ... ..G ..A ... ... CGA C.A GGA G.A G.A G.. TA. TCA T.A T.C T.A A.. T.T ..A A.A ..C ... ... AGA G.. TT. A.. ..T ATT ..C T.T ... ..A ..A ..A AGA .AA GGC AAT GA. ..T TCA ..A AA. .AA ..G A.A ..A ... GAA T.G A.A AAA ACA AC. AGC A.G A.. A.G A.G A.A A.C T.G ..C A.. AG. A.T ... ... ... .G. C.. ..A ... ..T ..A ..A A.A A.A A.. ... ACA C.G CC. ... ... ..C ..A A.. ..A ... ... ... ... .CC TCG .CA TC. AG. ATG CA. .A. .AC ..G ..T ..T ... ..C ..T A.T ..A ... CAA ..A ..A ..T ..T .TT TGC ATA AAA CAA .AA .A. ..A ..A ..A ... ... ... ... ... .GC .GA T.A TGG AA. CC. .C. .CT ..G ..G ..T ... ... ... ..C ..G TCT TCT AAG ..A ..T ..A ..A ..A ..A ..A ..A ..C AA. .AA .CA ..A ..A ..A ..A ..C ..A ..A ... ..A ..A ..A ..A ..C TCA T.. C.. TC. A.. ..T A.A TCA A.A A.A ..T A.. A.. A.. A.A A.C C.. CAG .AA .A. .C. .C. ... ... A.. T.G T.. GTG ... ... ... .GG A.. ATG ATT G.T AGC AT. ..C AGC A.A AGA CG. CG. .TA GA. G.A GG. ..A ..A ..C ... G.A ..A ... ... ... ... .G. .CA .TA AAC ATG ... ..C ..C AG. A.. C.. A.T C.T GC. GGA CAT AAT C.. A.A ACT A.. G.. .CT ..A ..C GCA .A. .A. ..C ... ..C ..C ... ... ... 
CLam_WP_007557081.1             .G. ... ... G.G ... .G. .GG G.. .GT .G. G.T ... ..T ..T ... .GT ..A C.. G.. ..C ... ... ... TG. ... G.. ... ... ... T.. ..C G.. ..T ..G ... GGT ..T ... ..A ... ..A ..G ..A ... ... ... ..G ... .A. ... C.. ..G .AT GCA TCT ... ..A .TA ... ... ... ... ... ... ... ..T ..T G.T G.. ..T ..T ... ... ... ... ... ... ... ... ... GCT ... ... G.. ... ..A ..C ... ... ..A ..A G.. ... ... ... ... ... G.A ... ..C ... ..A ... A.. ..T A.A ..C ... ... ... ... ... ... ..T ..G ..A ..T ..T ... ... ... ... ... ... ... .AT ..T ..T A.A AAT .A. ... ..C ... ... ... ... A.A ..T ... ... A.A ... TA. ... A.. T.A ... A.. ... ... ..G ... ... ... ... ..G ... ..T ..T ..T ... ..A ..A ... ... ... ... ... ... ... ... ... ... ..G ... ..G A.. ... ... ... ..G ... ... ..A AA. ..T ... ..G T.. ... ..T ..T ... ..T ..G ..T ..T ..T ..T ..T ..A ..C ..T .TC ..T ... ..C T.C ..A ... ... ... ... ..A ..A ..A ... ... ... ... ... ... ... ..T ... ..G ... ..G ... AAT ... ..G ... ..C ..C ..T ..A ..G ..G ..A ..T ..A ..A ... ... ..C ... ..A ..A ..C ..G ... ... ..C ..A ..G ... ..G ... ... ... ... ... ... A.T AG. T.G T.G ..A ..T ..A ... ..A T.A ..A ... ... A.. A.A ..C AAC AAG ... ... ... ... T.. ..A A.. ... ... ... ... ... ..T ..T G.. ..T ..T G.T ..T ... ... ... ... ... ... ... ... ..G ..A ... ... ..G ..C ... ..A ..A ... ... .G. ... ... ..C ... ..C ... ... C.. ... ... C.T ..G ... ... ... C.T C.. ..A ..A ... ..A ... C.T C.T ..C ... CA. ... ... ..C ... A.. ... ... 
CLas_ACT56934.1                 ... ..G ..T .T. C.. CCT CG. G.. G.. G.G G.T TTT ..T .G. ..A CGC GCA ..A ..A ... ... ... ... C.A G.A G.A G.A G.. .C. G.. TTA ... GTG T.. T.T TGT T.T ..A ..A ..G ..A ... .G. G.A T.A ... ... C.C C.T C.C TCT T.C ..G TCA TCA GC. G.C TCT .C. GCA GC. GTG TC. .AG ..T ..T ..C G.C T.. .AA ..G .CT ..A ... ... ... ..T GAA CAT GG. TCT C.. T.T .CG .C. ..A ... ..C ..G ... ... ..C CGA C.A GGA G.A G.G G.. TA. TCA T.A T.. T.G A.. T.T ... A.A ... ... ... .GA G.. TT. A.T ... ATC ..T T.C ... ..A ..G ... .GA .GA GGA .AT ..C ..T TCG ..C .A. .AA ..G ..G ... ... GAA T.G G.A AAA ACG ACG AG. A.G A.A A.G A.G A.A A.. T.G T.A AG. AG. ... ..G ..G ... .GC TTT ..G ..T ..T ..A ..A A.A AGA A.. C.C AC. C.A CCA ..A ..G ... ..A .G. AG. ... ... ... ... .CC TCA .CG TC. AA. .TC CA. .A. .AT ... ..C ..T ... ..T ..T A.T ..T A.. CAA ..T ... ..T ..T .TT TGC ATC CAA CAG .AA .A. ..A ..A ..A ..C ... ..C ..A ... ..A .GC T.A TGG AA. CCT .C. .CC ..G ... ... C.C ..G ... ..G ..G TCT TCT AAA ..G ..A ..G ..G ..A ..A ..A ..C ..T AA. .AG .CA ..A ..A ..A ..A ..G ..C ... ... ..A ..G ..A ..C ..C TC. T.. ..C TCT T.. ..T A.T C.T ..A ..T ..T A.A A.. C.C A.. A.. A.. CAA .AG .A. .CA .C. ..A ..A ... AC. T.. ATA ... ... ... .GG A.G ATG ATT G.. AGC AT. ... A.. AT. AGG CG. CG. CTA GAC G.. GG. ..A ..A ... G.A G.. ... ..C ... ..C ... .GC GC. CT. AA. ATG ... ..C ..C AA. A.. C.G A.T C.T GC. GGA GA. ACT A.T A.A AC. A.. G.A .C. ..A ..T GC. .A. .C. ..C ... ... ..C ... ... ... 
CLas_ACT57006.1                 ... ... ..G ..G ..G ... ..G ... C.. .G. ... ... ..T ... ... .GA ... ... ... ... ..C ..C ... GC. ... ... ... ... ... ... ... ... ..T ... ..G ... ... ..G ... ... ..G ... ... ... ... ... ..G ... .AG ... CA. ... G.T GAT ... ... C.. ... ... ... ... ... ... ... ..T ..T ... ... G.. .C. ..T ... ... ... ... ... ... ... ... ... ... ... ... G.. ..C ... ... ... ... ... ..C G.. ... ... ... ... ..C G.C ... ..C ... ... ... ... ..T ... ..C ... ... ... ... ... A.. ..C ..G ..A ..A ..C ... ... ... ... T.. ..A ..C ... ..G ... ... A.. ..A ... ..C ... ..C ... ... ... ..T ... ... ..G ... ... ... ... ... ... ... ... ... ..G ... ..G ... ... ... ... ... ..T ..T ..T ..A ..A ... ... ... ... ... ... ... ... ... ... ... ... ..A ... ..C ... ... ... ..C ... ... T.G ... ... ... ..G ... ..T ... ... ... ..G ... ... ... ..A ... ... ..A ..A ..T ..T ... ..C T.. ..G ... ... ... ... ... ..C ... ... ..G ..G ..C ..C ..G ... ... ... ..T ..G ... ... ... ... ... ... ..T ..T ... ... ..A ..G ... ..T ..A ... ..A ..A ..A ..A ... ... ..C ... ..C ... ... ..A ... ... ..G ... ... ... ... ..A ..A ... ... A.. ..G ..A ... ... ... ..A ..G ... ..C ... A.. ... ... ..G A.. ... ... ..C ..C ..C A.. ... ... ... ... ... ... ... ..T G.T ... G.T G.A ..A ... ... ... ... ... G.A CT. ... ... ... ..C ... ... ... ... ... ... ... ... ... ... ... ... ... ... ... ... ..G ..G ... C.. C.. C.. ... ... C.T ... ..A C.. ... ... ... C.T ... ... ... ..C ... ... ... ... ... ..C ... 
CLso_ADR52091.1                 ... ... ..T .T. C.. CCT CGC G.. G.G G.. G.T TTT ..T .G. ..A C.. GTA ..A C.A ... ... ... ... G.C G.A G.A G.A G.. ... C.A TTA ..C GT. T.G T.T CGT T.T ..A ..A ..A ..C ... .G. G.A T.G ... ... C.T C.T CTT TCT T.C .AT TCG TCA TCT G.C GCC .C. GCA GCA GT. TCG .A. ..C ..T T.. ..T T.. .AA ..G .CT ..C ... ... ... ..T CAA CAT GG. TCT T.A T.C .CA .C. G.A ..C ... ..G ..C ... ... TGG C.G GGA G.A G.A G.. TA. TCA T.G T.. C.G A.G T.T ..A A.A ..C ..C ..C .GA G.. TT. A.. ..C ATT ..T T.C ..C ..A .AA ..C .GA .GG GG. .AT .A. ..T GCA A.A .A. .AA ..A ..G ... ... GAA T.G A.T AAA ACA AC. AG. A.G A.A A.G A.G A.C A.. ..A T.G C.. A.. ... ..G ..G ... .G. CTT A.A ..T ..T ..A ..A A.G C.A A.. ..C ACC C.G CCA ..A ..A ... ..A ... ... A.. ... ... ... .C. TCG .CA TC. AAG AT. CA. .A. .AT ... ..T ..T ..T ..T ..T A.. ..T ..T CAA ..A ..A ..T ..T .TT TGC ATA CAA CAA AAG .A. ..A ..A ..A ... ... ..C ..A ... ..A .G. T.A TGG AA. CCC .C. .C. ... ..G ... ..C ..C ... ... ... TCT TCT AAA ..A ..A ..A ..A ..A ... ..A ..T ..T AA. .AA .CA ..A ..A ..A ..A ..A ..C ..A ..C ..G ..G ..A ..G ... TC. T.C ..C TCC C.T ..T A.A C.A A.A ..A ... A.A A.. A.C A.. ..C A.. CAA .AA .A. .CC .CA ..G ..G ... TCC T.C GTG ..C ... ... .GG A.. ATG ATT G.. AGT AT. ..T A.C A.A AGA CG. CG. CTA GA. G.. GGC ..A ..A ... G.A ... ... ..C ... ... ... .GC GC. .T. AAC ATG .CC ..C ..C AGG A.. A.G A.T C.T GCT GGG .GT ACT C.C A.A A.. A.. G.A .CC C.A ..T G.G .A. .C. ... ... ... ... ..C ..C ... 
CLso_ADR52863.1                 .G. ... ... ... ... .G. ..G G.G ... ... ... .G. ..T ..T ... CG. ... ... ... ... ... ... ... TG. G.. G.. ... G.. ... G.. ... G.C ..T ... ..C .TG ..T ..G ... ... ..A ... ... ... ... ..G ... ... ..G .A. C.. ... ..T GAT ..T ..T C.. ..A ... ... ..C ... ... ... ..T ..T ... G.G G.G GG. ..T ... ... ... ... ... ... ... ... ... ... ... ... G.. ..C ... ... ... ... ..A ..A G.. ..C ... ... ..A ... G.. ... ... ... ... ... A.G ..T ... ... ... ... ... ... ... ... ... ..C ..A ..A ..A ... ... ..A ..G ..G ..G ... ..G ..T ..G ... AAA ... ... ..A ..C ... ... ... ... ..T ... ... ... ... ... ... ..G ... ... ... ... ... ... ... ..G ... ..G ... ..G ..G ..T ..T ..T ..A ..A ... ... ... A.. ..G ... ... ..G ..C ... ... ... ..A ... ... ... ... ..A ... AGC ... CA. ... ... ... .A. ... ..T ... ... ... ... ..T ..T ..T ..A ... ..T ..A ..T ..T ... ... ... T.. ..A ... ..A ..G ... T.. ..A ..C ... ... ..C ..C ... ..G ... ..G ..T ..C ... ... ... ..T ... ..G ..G ..T ..T ..G ..T ..A ... ... ..T ... ..A ..A ... ..A ..A A.A ... ... ... ..A ... ..A ..A ... ..C ..G ... ..G ... ... ..G ... A.. ... C.. ..T ..A ..T ..A ... ..A A.. A.A ..A ..A A.. A.. ... A.. CGC .C. ... ..C ... ... A.. ... ... ... ..C ... ... ..G ... C.G ..C ..T G.A ... ... ... .T. A.. C.. ..C ... ... ... ..A ... ... ... ... ... ... ... ... ... ... ... ... ... ... ..C ... ... ..G C.G ... C.. ... ... ..T .A. C.T ..A ..A ... ..A ... ... C.T ... ... ... ... ..C ... ... ... ..C ... ... 
Lcr_WP_015273427.1              C.. ... G.. G.. ... CGT .G. G.G .C. .G. G.. ... ..T ..T ... ..A ..A ..A .GA ... ... ... ... TTC ... .C. ... G.. ... T.. .TA ... ..C ..T ... CAT ..T ..C ..G ..A ..A ... ... ..A ..A ..G ..G C.T .AG C.. .TT G.G .AT .T. ... ... ..A .AA ... .A. GCA .CC .A. ..T ..C ..T ... ..T G.G ..T ..T ..T ... ... G.. ... ... ... TCA ... T.A ... ... G.. ... G.G ..A ... G.G ..A ..C GC. ... ..A ..C ..A ..C G.. T.. ..C ... G.A G.. A.T ..T G.C ... ... ..C ... ... ... ... ..T ..T .TA ..T ..A ... ... ... ... TTA ... ... AA. ..G ..T ..T AA. .AA ... ..A ... ... ... ... ..G ..T ... A.. T.A ... .G. ... A.. ..A ..C A.. ... ... ..G ..G ..G ..G ... ..G ..G ... ..T ..T ..T ..A ..A ... A.C ... ... ..G ... ... ... ... ... ..G ..A A.A ..G ... ... ... ... ... ... ... AA. .TT ... C.T .A. T.. ..T ... ... ... ... T.T ..A ..T ..T ..T ... ..A ..A .TT ... AT. ... ... .AA ... ... ..G ..G ..A ... ..A .TG ..A ... ..C ... ... .CT ..G ..T ... .CG ..G ..T ..T ..G ..T ... ..T ..G ..T ..T ..A ..G ..T ..A ..A ..T ..T ..T ..T ..A ... ..A ... ..A ..A ..A ..G .CA ... ... ..G ... ..G ... ..C ..A ... ... CA. T.. A.T ..T ..T ..T ..A ..A ..A A.A ..A ..A ..A A.. ... AAG CGA ... ... ... ... ... ... ... ... ... ... ... ... ..T G.T G.. ..T AAT ..A ..T ..C ... ... GT. A.G ... ..G G.. ... ... ... ..A ... ... ... A.. ... ... ... .G. ... ... ... ... .CA .C. ... AC. C.T ... C.T ... ... ..T ..T C.C G.T C.. C.. ... ..T ... C.T ..A ..C .A. A.. .A. ... ... ... ... ... ... 
Lcr_WP_041770507.1              ... ... ..T .TT C.. CC. CGT G.. ... ... G.T TTC ..T ..T ..A C.. GCA CGC ..A ... ..C ... ... G.A G.A G.A .C. G.. .CA CT. TTA ... GTT T.. T.T CA. T.T ..A ..A ..A ... ... .G. T.. T.A ... C.T C.T C.T CAT .T. GTT .A. TCA TCA GCT G.A GTT .C. GC. GC. GT. TCA .G. ... ..T ... G.C C.T .CT ..G .CT ..A ... ... ... ..A CAA CAT GG. G.C C.A T.C G.A .C. ..A ... ..A ..G ... ... ... CA. T.A GG. G.A G.G ..A TA. TCA T.A T.. T.G ... T.. ..A A.A ... ... ... AGG G.C TT. GTT G.T .TA ..T ..T ... ... AAA ... .G. AGG G.. AA. AAG ..T TC. ..T AA. .AA ..C ..A ..A ..A GAA T.G A.T GCA AG. AC. GC. A.G ..G ..G ... A.A A.. T.A T.A A.. CG. ... ... ... ..G .GC CTT ..A ... ..T ..A ... A.A A.. A.. CT. AG. A.A CC. ... ..A ... ..A A.C ..A A.. ..C ..C ... .CC TC. TCA TC. AA. ATT CAG .A. .AT ..T ..T ..G ..T ..C ..T A.T ..A ..T CAA .TC ..A ..T ..C ..C TGT ATA ATG CAA .AG .A. ..A T.A ..A ... ..A ... ..A ... ... .G. T.A TGG AAG CCT ..T .CT ..G ... ..G ... ..T ..G ..C AAC TC. TCT ..G ... ..A ..A ... ... ..A ..T ..T ..T AA. .AA .CG ..C ..A ... ..C ... ... ..A ... ... ..A ... ..A ... TC. TCC ... TCT C.. ..T A.A ACT ..A ..T A.T T.A A.C A.. A.. A.. A.. CAA .AC .A. .CC ..C ... ..C .CA AAA T.. GT. ... ... ... .GG A.C ATG ATT G.. AGT AT. ..A A.. .TA AGA CGA CG. .TA GAA G.. GGC ..A G.A ..A ..A ..C ... ... ... ..A ... .GC AC. .TA AAC ATG ACA ... ... GAG A.T ... A.T C.T GCT GGA CAT ACA C.A A.A GCA A.. G.T .CT A.. ..C A.A .A. .GG ... ... ..C ... ..C ... ... 

    1    1    1    1    1    1    1    1    1    1    1    1    1    1    1
    1    1    1    1    1    1    1    1    1    1    1    1    1    1    1
    1    1    1    1    1    1    1    1    1    1    1    1    1    1    1
    1    1    1    1    1    1    1    1    1    1    1    1    1    1    1
    1    1    1    1    1    1    1    1    1    1    2    1    1    1    1
    1    1    1    1    1    1    1    1    1    1    1    1    1    1    1
    1    1    1    1    1    1    1    1    1    1    1    1    1    1    1
    1    1    1    1    1    1    1    1    1    1    1    1    1    1    1
    1    1    1    1    1    1    1    1    1    1    1    1    1    1    1
    1    1    1    1    1    1    1    1    1    1    1    1    1    1    1
    1    1    1    1    1    1    1    1    1    1    1    1    1    1    1
    1    1    1    1    1    1    1    1    1    1    1    1    1    1    2
    1    1    1    1    1    1    1    1    1    1    1    1    1    1    1
    1    1    1    1    1    1    1    1    1    1    1    1    1    1    1
    1    1    1    1    1    1    1    1    1    1    1    1    1    1    1
    1    1    1    1    1    1    1    1    1    1    1    1    1    1    1
    1    1    1    1    1    1    1    1    1    1    1    1    1    1    1
    1    1    1    1    1    1    1    1    1    1    1    1    1    1    1
    1    1    1    1    1    1    1    1    1    1    1    1    1    1    1
    1    1    1    1    1    1    1    1    1    1    1    1    1    1    1
    1    1    1    1    1    1    1    1    1    1    1    1    1    1    1
    1    1    1    1    1    1    1    1    1    1    1    1    1    1    1
    1    1    1    1    1    1    1    1    1    1    1    1    1    1    1
    1    1    1    1    1    1    1    1    1    1    2

CODONML (in paml version 4.9i, September 2018)  C:\PycharmProjects\project_2_paml\paml_geno\paml_geno_5.fas
Model: One dN/dS ratio, 
Codon frequency model: Fequal
Site-class models: 
ns =  10  ls = 359

Codon usage in sequences
--------------------------------------------------------------------------------------------------------------------------------------
Phe TTT  11  11   8   8  13   9 | Ser TCT  20  20  15  19  16  20 | Tyr TAT   5   8   7   7   6   5 | Cys TGT   5   3   4   5   3   5
    TTC   2   4   6   4   2   4 |     TCC   0   4   3   2   3   1 |     TAC   0   0   0   0   0   0 |     TGC   0   4   4   2   5   0
Leu TTA   6   7   6   8   6   2 |     TCA   4   9  13   4   9   3 | *** TAA   0   0   0   0   0   0 | *** TGA   0   0   0   0   0   0
    TTG   9   2   4   5   2   7 |     TCG   3   3   1   2   3   1 |     TAG   0   0   0   0   0   0 | Trp TGG   2   3   3   2   3   2
--------------------------------------------------------------------------------------------------------------------------------------
Leu CTT  12   0   2  12   2  15 | Pro CCT   7   5   4  10   5   4 | His CAT   7   4   4  11   6   6 | Arg CGT   8   8   5   7   6   5
    CTC   0   1   1   0   1   0 |     CCC   0   1   1   0   0   3 |     CAC   1   0   1   1   1   1 |     CGC   2   1   1   1   6   4
    CTA   0   2   5   1   2   3 |     CCA   2   2   4   1   3   3 | Gln CAA   1   9   8   0   8   3 |     CGA   2   7   4   1   5   2
    CTG   1   1   1   1   3   2 |     CCG   3   1   0   1   1   1 |     CAG   1   3   4   0   2   1 |     CGG   1   1   1   0   2   2
--------------------------------------------------------------------------------------------------------------------------------------
Ile ATT  20  14  15  22  16  20 | Thr ACT   8   7   9   6  11   7 | Asn AAT  14  11  12  13   9  13 | Ser AGT   5   1   2   7   3   5
    ATC   3   9   2   2   5   4 |     ACC   1   6   0   0   1   2 |     AAC   2   1   3   3   0   3 |     AGC   4   2   4   1   2   2
    ATA   6  10  15   9   9   4 |     ACA   5   4   9   4   4   3 | Lys AAA  12  14  14   9  13   6 | Arg AGA   7   2   8  10   5   6
Met ATG  12  14  13  11  13  12 |     ACG   0   2   0   2   6   3 |     AAG   3   5   3   2   2   7 |     AGG   2   0   1   3   2   3
--------------------------------------------------------------------------------------------------------------------------------------
Val GTT  16   8   7  10   6   9 | Ala GCT  17  16  17  24  14  14 | Asp GAT  22  16  16  23  15  23 | Gly GGT  18   5   5  14   5  16
    GTC   1   2   1   2   3   5 |     GCC   3   2   3   2   6   7 |     GAC   3   1   3   1   2   2 |     GGC   5  10   6   5   7   4
    GTA   3   5   5   7   6   5 |     GCA  11  16  16  11  16  12 | Glu GAA   8  18  19   9  15   9 |     GGA  14  17  24  13  16  19
    GTG   5   4   2   1   3   6 |     GCG   7   2   1   2   3   8 |     GAG   2   4   0   6   7   2 |     GGG   5   7   4  10  10   4
--------------------------------------------------------------------------------------------------------------------------------------

------------------------------------------------------------------------------------------------------
Phe TTT  10  11  11   9 | Ser TCT  17  18  17  13 | Tyr TAT   5   4   8   5 | Cys TGT   1   5   4   3
    TTC   4   2   2   5 |     TCC   6   2   1   3 |     TAC   1   2   0   1 |     TGC   6   1   0   1
Leu TTA   4   6   8  10 |     TCA   5   2   5  15 | *** TAA   0   0   0   0 | *** TGA   0   0   0   0
    TTG   3   5   2   1 |     TCG   5   2   1   0 |     TAG   0   0   0   0 | Trp TGG   4   2   2   4
------------------------------------------------------------------------------------------------------
Leu CTT   4  14   9   6 | Pro CCT   2   4  10   7 | His CAT   3   8   8   7 | Arg CGT   8   7  10   8
    CTC   1   0   2   0 |     CCC   4   1   0   0 |     CAC   3   0   1   0 |     CGC   1   3   0   2
    CTA   4   2   2   4 |     CCA   2   5   1   1 | Gln CAA  15   1   3   9 |     CGA   3   2   3   5
    CTG   2   2   2   2 |     CCG   0   4   0   0 |     CAG   2   1   0   2 |     CGG   2   4   2   0
------------------------------------------------------------------------------------------------------
Ile ATT  14  21  19  17 | Thr ACT   6   9   6  11 | Asn AAT  11  12  14  11 | Ser AGT   3   7   1   4
    ATC   6   2   6   1 |     ACC   5   1   3   1 |     AAC   1   0   1   5 |     AGC   1   2   2   0
    ATA   9   7   7  13 |     ACA   8   2   8   7 | Lys AAA  12   9  10  14 | Arg AGA   4   8   4   3
Met ATG  15  13   8  13 |     ACG   0   1   2   1 |     AAG   4   4   4   2 |     AGG   1   2   2   2
------------------------------------------------------------------------------------------------------
Val GTT   5  10  18  10 | Ala GCT  15  15  16  19 | Asp GAT  16  23  20   9 | Gly GGT   5  15  19  14
    GTC   2   1   0   5 |     GCC   3   4   1   5 |     GAC   2   1   1   6 |     GGC   6   5   1   7
    GTA   7   6   8   4 |     GCA  19  14  14  12 | Glu GAA  16   9  10  16 |     GGA  20  13  11  11
    GTG   5   3   5   1 |     GCG   1   4   5   2 |     GAG   3   7  10   4 |     GGG   7   9   9   6
------------------------------------------------------------------------------------------------------

Codon position x base (3x4) table for each sequence.

#1: CLaf_AKK20368.1
position  1:    T:0.18663    C:0.13370    A:0.28969    G:0.38997
position  2:    T:0.29805    C:0.25348    A:0.22563    G:0.22284
position  3:    T:0.54318    C:0.07521    A:0.22563    G:0.15599
Average         T:0.34262    C:0.15413    A:0.24698    G:0.25627

#2: CLaf_AKK20194.1
position  1:    T:0.21727    C:0.12813    A:0.28412    G:0.37047
position  2:    T:0.26184    C:0.27855    A:0.26184    G:0.19777
position  3:    T:0.38162    C:0.13370    A:0.33983    G:0.14485
Average         T:0.28691    C:0.18013    A:0.29526    G:0.23770

#3: CLam_WP_007556830.1
position  1:    T:0.20613    C:0.12813    A:0.30641    G:0.35933
position  2:    T:0.25905    C:0.26741    A:0.26184    G:0.21170
position  3:    T:0.36769    C:0.10864    A:0.41783    G:0.10585
Average         T:0.27762    C:0.16806    A:0.32869    G:0.22563

#4: CLam_WP_007557081.1
position  1:    T:0.18942    C:0.13092    A:0.28969    G:0.38997
position  2:    T:0.28691    C:0.25070    A:0.23677    G:0.22563
position  3:    T:0.55153    C:0.07242    A:0.24234    G:0.13370
Average         T:0.34262    C:0.15135    A:0.25627    G:0.24977

#5: CLas_ACT56934.1
position  1:    T:0.19777    C:0.14763    A:0.28134    G:0.37326
position  2:    T:0.25627    C:0.28134    A:0.23955    G:0.22284
position  3:    T:0.37883    C:0.12256    A:0.32591    G:0.17270
Average         T:0.27762    C:0.18384    A:0.28227    G:0.25627

#6: CLas_ACT57006.1
position  1:    T:0.16435    C:0.15320    A:0.27855    G:0.40390
position  2:    T:0.29805    C:0.25627    A:0.22563    G:0.22006
position  3:    T:0.49025    C:0.11699    A:0.22284    G:0.16992
Average         T:0.31755    C:0.17549    A:0.24234    G:0.26462

#7: CLso_ADR52091.1
position  1:    T:0.19777    C:0.15599    A:0.27855    G:0.36769
position  2:    T:0.26462    C:0.27298    A:0.26184    G:0.20056
position  3:    T:0.34819    C:0.14485    A:0.35655    G:0.15042
Average         T:0.27019    C:0.19127    A:0.29898    G:0.23955

#8: CLso_ADR52863.1
position  1:    T:0.17270    C:0.16156    A:0.27855    G:0.38719
position  2:    T:0.29248    C:0.24513    A:0.22563    G:0.23677
position  3:    T:0.50975    C:0.07521    A:0.23955    G:0.17549
Average         T:0.32498    C:0.16063    A:0.24791    G:0.26648

#9: Lcr_WP_015273427.1
position  1:    T:0.16992    C:0.14763    A:0.27019    G:0.41226
position  2:    T:0.30362    C:0.25070    A:0.25070    G:0.19499
position  3:    T:0.52925    C:0.05850    A:0.26184    G:0.15042
Average         T:0.33426    C:0.15227    A:0.26091    G:0.25255

#10: Lcr_WP_041770507.1
position  1:    T:0.19499    C:0.14763    A:0.29248    G:0.36490
position  2:    T:0.28134    C:0.27019    A:0.25348    G:0.19499
position  3:    T:0.42618    C:0.11699    A:0.34540    G:0.11142
Average         T:0.30084    C:0.17827    A:0.29712    G:0.22377

Sums of codon usage counts
------------------------------------------------------------------------------
Phe F TTT     101 | Ser S TCT     175 | Tyr Y TAT      60 | Cys C TGT      38
      TTC      35 |       TCC      25 |       TAC       4 |       TGC      23
Leu L TTA      63 |       TCA      69 | *** * TAA       0 | *** * TGA       0
      TTG      40 |       TCG      21 |       TAG       0 | Trp W TGG      27
------------------------------------------------------------------------------
Leu L CTT      76 | Pro P CCT      58 | His H CAT      64 | Arg R CGT      72
      CTC       6 |       CCC      10 |       CAC       9 |       CGC      21
      CTA      25 |       CCA      24 | Gln Q CAA      57 |       CGA      34
      CTG      17 |       CCG      11 |       CAG      16 |       CGG      15
------------------------------------------------------------------------------
Ile I ATT     178 | Thr T ACT      80 | Asn N AAT     120 | Ser S AGT      38
      ATC      40 |       ACC      20 |       AAC      19 |       AGC      20
      ATA      89 |       ACA      54 | Lys K AAA     113 | Arg R AGA      57
Met M ATG     124 |       ACG      17 |       AAG      36 |       AGG      18
------------------------------------------------------------------------------
Val V GTT      99 | Ala A GCT     167 | Asp D GAT     183 | Gly G GGT     116
      GTC      22 |       GCC      36 |       GAC      22 |       GGC      56
      GTA      56 |       GCA     141 | Glu E GAA     129 |       GGA     158
      GTG      35 |       GCG      35 |       GAG      45 |       GGG      71
------------------------------------------------------------------------------


Codon position x base (3x4) table, overall

position  1:    T:0.18969    C:0.14345    A:0.28496    G:0.38189
position  2:    T:0.28022    C:0.26267    A:0.24429    G:0.21281
position  3:    T:0.45265    C:0.10251    A:0.29777    G:0.14708
Average         T:0.30752    C:0.16955    A:0.27567    G:0.24726

Codon frequencies under model, for use in evolver (TTT TTC TTA TTG ... GGG):
  0.01639344  0.01639344  0.01639344  0.01639344
  0.01639344  0.01639344  0.01639344  0.01639344
  0.01639344  0.01639344  0.00000000  0.00000000
  0.01639344  0.01639344  0.00000000  0.01639344
  0.01639344  0.01639344  0.01639344  0.01639344
  0.01639344  0.01639344  0.01639344  0.01639344
  0.01639344  0.01639344  0.01639344  0.01639344
  0.01639344  0.01639344  0.01639344  0.01639344
  0.01639344  0.01639344  0.01639344  0.01639344
  0.01639344  0.01639344  0.01639344  0.01639344
  0.01639344  0.01639344  0.01639344  0.01639344
  0.01639344  0.01639344  0.01639344  0.01639344
  0.01639344  0.01639344  0.01639344  0.01639344
  0.01639344  0.01639344  0.01639344  0.01639344
  0.01639344  0.01639344  0.01639344  0.01639344
  0.01639344  0.01639344  0.01639344  0.01639344


Model 7: beta (10 categories)


TREE #  1:  (2, 5, (7, (3, (10, (9, (4, (8, (1, 6))))))));   MP score: 1324
lnL(ntime: 17  np: 20):  -7301.300870      +0.000000
  11..2    11..5    11..12   12..7    12..13   13..3    13..14   14..10   14..15   15..9    15..16   16..4    16..17   17..8    17..18   18..1    18..6  
 0.211246 0.323913 0.137111 0.355522 0.179930 0.460901 0.294514 0.716396 6.507669 0.537630 0.336507 0.436715 0.228179 0.343314 0.143016 0.279223 0.231976 1.891807 0.696465 4.620696

Note: Branch length is defined as number of nucleotide substitutions per codon (not per neucleotide site).

tree length = 11.723762

(2: 0.211246, 5: 0.323913, (7: 0.355522, (3: 0.460901, (10: 0.716396, (9: 0.537630, (4: 0.436715, (8: 0.343314, (1: 0.279223, 6: 0.231976): 0.143016): 0.228179): 0.336507): 6.507669): 0.294514): 0.179930): 0.137111);

(CLaf_AKK20194.1: 0.211246, CLas_ACT56934.1: 0.323913, (CLso_ADR52091.1: 0.355522, (CLam_WP_007556830.1: 0.460901, (Lcr_WP_041770507.1: 0.716396, (Lcr_WP_015273427.1: 0.537630, (CLam_WP_007557081.1: 0.436715, (CLso_ADR52863.1: 0.343314, (CLaf_AKK20368.1: 0.279223, CLas_ACT57006.1: 0.231976): 0.143016): 0.228179): 0.336507): 6.507669): 0.294514): 0.179930): 0.137111);

Detailed output identifying parameters

kappa (ts/tv) =  1.89181

Parameters in M7 (beta):
 p =   0.69646  q =   4.62070


MLEs of dN/dS (w) for site classes (K=10)

p:   0.10000  0.10000  0.10000  0.10000  0.10000  0.10000  0.10000  0.10000  0.10000  0.10000
w:   0.00265  0.01313  0.02824  0.04770  0.07203  0.10240  0.14102  0.19236  0.26740  0.41144

dN & dS for each branch

 branch          t       N       S   dN/dS      dN      dS  N*dN  S*dS

  11..2       0.211    779.3    297.7   0.1278   0.0244   0.1909   19.0   56.8
  11..5       0.324    779.3    297.7   0.1278   0.0374   0.2927   29.2   87.1
  11..12      0.137    779.3    297.7   0.1278   0.0158   0.1239   12.3   36.9
  12..7       0.356    779.3    297.7   0.1278   0.0411   0.3212   32.0   95.6
  12..13      0.180    779.3    297.7   0.1278   0.0208   0.1626   16.2   48.4
  13..3       0.461    779.3    297.7   0.1278   0.0532   0.4164   41.5  124.0
  13..14      0.295    779.3    297.7   0.1278   0.0340   0.2661   26.5   79.2
  14..10      0.716    779.3    297.7   0.1278   0.0827   0.6473   64.5  192.7
  14..15      6.508    779.3    297.7   0.1278   0.7516   5.8796  585.7 1750.5
  15..9       0.538    779.3    297.7   0.1278   0.0621   0.4857   48.4  144.6
  15..16      0.337    779.3    297.7   0.1278   0.0389   0.3040   30.3   90.5
  16..4       0.437    779.3    297.7   0.1278   0.0504   0.3946   39.3  117.5
  16..17      0.228    779.3    297.7   0.1278   0.0264   0.2062   20.5   61.4
  17..8       0.343    779.3    297.7   0.1278   0.0397   0.3102   30.9   92.3
  17..18      0.143    779.3    297.7   0.1278   0.0165   0.1292   12.9   38.5
  18..1       0.279    779.3    297.7   0.1278   0.0323   0.2523   25.1   75.1
  18..6       0.232    779.3    297.7   0.1278   0.0268   0.2096   20.9   62.4


Time used:  2:38


Model 8: beta&w>1 (11 categories)


TREE #  1:  (2, 5, (7, (3, (10, (9, (4, (8, (1, 6))))))));   MP score: 1324
lnL(ntime: 17  np: 22):  -7298.973459      +0.000000
  11..2    11..5    11..12   12..7    12..13   13..3    13..14   14..10   14..15   15..9    15..16   16..4    16..17   17..8    17..18   18..1    18..6  
 0.210624 0.323437 0.136184 0.355288 0.180228 0.460672 0.293689 0.722449 6.511955 0.541999 0.336389 0.441448 0.223627 0.343099 0.142579 0.279072 0.230742 1.896571 0.980587 0.809910 6.134461 1.000000

Note: Branch length is defined as number of nucleotide substitutions per codon (not per neucleotide site).

tree length = 11.733480

(2: 0.210624, 5: 0.323437, (7: 0.355288, (3: 0.460672, (10: 0.722449, (9: 0.541999, (4: 0.441448, (8: 0.343099, (1: 0.279072, 6: 0.230742): 0.142579): 0.223627): 0.336389): 6.511955): 0.293689): 0.180228): 0.136184);

(CLaf_AKK20194.1: 0.210624, CLas_ACT56934.1: 0.323437, (CLso_ADR52091.1: 0.355288, (CLam_WP_007556830.1: 0.460672, (Lcr_WP_041770507.1: 0.722449, (Lcr_WP_015273427.1: 0.541999, (CLam_WP_007557081.1: 0.441448, (CLso_ADR52863.1: 0.343099, (CLaf_AKK20368.1: 0.279072, CLas_ACT57006.1: 0.230742): 0.142579): 0.223627): 0.336389): 6.511955): 0.293689): 0.180228): 0.136184);

Detailed output identifying parameters

kappa (ts/tv) =  1.89657

Parameters in M8 (beta&w>1):
  p0 =   0.98059  p =   0.80991 q =   6.13446
 (p1 =   0.01941) w =   1.00000


MLEs of dN/dS (w) for site classes (K=11)

p:   0.09806  0.09806  0.09806  0.09806  0.09806  0.09806  0.09806  0.09806  0.09806  0.09806  0.01941
w:   0.00381  0.01527  0.02989  0.04757  0.06881  0.09461  0.12682  0.16917  0.23092  0.35124  1.00000

dN & dS for each branch

 branch          t       N       S   dN/dS      dN      dS  N*dN  S*dS

  11..2       0.211    779.2    297.8   0.1310   0.0248   0.1891   19.3   56.3
  11..5       0.323    779.2    297.8   0.1310   0.0380   0.2904   29.6   86.5
  11..12      0.136    779.2    297.8   0.1310   0.0160   0.1223   12.5   36.4
  12..7       0.355    779.2    297.8   0.1310   0.0418   0.3189   32.6   95.0
  12..13      0.180    779.2    297.8   0.1310   0.0212   0.1618   16.5   48.2
  13..3       0.461    779.2    297.8   0.1310   0.0542   0.4135   42.2  123.2
  13..14      0.294    779.2    297.8   0.1310   0.0345   0.2636   26.9   78.5
  14..10      0.722    779.2    297.8   0.1310   0.0850   0.6485   66.2  193.2
  14..15      6.512    779.2    297.8   0.1310   0.7659   5.8458  596.8 1741.0
  15..9       0.542    779.2    297.8   0.1310   0.0637   0.4866   49.7  144.9
  15..16      0.336    779.2    297.8   0.1310   0.0396   0.3020   30.8   89.9
  16..4       0.441    779.2    297.8   0.1310   0.0519   0.3963   40.5  118.0
  16..17      0.224    779.2    297.8   0.1310   0.0263   0.2008   20.5   59.8
  17..8       0.343    779.2    297.8   0.1310   0.0404   0.3080   31.4   91.7
  17..18      0.143    779.2    297.8   0.1310   0.0168   0.1280   13.1   38.1
  18..1       0.279    779.2    297.8   0.1310   0.0328   0.2505   25.6   74.6
  18..6       0.231    779.2    297.8   0.1310   0.0271   0.2071   21.1   61.7


Naive Empirical Bayes (NEB) analysis
Bayes Empirical Bayes (BEB) analysis (Yang, Wong & Nielsen 2005. Mol. Biol. Evol. 22:1107-1118)
Positively selected sites (*: P>95%; **: P>99%)
(amino acids refer to 1st sequence: CLaf_AKK20368.1)

            Pr(w>1)     post mean +- SE for w

   105 N      0.525         1.112 +- 0.462
   189 T      0.707         1.295 +- 0.483



The grid 

p0:   0.050  0.150  0.250  0.350  0.450  0.550  0.650  0.750  0.850  0.950
p :   0.100  0.300  0.500  0.700  0.900  1.100  1.300  1.500  1.700  1.900
q :   0.100  0.300  0.500  0.700  0.900  1.100  1.300  1.500  1.700  1.900
ws:   1.500  2.500  3.500  4.500  5.500  6.500  7.500  8.500  9.500 10.500


Posterior on the grid

p0:   0.000  0.000  0.000  0.000  0.000  0.000  0.000  0.000  0.000  1.000
p :   0.000  1.000  0.000  0.000  0.000  0.000  0.000  0.000  0.000  0.000
q :   0.000  0.000  0.000  0.000  0.000  0.000  0.000  0.000  0.038  0.962
ws:   0.939  0.027  0.007  0.005  0.004  0.004  0.004  0.004  0.004  0.003

Time used:  5:37
