     12     24

CLaf_AKK20574.1                 ATG ACT ATT ACA CAA GAG CAA GCA 
CLam_WP_007557481.1             TTA GTT ATT CCT CAA GAA CAA GCA 
CLam_WP_007557487.1             TTA GTT ATT ACT CAA GAA CAA GCG 
CLas_ACT57529.1                 ATG ACG ATT ACA GAA AAA GAA GCA 
CLas_ACT57531.1                 ATG ACG ATT ACA GCA AAA GAA GCA 
CLso_ADR51923.1                 TTG GCT ATA ACT GAA AAA CAA GCA 
CLso_ADR52329.1                 TTG CTA ATC ACT GAA CAA CAA GCG 
CLso_ADR52347.1                 TTG GCC ATA ACT GAA CAA CAA GCA 
CLso_ADR52499.1                 TTG GTT ATC ACT GAG CAA AAA GCA 
CLso_ADR52566.1                 TTG GTC ATA ACT GAA CAA CAA GCA 
CLso_ADR52679.1                 TTG GCC ATA ACT GAA CAA CAA GCA 
CLso_ADR52768.1                 TTG GCC ATA ACT GAA CAA CAA GCA 



Printing out site pattern counts


        12         24  P

CLaf_AKK20574.1                 ACA ACT ATG ATT CAA CAA GAG GCA 
CLam_WP_007557481.1             C.T GT. T.A ... ... ... ..A ... 
CLam_WP_007557487.1             ..T GT. T.A ... ... ... ..A ..G 
CLas_ACT57529.1                 ... ..G ... ... G.. G.. A.A ... 
CLas_ACT57531.1                 ... ..G ... ... G.. GC. A.A ... 
CLso_ADR51923.1                 ..T G.. T.. ..A ... G.. A.A ... 
CLso_ADR52329.1                 ..T CTA T.. ..C ... G.. C.A ..G 
CLso_ADR52347.1                 ..T G.C T.. ..A ... G.. C.A ... 
CLso_ADR52499.1                 ..T GT. T.. ..C A.. G.G C.A ... 
CLso_ADR52566.1                 ..T GTC T.. ..A ... G.. C.A ... 
CLso_ADR52679.1                 ..T G.C T.. ..A ... G.. C.A ... 
CLso_ADR52768.1                 ..T G.C T.. ..A ... G.. C.A ... 

    1    1    1    1    1    1    1    1

CODONML (in paml version 4.9i, September 2018)  C:\PycharmProjects\project_2_paml\paml_geno\paml_geno_2.fas
Model: One dN/dS ratio, 
Codon frequency model: Fequal
Site-class models: 
ns =  12  ls =   8

Codon usage in sequences
--------------------------------------------------------------------------------------------------------------------------------------
Phe TTT   0   0   0   0   0   0 | Ser TCT   0   0   0   0   0   0 | Tyr TAT   0   0   0   0   0   0 | Cys TGT   0   0   0   0   0   0
    TTC   0   0   0   0   0   0 |     TCC   0   0   0   0   0   0 |     TAC   0   0   0   0   0   0 |     TGC   0   0   0   0   0   0
Leu TTA   0   1   1   0   0   0 |     TCA   0   0   0   0   0   0 | *** TAA   0   0   0   0   0   0 | *** TGA   0   0   0   0   0   0
    TTG   0   0   0   0   0   1 |     TCG   0   0   0   0   0   0 |     TAG   0   0   0   0   0   0 | Trp TGG   0   0   0   0   0   0
--------------------------------------------------------------------------------------------------------------------------------------
Leu CTT   0   0   0   0   0   0 | Pro CCT   0   1   0   0   0   0 | His CAT   0   0   0   0   0   0 | Arg CGT   0   0   0   0   0   0
    CTC   0   0   0   0   0   0 |     CCC   0   0   0   0   0   0 |     CAC   0   0   0   0   0   0 |     CGC   0   0   0   0   0   0
    CTA   0   0   0   0   0   0 |     CCA   0   0   0   0   0   0 | Gln CAA   2   2   2   0   0   1 |     CGA   0   0   0   0   0   0
    CTG   0   0   0   0   0   0 |     CCG   0   0   0   0   0   0 |     CAG   0   0   0   0   0   0 |     CGG   0   0   0   0   0   0
--------------------------------------------------------------------------------------------------------------------------------------
Ile ATT   1   1   1   1   1   0 | Thr ACT   1   0   1   0   0   1 | Asn AAT   0   0   0   0   0   0 | Ser AGT   0   0   0   0   0   0
    ATC   0   0   0   0   0   0 |     ACC   0   0   0   0   0   0 |     AAC   0   0   0   0   0   0 |     AGC   0   0   0   0   0   0
    ATA   0   0   0   0   0   1 |     ACA   1   0   0   1   1   0 | Lys AAA   0   0   0   1   1   1 | Arg AGA   0   0   0   0   0   0
Met ATG   1   0   0   1   1   0 |     ACG   0   0   0   1   1   0 |     AAG   0   0   0   0   0   0 |     AGG   0   0   0   0   0   0
--------------------------------------------------------------------------------------------------------------------------------------
Val GTT   0   1   1   0   0   0 | Ala GCT   0   0   0   0   0   1 | Asp GAT   0   0   0   0   0   0 | Gly GGT   0   0   0   0   0   0
    GTC   0   0   0   0   0   0 |     GCC   0   0   0   0   0   0 |     GAC   0   0   0   0   0   0 |     GGC   0   0   0   0   0   0
    GTA   0   0   0   0   0   0 |     GCA   1   1   0   1   2   1 | Glu GAA   0   1   1   2   1   1 |     GGA   0   0   0   0   0   0
    GTG   0   0   0   0   0   0 |     GCG   0   0   1   0   0   0 |     GAG   1   0   0   0   0   0 |     GGG   0   0   0   0   0   0
--------------------------------------------------------------------------------------------------------------------------------------

--------------------------------------------------------------------------------------------------------------------------------------
Phe TTT   0   0   0   0   0   0 | Ser TCT   0   0   0   0   0   0 | Tyr TAT   0   0   0   0   0   0 | Cys TGT   0   0   0   0   0   0
    TTC   0   0   0   0   0   0 |     TCC   0   0   0   0   0   0 |     TAC   0   0   0   0   0   0 |     TGC   0   0   0   0   0   0
Leu TTA   0   0   0   0   0   0 |     TCA   0   0   0   0   0   0 | *** TAA   0   0   0   0   0   0 | *** TGA   0   0   0   0   0   0
    TTG   1   1   1   1   1   1 |     TCG   0   0   0   0   0   0 |     TAG   0   0   0   0   0   0 | Trp TGG   0   0   0   0   0   0
--------------------------------------------------------------------------------------------------------------------------------------
Leu CTT   0   0   0   0   0   0 | Pro CCT   0   0   0   0   0   0 | His CAT   0   0   0   0   0   0 | Arg CGT   0   0   0   0   0   0
    CTC   0   0   0   0   0   0 |     CCC   0   0   0   0   0   0 |     CAC   0   0   0   0   0   0 |     CGC   0   0   0   0   0   0
    CTA   1   0   0   0   0   0 |     CCA   0   0   0   0   0   0 | Gln CAA   2   2   1   2   2   2 |     CGA   0   0   0   0   0   0
    CTG   0   0   0   0   0   0 |     CCG   0   0   0   0   0   0 |     CAG   0   0   0   0   0   0 |     CGG   0   0   0   0   0   0
--------------------------------------------------------------------------------------------------------------------------------------
Ile ATT   0   0   0   0   0   0 | Thr ACT   1   1   1   1   1   1 | Asn AAT   0   0   0   0   0   0 | Ser AGT   0   0   0   0   0   0
    ATC   1   0   1   0   0   0 |     ACC   0   0   0   0   0   0 |     AAC   0   0   0   0   0   0 |     AGC   0   0   0   0   0   0
    ATA   0   1   0   1   1   1 |     ACA   0   0   0   0   0   0 | Lys AAA   0   0   1   0   0   0 | Arg AGA   0   0   0   0   0   0
Met ATG   0   0   0   0   0   0 |     ACG   0   0   0   0   0   0 |     AAG   0   0   0   0   0   0 |     AGG   0   0   0   0   0   0
--------------------------------------------------------------------------------------------------------------------------------------
Val GTT   0   0   1   0   0   0 | Ala GCT   0   0   0   0   0   0 | Asp GAT   0   0   0   0   0   0 | Gly GGT   0   0   0   0   0   0
    GTC   0   0   0   1   0   0 |     GCC   0   1   0   0   1   1 |     GAC   0   0   0   0   0   0 |     GGC   0   0   0   0   0   0
    GTA   0   0   0   0   0   0 |     GCA   0   1   1   1   1   1 | Glu GAA   1   1   0   1   1   1 |     GGA   0   0   0   0   0   0
    GTG   0   0   0   0   0   0 |     GCG   1   0   0   0   0   0 |     GAG   0   0   1   0   0   0 |     GGG   0   0   0   0   0   0
--------------------------------------------------------------------------------------------------------------------------------------

Codon position x base (3x4) table for each sequence.

#1: CLaf_AKK20574.1
position  1:    T:0.00000    C:0.25000    A:0.50000    G:0.25000
position  2:    T:0.25000    C:0.37500    A:0.37500    G:0.00000
position  3:    T:0.25000    C:0.00000    A:0.50000    G:0.25000
Average         T:0.16667    C:0.20833    A:0.45833    G:0.16667

#2: CLam_WP_007557481.1
position  1:    T:0.12500    C:0.37500    A:0.12500    G:0.37500
position  2:    T:0.37500    C:0.25000    A:0.37500    G:0.00000
position  3:    T:0.37500    C:0.00000    A:0.62500    G:0.00000
Average         T:0.29167    C:0.20833    A:0.37500    G:0.12500

#3: CLam_WP_007557487.1
position  1:    T:0.12500    C:0.25000    A:0.25000    G:0.37500
position  2:    T:0.37500    C:0.25000    A:0.37500    G:0.00000
position  3:    T:0.37500    C:0.00000    A:0.50000    G:0.12500
Average         T:0.29167    C:0.16667    A:0.37500    G:0.16667

#4: CLas_ACT57529.1
position  1:    T:0.00000    C:0.00000    A:0.62500    G:0.37500
position  2:    T:0.25000    C:0.37500    A:0.37500    G:0.00000
position  3:    T:0.12500    C:0.00000    A:0.62500    G:0.25000
Average         T:0.12500    C:0.12500    A:0.54167    G:0.20833

#5: CLas_ACT57531.1
position  1:    T:0.00000    C:0.00000    A:0.62500    G:0.37500
position  2:    T:0.25000    C:0.50000    A:0.25000    G:0.00000
position  3:    T:0.12500    C:0.00000    A:0.62500    G:0.25000
Average         T:0.12500    C:0.16667    A:0.50000    G:0.20833

#6: CLso_ADR51923.1
position  1:    T:0.12500    C:0.12500    A:0.37500    G:0.37500
position  2:    T:0.25000    C:0.37500    A:0.37500    G:0.00000
position  3:    T:0.25000    C:0.00000    A:0.62500    G:0.12500
Average         T:0.20833    C:0.16667    A:0.45833    G:0.16667

#7: CLso_ADR52329.1
position  1:    T:0.12500    C:0.37500    A:0.25000    G:0.25000
position  2:    T:0.37500    C:0.25000    A:0.37500    G:0.00000
position  3:    T:0.12500    C:0.12500    A:0.50000    G:0.25000
Average         T:0.20833    C:0.25000    A:0.37500    G:0.16667

#8: CLso_ADR52347.1
position  1:    T:0.12500    C:0.25000    A:0.25000    G:0.37500
position  2:    T:0.25000    C:0.37500    A:0.37500    G:0.00000
position  3:    T:0.12500    C:0.12500    A:0.62500    G:0.12500
Average         T:0.16667    C:0.25000    A:0.41667    G:0.16667

#9: CLso_ADR52499.1
position  1:    T:0.12500    C:0.12500    A:0.37500    G:0.37500
position  2:    T:0.37500    C:0.25000    A:0.37500    G:0.00000
position  3:    T:0.25000    C:0.12500    A:0.37500    G:0.25000
Average         T:0.25000    C:0.16667    A:0.37500    G:0.20833

#10: CLso_ADR52566.1
position  1:    T:0.12500    C:0.25000    A:0.25000    G:0.37500
position  2:    T:0.37500    C:0.25000    A:0.37500    G:0.00000
position  3:    T:0.12500    C:0.12500    A:0.62500    G:0.12500
Average         T:0.20833    C:0.20833    A:0.41667    G:0.16667

#11: CLso_ADR52679.1
position  1:    T:0.12500    C:0.25000    A:0.25000    G:0.37500
position  2:    T:0.25000    C:0.37500    A:0.37500    G:0.00000
position  3:    T:0.12500    C:0.12500    A:0.62500    G:0.12500
Average         T:0.16667    C:0.25000    A:0.41667    G:0.16667

#12: CLso_ADR52768.1
position  1:    T:0.12500    C:0.25000    A:0.25000    G:0.37500
position  2:    T:0.25000    C:0.37500    A:0.37500    G:0.00000
position  3:    T:0.12500    C:0.12500    A:0.62500    G:0.12500
Average         T:0.16667    C:0.25000    A:0.41667    G:0.16667

Sums of codon usage counts
------------------------------------------------------------------------------
Phe F TTT       0 | Ser S TCT       0 | Tyr Y TAT       0 | Cys C TGT       0
      TTC       0 |       TCC       0 |       TAC       0 |       TGC       0
Leu L TTA       2 |       TCA       0 | *** * TAA       0 | *** * TGA       0
      TTG       7 |       TCG       0 |       TAG       0 | Trp W TGG       0
------------------------------------------------------------------------------
Leu L CTT       0 | Pro P CCT       1 | His H CAT       0 | Arg R CGT       0
      CTC       0 |       CCC       0 |       CAC       0 |       CGC       0
      CTA       1 |       CCA       0 | Gln Q CAA      18 |       CGA       0
      CTG       0 |       CCG       0 |       CAG       0 |       CGG       0
------------------------------------------------------------------------------
Ile I ATT       5 | Thr T ACT       9 | Asn N AAT       0 | Ser S AGT       0
      ATC       2 |       ACC       0 |       AAC       0 |       AGC       0
      ATA       5 |       ACA       3 | Lys K AAA       4 | Arg R AGA       0
Met M ATG       3 |       ACG       2 |       AAG       0 |       AGG       0
------------------------------------------------------------------------------
Val V GTT       3 | Ala A GCT       1 | Asp D GAT       0 | Gly G GGT       0
      GTC       1 |       GCC       3 |       GAC       0 |       GGC       0
      GTA       0 |       GCA      11 | Glu E GAA      11 |       GGA       0
      GTG       0 |       GCG       2 |       GAG       2 |       GGG       0
------------------------------------------------------------------------------


Codon position x base (3x4) table, overall

position  1:    T:0.09375    C:0.20833    A:0.34375    G:0.35417
position  2:    T:0.30208    C:0.33333    A:0.36458    G:0.00000
position  3:    T:0.19792    C:0.06250    A:0.57292    G:0.16667
Average         T:0.19792    C:0.20139    A:0.42708    G:0.17361

Codon frequencies under model, for use in evolver (TTT TTC TTA TTG ... GGG):
  0.01639344  0.01639344  0.01639344  0.01639344
  0.01639344  0.01639344  0.01639344  0.01639344
  0.01639344  0.01639344  0.00000000  0.00000000
  0.01639344  0.01639344  0.00000000  0.01639344
  0.01639344  0.01639344  0.01639344  0.01639344
  0.01639344  0.01639344  0.01639344  0.01639344
  0.01639344  0.01639344  0.01639344  0.01639344
  0.01639344  0.01639344  0.01639344  0.01639344
  0.01639344  0.01639344  0.01639344  0.01639344
  0.01639344  0.01639344  0.01639344  0.01639344
  0.01639344  0.01639344  0.01639344  0.01639344
  0.01639344  0.01639344  0.01639344  0.01639344
  0.01639344  0.01639344  0.01639344  0.01639344
  0.01639344  0.01639344  0.01639344  0.01639344
  0.01639344  0.01639344  0.01639344  0.01639344
  0.01639344  0.01639344  0.01639344  0.01639344


Model 7: beta (10 categories)


TREE #  1:  (10, ((6, (8, 11, 12)), 7), (9, ((1, (4, 5)), (2, 3))));   MP score: 25
lnL(ntime: 20  np: 23):   -139.800855      +0.000000
  13..10   13..14   14..15   15..6    15..16   16..8    16..11   16..12   14..7    13..17   17..9    17..18   18..19   19..1    19..20   20..4    20..5    18..21   21..2    21..3  
 0.000004 0.000004 0.135444 0.284315 0.000004 0.000004 0.000004 0.000004 0.648905 0.159969 0.462984 0.629628 1.047457 0.000004 0.860285 0.000004 0.138351 0.049214 0.156742 0.128172 1.342612 2.580233 7.860840

Note: Branch length is defined as number of nucleotide substitutions per codon (not per neucleotide site).

tree length =  4.701496

(10: 0.000004, ((6: 0.284315, (8: 0.000004, 11: 0.000004, 12: 0.000004): 0.000004): 0.135444, 7: 0.648905): 0.000004, (9: 0.462984, ((1: 0.000004, (4: 0.000004, 5: 0.138351): 0.860285): 1.047457, (2: 0.156742, 3: 0.128172): 0.049214): 0.629628): 0.159969);

(CLso_ADR52566.1: 0.000004, ((CLso_ADR51923.1: 0.284315, (CLso_ADR52347.1: 0.000004, CLso_ADR52679.1: 0.000004, CLso_ADR52768.1: 0.000004): 0.000004): 0.135444, CLso_ADR52329.1: 0.648905): 0.000004, (CLso_ADR52499.1: 0.462984, ((CLaf_AKK20574.1: 0.000004, (CLas_ACT57529.1: 0.000004, CLas_ACT57531.1: 0.138351): 0.860285): 1.047457, (CLam_WP_007557481.1: 0.156742, CLam_WP_007557487.1: 0.128172): 0.049214): 0.629628): 0.159969);

Detailed output identifying parameters

kappa (ts/tv) =  1.34261

Parameters in M7 (beta):
 p =   2.58023  q =   7.86084


MLEs of dN/dS (w) for site classes (K=10)

p:   0.10000  0.10000  0.10000  0.10000  0.10000  0.10000  0.10000  0.10000  0.10000  0.10000
w:   0.06837  0.11466  0.14993  0.18221  0.21416  0.24753  0.28428  0.32750  0.38419  0.48290

dN & dS for each branch

 branch          t       N       S   dN/dS      dN      dS  N*dN  S*dS

  13..10      0.000     17.7      6.3   0.2456   0.0000   0.0000    0.0    0.0
  13..14      0.000     17.7      6.3   0.2456   0.0000   0.0000    0.0    0.0
  14..15      0.135     17.7      6.3   0.2456   0.0249   0.1014    0.4    0.6
  15..6       0.284     17.7      6.3   0.2456   0.0523   0.2129    0.9    1.4
  15..16      0.000     17.7      6.3   0.2456   0.0000   0.0000    0.0    0.0
  16..8       0.000     17.7      6.3   0.2456   0.0000   0.0000    0.0    0.0
  16..11      0.000     17.7      6.3   0.2456   0.0000   0.0000    0.0    0.0
  16..12      0.000     17.7      6.3   0.2456   0.0000   0.0000    0.0    0.0
  14..7       0.649     17.7      6.3   0.2456   0.1193   0.4860    2.1    3.1
  13..17      0.160     17.7      6.3   0.2456   0.0294   0.1198    0.5    0.8
  17..9       0.463     17.7      6.3   0.2456   0.0851   0.3467    1.5    2.2
  17..18      0.630     17.7      6.3   0.2456   0.1158   0.4715    2.0    3.0
  18..19      1.047     17.7      6.3   0.2456   0.1926   0.7844    3.4    5.0
  19..1       0.000     17.7      6.3   0.2456   0.0000   0.0000    0.0    0.0
  19..20      0.860     17.7      6.3   0.2456   0.1582   0.6443    2.8    4.1
  20..4       0.000     17.7      6.3   0.2456   0.0000   0.0000    0.0    0.0
  20..5       0.138     17.7      6.3   0.2456   0.0254   0.1036    0.4    0.7
  18..21      0.049     17.7      6.3   0.2456   0.0091   0.0369    0.2    0.2
  21..2       0.157     17.7      6.3   0.2456   0.0288   0.1174    0.5    0.7
  21..3       0.128     17.7      6.3   0.2456   0.0236   0.0960    0.4    0.6


Time used:  0:40


Model 8: beta&w>1 (11 categories)


TREE #  1:  (10, ((6, (8, 11, 12)), 7), (9, ((1, (4, 5)), (2, 3))));   MP score: 25
lnL(ntime: 20  np: 25):   -139.800935      +0.000000
  13..10   13..14   14..15   15..6    15..16   16..8    16..11   16..12   14..7    13..17   17..9    17..18   18..19   19..1    19..20   20..4    20..5    18..21   21..2    21..3  
 0.000004 0.000004 0.135452 0.284333 0.000004 0.000004 0.000004 0.000004 0.648945 0.159979 0.463012 0.629667 1.047521 0.000004 0.860338 0.000004 0.138359 0.049217 0.156751 0.128180 1.342612 0.999990 2.580233 7.860840 3.988332

Note: Branch length is defined as number of nucleotide substitutions per codon (not per neucleotide site).

tree length =  4.701787

(10: 0.000004, ((6: 0.284333, (8: 0.000004, 11: 0.000004, 12: 0.000004): 0.000004): 0.135452, 7: 0.648945): 0.000004, (9: 0.463012, ((1: 0.000004, (4: 0.000004, 5: 0.138359): 0.860338): 1.047521, (2: 0.156751, 3: 0.128180): 0.049217): 0.629667): 0.159979);

(CLso_ADR52566.1: 0.000004, ((CLso_ADR51923.1: 0.284333, (CLso_ADR52347.1: 0.000004, CLso_ADR52679.1: 0.000004, CLso_ADR52768.1: 0.000004): 0.000004): 0.135452, CLso_ADR52329.1: 0.648945): 0.000004, (CLso_ADR52499.1: 0.463012, ((CLaf_AKK20574.1: 0.000004, (CLas_ACT57529.1: 0.000004, CLas_ACT57531.1: 0.138359): 0.860338): 1.047521, (CLam_WP_007557481.1: 0.156751, CLam_WP_007557487.1: 0.128180): 0.049217): 0.629667): 0.159979);

Detailed output identifying parameters

kappa (ts/tv) =  1.34261

Parameters in M8 (beta&w>1):
  p0 =   0.99999  p =   2.58023 q =   7.86084
 (p1 =   0.00001) w =   3.98833


MLEs of dN/dS (w) for site classes (K=11)

p:   0.10000  0.10000  0.10000  0.10000  0.10000  0.10000  0.10000  0.10000  0.10000  0.10000  0.00001
w:   0.06837  0.11466  0.14993  0.18221  0.21416  0.24753  0.28428  0.32750  0.38419  0.48290  3.98833
(note that p[10] is zero)


dN & dS for each branch

 branch          t       N       S   dN/dS      dN      dS  N*dN  S*dS

  13..10      0.000     17.7      6.3   0.2456   0.0000   0.0000    0.0    0.0
  13..14      0.000     17.7      6.3   0.2456   0.0000   0.0000    0.0    0.0
  14..15      0.135     17.7      6.3   0.2456   0.0249   0.1014    0.4    0.6
  15..6       0.284     17.7      6.3   0.2456   0.0523   0.2129    0.9    1.4
  15..16      0.000     17.7      6.3   0.2456   0.0000   0.0000    0.0    0.0
  16..8       0.000     17.7      6.3   0.2456   0.0000   0.0000    0.0    0.0
  16..11      0.000     17.7      6.3   0.2456   0.0000   0.0000    0.0    0.0
  16..12      0.000     17.7      6.3   0.2456   0.0000   0.0000    0.0    0.0
  14..7       0.649     17.7      6.3   0.2456   0.1194   0.4860    2.1    3.1
  13..17      0.160     17.7      6.3   0.2456   0.0294   0.1198    0.5    0.8
  17..9       0.463     17.7      6.3   0.2456   0.0852   0.3467    1.5    2.2
  17..18      0.630     17.7      6.3   0.2456   0.1158   0.4715    2.0    3.0
  18..19      1.048     17.7      6.3   0.2456   0.1927   0.7844    3.4    5.0
  19..1       0.000     17.7      6.3   0.2456   0.0000   0.0000    0.0    0.0
  19..20      0.860     17.7      6.3   0.2456   0.1582   0.6443    2.8    4.1
  20..4       0.000     17.7      6.3   0.2456   0.0000   0.0000    0.0    0.0
  20..5       0.138     17.7      6.3   0.2456   0.0254   0.1036    0.4    0.7
  18..21      0.049     17.7      6.3   0.2456   0.0091   0.0369    0.2    0.2
  21..2       0.157     17.7      6.3   0.2456   0.0288   0.1174    0.5    0.7
  21..3       0.128     17.7      6.3   0.2456   0.0236   0.0960    0.4    0.6


Naive Empirical Bayes (NEB) analysis
Bayes Empirical Bayes (BEB) analysis (Yang, Wong & Nielsen 2005. Mol. Biol. Evol. 22:1107-1118)
Positively selected sites (*: P>95%; **: P>99%)
(amino acids refer to 1st sequence: CLaf_AKK20574.1)

            Pr(w>1)     post mean +- SE for w




The grid 

p0:   0.050  0.150  0.250  0.350  0.450  0.550  0.650  0.750  0.850  0.950
p :   0.100  0.300  0.500  0.700  0.900  1.100  1.300  1.500  1.700  1.900
q :   0.100  0.300  0.500  0.700  0.900  1.100  1.300  1.500  1.700  1.900
ws:   1.500  2.500  3.500  4.500  5.500  6.500  7.500  8.500  9.500 10.500


Posterior on the grid

p0:   0.000  0.000  0.000  0.000  0.002  0.008  0.031  0.095  0.254  0.609
p :   0.028  0.144  0.211  0.204  0.158  0.108  0.068  0.041  0.024  0.014
q :   0.003  0.014  0.031  0.054  0.079  0.107  0.136  0.164  0.193  0.220
ws:   0.112  0.100  0.099  0.099  0.098  0.098  0.098  0.098  0.098  0.098

Time used:  1:28
