     18    117

CLaf_AKK20411.1                 GAA GCG CTC AAA GGT AAT CGT ATC AGA TTG GAA GAG ATT AAA ACT AAA AGT ATC AAA AAT GGT TTT AAG TGG ATT GGG GCT GTT AAT TAT CTC GTT CGG CCT ATT ACA ACT ATT TTT 
CLaf_AKK20402.1                 GAA GAA ATT AAA GAA AAG CCA GTA AGA TTA GCG AGG ATT AAT GAG CAC AAA CAC AAA AGT GGT GTT AAG TGG ATA GAT GGC TTA AAC GCT CTT GTT CTA CCT CTG ACA ACG TTT TTT 
CLaf_AKK20256.1                 GAA GGT ATT AAA GAC AAG CCA GTA AGA TTA GCA AGG ATT AAG GGG TAC AAC CAC AAA AGT GGT GTT AAG TGG ATA GAT GGC TTT AAC GCT CTT GTT CGA CTT TTA ACA ACT TTG TTT 
CLaf_AKK20098.1                 GAA AGG ATT AAA GAT AAA CCA GTG ATA TTA GCT AGG ATT CAT GAG CAT AAA CAC AAA AGT GGG ATT AAG TGG ATA GAC GGT TTT AAC GCT TTA ATT AGA CCG TTA ACA ACT GTT TTT 
CLaf_AKK20053.1                 GAA GAG TTA AAA GAT AAG CCC ATC CGA TTG GCA AGG ATT AAA GCT GGG AAC ATC AAG AGT GGC GTT AAG TGG ATA GAT GGC TTT AAC GCT CTT ATT CGA CCT TTA ACA ACG TTG TTT 
CLaf_AKK19684.1                 GAA AGG ATT AAA GAT AAA CCA GTG ATA TTA GCT AGG ATT CAT GAG CAT AAA CAC AAA AGT GGC ACA CAA TGG GTT GAT AGC TTC AAA GCT CTT GTT CGA CCT CTG ACA ACT GTT TTT 
CLam_WP_023466328.1             GAA GAG TTA AAA GAT AAA CCT ATA AGA TTA GCT AAG ATT AAA GCT CAA CAA GCC AAA AGT GGC ATT AAT TGG ATT GAC GGT TTT AAC TCT TTA GTG CGT CCT ATA ACA ACG CTT TTT 
CLam_WP_023466335.1             GAA GAG TTA AAA GAT AAA CCT ATA AGA CTA GCT CGT ATT AAA ACT CAA CAA GCC AAA AGT GGC ATT AGG TGG ATT GAT GGT TTT AAC GCT TTA GTC CGC CCG TTA ACA ACG CTT TTT 
CLas_ACT57461.1                 AAA GCT CTA GAG GAA ACT CCT GTT CGC TTA GCT AGA CTT CAG AAC CAA GCG AAC GAA AGG GAG AGT AAG GCG ATG ATC TTT TTC AAT GCT CTT ATT CGT CCG TTT ACC ACT TTG TTT 
CLas_ACT57672.1                 GAA GAA CTT AAA GAT AAG CCG ATA AGA CTA GCA AGA ATA GAA GCT CAA AAG GTT AAA AGC GGT GTC AAG TGG GTT GAT GGC TTC ACT GCT TTA ATA CGC CCT TTA ACA ACT TTT TTT 
CLso_ADR51791.1                 GAA GAA CTT AAA GAT CAG TCA ATC AGA TTA GCA AGA ATA AAA GCC CAA AAG GTC AAG AGT GGT GTC AAA TGG ATT GAT GGC TTT GAC TCC CTT AAT TCT ACC TCT CAC AAC CTT TTT 
CLso_ADR51925.1                 GAA GAG TTA AAA GAT AAG CCA ATC AGA CTA GCA AGA ATT AAA GCT CAA AAG GTC AAA AGT GGT ATT AAG TGG ATC GAT GGT GTG AAC GCC TTA ATA CGA CCT TTA ACA ACT TTG TTT 
CLso_ADR52304.1                 GAA GAA CTT AAA GAT CAG TCA ATC AGA TTA GCA AGA ATA AAA GCC CAA AAG GTC AAG AGT GGT GTC AAA TGG ATT GAT GGC TTT AAC GCC TTA ATC CGT CCT CTC ACA ACC TTT TTT 
CLso_ADR52323.1                 GAA GAA CTT AAA GAT CAG CCA ATC AGA TTA GCA AGA ATA AAA GCT CAA AAG GTC AAG AGT GGT GTT AAA TGG ATT GAT GGC TTT AAC GCC TTA ATC CGT CCT CTC ACA ACC TTT TTT 
CLso_ADR52345.1                 GAA GAG CTT AAA GAT CAG CCA ATC AGA TTA GCA AGA ATA AAA GCT CAA AAG TTC AAG AGT GGT ATC AAA TGG ATT GAT GGC TTT AAT GCC TTA ATC CGT CCT CTC ACA ACC TTT TTT 
CLso_ADR52567.1                 GAA GAG CTT AAA GAT CAG CCA ATC AGA TTA GCA AGA ATA AAA GCT CAA CAA GTC AAG AGT GGT ATA CAA TGG ATT GAT GCC TTT AAC GCC TTA ATC CGT CCT CTT ACA ACA CTA TTT 
CLso_ADR52771.1                 GAA GAA CTC AAA GAT CAG CTA ATC AGA TTA GCA AGA ATA AAA GCC CAA AAG GTC AAG AGT GGC ATA CAA TGG ATT GAT GGC TTT AAC GCT TTT GTT CGT CCT TTG ACA TCA CTT TTT 
CLso_ADR52887.1                 GAA GAA CTT AAA GAT CAG CCA ATC AGA TTA GCA AGA ATA AAA GCT CAA AAG GTC AAG AGT GGT GTC AAA TGG ATT GAT GGC TTG AAC ACC TTA ATA CGA CCC CTT ACA ACG TTG TTT 



Printing out site pattern counts


        18        117  P

CLaf_AKK20411.1                 AAA AAA AAA AAA AAG AAT AAT AAT ACA ACT ACT AGA AGT ATC ATC ATT ATT ATT ATT CCT CGG CGT CTC CTC GAA GAA GAG GCG GCT GGG GGT GGT GTT GTT TAT TGG TTG TTT TTT 
CLaf_AKK20402.1                 ... ... ..T C.C ... ..C ..G .G. ... ..G GAG ... .AA CA. G.A ..A ... C.G T.. ... .TA .CA A.T ..T ... .CG AG. .AA .GC .AT .AA ... ... T.A GC. ... ..A G.. ... 
CLaf_AKK20256.1                 ... ... ..G T.C ... ..C ..G .G. ... ... GGG ... .AC CA. G.A ..A ... T.A T.G .T. ..A .CA A.T ..T ... .C. AG. .GT .GC .AT .AC ... ... T.. GC. ... ..A G.. ... 
CLaf_AKK20098.1                 ... ... C.T C.T ... ..C ..A .G. ... ... GAG .T. .AA CA. G.G ..A ... T.A G.. ..G A.A .CA A.T T.A ... .CT AG. AG. .G. .AC .A. ..G A.. T.. GC. ... ..A A.. ... 
CLaf_AKK20053.1                 ... ..G ... GGG ... ..C ..G .G. ... ..G G.. C.. .AC ... ... ..A ... T.A T.G ... ..A .CC T.A ..T ... .C. AG. .A. .GC .AT .A. ..C A.. T.. GC. ... ... G.. ... 
CLaf_AKK19684.1                 ... ... C.T C.T C.A ..A ..A .G. ... ... GAG .T. .AA CA. G.G G.. ... C.G G.. ... ..A .CA A.T ..T ... .CT AG. AG. AGC .AT .A. ..C ... T.C GC. ... ..A ACA ... 
CLam_WP_023466328.1             ... ... ... C.. ..T ..C ..A .G. ... ..G G.. ... CAA GC. ..A ... ... ..A C.. ... ..T .C. T.A T.A ... .CT A.. .A. .G. .AC .A. ..C ..G T.. .C. ... ..A A.. ... 
CLam_WP_023466335.1             ... ... ... C.. .G. ..C ..A .G. ... ..G ... ... CAA GC. ..A ... ... T.A C.. ..G ..C .C. T.A T.A ... .CT CGT .A. .G. .AT .A. ..C ..C T.. GC. ... C.A A.. ... 
CLas_ACT57461.1                 G.G G.. C.G C.. ... ... .C. .GG ..C ... .AC C.C GCG .A. G.T ..G C.. T.. T.G ..G ..T .C. ..A ..T A.. .CT AGA ..T TT. ATC .AA .AG A.. T.C GC. GC. ..A AG. ... 
CLas_ACT57672.1                 ... ... G.. C.. ... .C. ..G .GC ... ... G.. ... .AG G.T ..A G.. ..A T.A T.. ... ..C .CG ..T T.A ... .C. AGA .AA .GC .AT .A. ... A.A T.C GC. ... C.A G.C ... 
CLso_ADR51791.1                 ... ..G ... C.. ..A G.C C.G .G. CAC .AC G.C ... .AG G.. ... ... ..A TC. C.. A.C TCT TCA ..T ..T ... .C. AGA .AA .GC .AT .A. ... AA. T.. .CC ... ..A G.C ... 
CLso_ADR51925.1                 ... ... ... C.. ... ..C ..G .G. ... ... G.. ... .AG G.. ... ..C ... T.A T.G ... ..A .CA T.A T.A ... .C. AGA .A. .G. .AT .A. ... A.A ..G GCC ... C.A A.. ... 
CLso_ADR52304.1                 ... ..G ... C.. ..A ..C C.G .G. ... ..C G.C ... .AG G.. ... ... ..A C.C T.. ... ..T TCA ..T T.A ... .C. AGA .AA .GC .AT .A. ... A.C T.. GCC ... ..A G.C ... 
CLso_ADR52323.1                 ... ..G ... C.. ..A ..C C.G .G. ... ..C G.. ... .AG G.. ... ... ..A C.C T.. ... ..T .CA ..T T.A ... .C. AGA .AA .GC .AT .A. ... A.C T.. GCC ... ..A G.. ... 
CLso_ADR52345.1                 ... ..G ... C.. ..A ... C.G .G. ... ..C G.. ... .AG T.. ... ... ..A C.C T.. ... ..T .CA ..T T.A ... .C. AGA .A. .GC .AT .A. ... A.C T.. GCC ... ..A A.C ... 
CLso_ADR52567.1                 ... ..G ... C.. C.A ..C C.G .G. ... ..A G.. ... CAA G.. ... ... ..A C.. C.A ... ..T .CA ..T T.A ... .C. AGA .A. ..C .AT .A. ... A.C T.. GCC ... ..A A.A ... 
CLso_ADR52771.1                 ... ..G ... C.. C.A ..C C.G .G. ... T.A G.C ... .AG G.. ... ... ..A T.G C.. ... ..T .TA ... T.T ... .C. AGA .AA .GC .AT .A. ..C ... T.. GC. ... ..A A.A ... 
CLso_ADR52887.1                 ... ..G ... C.. ..A ..C C.G .G. ... ..G G.. ... .AG G.. ... ... ..A C.. T.G ..C ..A .CA ..T T.A ... .C. AGA .AA .GC .AT .A. ... A.A T.G ACC ... ..A G.C ... 

    1    1    1    1    1    1    1    1    1    1    1    1    1    1    1
    1    1    1    1    1    1    1    1    1    1    1    1    1    1    1
    1    1    1    1    1    1    1    1    1

CODONML (in paml version 4.9i, September 2018)  C:\PycharmProjects\scripts_cai\example_out\paml_1_nucl_seq\paml_geno_1.fas
Model: One dN/dS ratio, 
Codon frequency model: Fequal
Site-class models: 
ns =  18  ls =  39

Codon usage in sequences
--------------------------------------------------------------------------------------------------------------------------------------
Phe TTT   2   2   2   2   2   1 | Ser TCT   0   0   0   0   0   0 | Tyr TAT   1   0   0   0   0   0 | Cys TGT   0   0   0   0   0   0
    TTC   0   0   0   0   0   1 |     TCC   0   0   0   0   0   0 |     TAC   0   0   1   0   0   0 |     TGC   0   0   0   0   0   0
Leu TTA   0   2   2   3   2   1 |     TCA   0   0   0   0   0   0 | *** TAA   0   0   0   0   0   0 | *** TGA   0   0   0   0   0   0
    TTG   1   0   1   0   2   0 |     TCG   0   0   0   0   0   0 |     TAG   0   0   0   0   0   0 | Trp TGG   1   1   1   1   1   1
--------------------------------------------------------------------------------------------------------------------------------------
Leu CTT   0   1   2   0   1   1 | Pro CCT   1   1   0   0   1   1 | His CAT   0   0   0   2   0   2 | Arg CGT   1   0   0   0   0   0
    CTC   2   0   0   0   0   0 |     CCC   0   0   0   0   1   0 |     CAC   0   2   1   1   0   1 |     CGC   0   0   0   0   0   0
    CTA   0   1   0   0   0   0 |     CCA   0   1   1   1   0   1 | Gln CAA   0   0   0   0   0   1 |     CGA   0   0   1   0   2   1
    CTG   0   1   0   0   0   1 |     CCG   0   0   0   1   0   0 |     CAG   0   0   0   0   0   0 |     CGG   1   0   0   0   0   0
--------------------------------------------------------------------------------------------------------------------------------------
Ile ATT   4   2   2   4   2   2 | Thr ACT   2   0   1   1   0   1 | Asn AAT   3   1   0   0   0   0 | Ser AGT   1   1   1   1   1   1
    ATC   2   0   0   0   2   0 |     ACC   0   0   0   0   0   0 |     AAC   0   1   2   1   2   0 |     AGC   0   0   0   0   0   1
    ATA   0   1   1   2   1   1 |     ACA   1   1   1   1   1   2 | Lys AAA   4   3   2   4   2   5 | Arg AGA   1   1   1   1   0   0
Met ATG   0   0   0   0   0   0 |     ACG   0   1   0   0   1   0 |     AAG   1   2   3   1   3   0 |     AGG   0   1   1   2   1   2
--------------------------------------------------------------------------------------------------------------------------------------
Val GTT   2   2   2   1   1   3 | Ala GCT   1   1   1   2   2   2 | Asp GAT   0   1   1   1   2   2 | Gly GGT   2   1   2   1   0   0
    GTC   0   0   0   0   0   0 |     GCC   0   0   0   0   0   0 |     GAC   0   0   1   1   0   0 |     GGC   0   1   1   0   2   1
    GTA   0   1   1   0   0   0 |     GCA   0   0   1   0   1   0 | Glu GAA   2   3   1   1   1   1 |     GGA   0   0   0   0   0   0
    GTG   0   0   0   1   0   1 |     GCG   1   1   0   0   0   0 |     GAG   1   1   0   1   1   1 |     GGG   1   0   1   1   1   0
--------------------------------------------------------------------------------------------------------------------------------------

--------------------------------------------------------------------------------------------------------------------------------------
Phe TTT   2   2   3   2   2   1 | Ser TCT   1   0   0   0   2   0 | Tyr TAT   0   0   0   0   0   0 | Cys TGT   0   0   0   0   0   0
    TTC   0   0   1   1   0   0 |     TCC   0   0   0   0   1   0 |     TAC   0   0   0   0   0   0 |     TGC   0   0   0   0   0   0
Leu TTA   3   3   1   2   1   3 |     TCA   0   0   0   0   1   0 | *** TAA   0   0   0   0   0   0 | *** TGA   0   0   0   0   0   0
    TTG   0   0   1   0   0   1 |     TCG   0   0   0   0   0   0 |     TAG   0   0   0   0   0   0 | Trp TGG   1   1   0   1   1   1
--------------------------------------------------------------------------------------------------------------------------------------
Leu CTT   1   1   2   1   3   0 | Pro CCT   2   1   1   1   0   1 | His CAT   0   0   0   0   0   0 | Arg CGT   1   1   1   0   0   0
    CTC   0   0   0   0   0   0 |     CCC   0   0   0   0   0   0 |     CAC   0   0   0   0   1   0 |     CGC   0   1   1   1   0   0
    CTA   0   1   1   1   0   1 |     CCA   0   0   0   0   0   1 | Gln CAA   2   2   1   1   1   1 |     CGA   0   0   0   0   0   1
    CTG   0   0   0   0   0   0 |     CCG   0   1   1   1   0   0 |     CAG   0   0   1   0   1   0 |     CGG   0   0   0   0   0   0
--------------------------------------------------------------------------------------------------------------------------------------
Ile ATT   3   3   1   0   1   2 | Thr ACT   0   1   2   2   0   1 | Asn AAT   1   0   1   0   1   0 | Ser AGT   1   1   1   0   1   1
    ATC   0   0   1   0   1   2 |     ACC   0   0   1   0   1   0 |     AAC   1   1   2   0   1   1 |     AGC   0   0   0   1   0   0
    ATA   2   1   0   3   1   1 |     ACA   1   1   0   1   0   1 | Lys AAA   4   4   1   2   3   3 | Arg AGA   1   1   1   2   2   2
Met ATG   0   0   1   0   0   0 |     ACG   1   1   0   0   0   0 |     AAG   1   0   1   3   2   3 |     AGG   0   1   1   0   0   0
--------------------------------------------------------------------------------------------------------------------------------------
Val GTT   0   0   1   2   0   0 | Ala GCT   2   2   3   2   0   1 | Asp GAT   1   2   0   2   2   2 | Gly GGT   1   1   0   1   1   2
    GTC   0   1   0   1   2   1 |     GCC   1   1   0   0   1   1 |     GAC   1   0   0   0   1   0 |     GGC   1   1   0   1   1   0
    GTA   0   0   0   0   0   0 |     GCA   0   0   0   1   1   1 | Glu GAA   1   1   2   3   2   1 |     GGA   0   0   0   0   0   0
    GTG   1   0   0   0   0   1 |     GCG   0   0   2   0   0   0 |     GAG   1   1   2   0   0   1 |     GGG   0   0   0   0   0   0
--------------------------------------------------------------------------------------------------------------------------------------

--------------------------------------------------------------------------------------------------------------------------------------
Phe TTT   3   3   3   2   3   1 | Ser TCT   0   0   0   0   0   0 | Tyr TAT   0   0   0   0   0   0 | Cys TGT   0   0   0   0   0   0
    TTC   0   0   1   0   0   0 |     TCC   0   0   0   0   0   0 |     TAC   0   0   0   0   0   0 |     TGC   0   0   0   0   0   0
Leu TTA   2   2   2   2   1   2 |     TCA   1   0   0   0   1   0 | *** TAA   0   0   0   0   0   0 | *** TGA   0   0   0   0   0   0
    TTG   0   0   0   0   1   2 |     TCG   0   0   0   0   0   0 |     TAG   0   0   0   0   0   0 | Trp TGG   1   1   1   1   1   1
--------------------------------------------------------------------------------------------------------------------------------------
Leu CTT   1   1   1   2   1   2 | Pro CCT   1   1   1   1   1   0 | His CAT   0   0   0   0   0   0 | Arg CGT   1   1   1   1   1   0
    CTC   1   1   1   0   1   0 |     CCC   0   0   0   0   0   1 |     CAC   0   0   0   0   0   0 |     CGC   0   0   0   0   0   0
    CTA   0   0   0   1   1   0 |     CCA   0   1   1   1   0   1 | Gln CAA   1   1   1   3   2   1 |     CGA   0   0   0   0   0   1
    CTG   0   0   0   0   0   0 |     CCG   0   0   0   0   0   0 |     CAG   1   1   1   1   1   1 |     CGG   0   0   0   0   0   0
--------------------------------------------------------------------------------------------------------------------------------------
Ile ATT   1   1   1   1   1   1 | Thr ACT   0   0   0   0   0   0 | Asn AAT   0   0   1   0   0   0 | Ser AGT   1   1   1   1   1   1
    ATC   2   2   3   2   1   1 |     ACC   1   1   1   0   0   1 |     AAC   1   1   0   1   1   1 |     AGC   0   0   0   0   0   0
    ATA   1   1   1   2   2   2 |     ACA   1   1   1   2   1   1 | Lys AAA   3   3   3   2   2   3 | Arg AGA   2   2   2   2   2   2
Met ATG   0   0   0   0   0   0 |     ACG   0   0   0   0   0   1 |     AAG   2   2   2   1   2   2 |     AGG   0   0   0   0   0   0
--------------------------------------------------------------------------------------------------------------------------------------
Val GTT   0   1   0   0   1   0 | Ala GCT   0   1   1   1   1   1 | Asp GAT   2   2   2   2   2   2 | Gly GGT   1   1   1   1   0   1
    GTC   2   1   0   1   1   2 |     GCC   2   1   1   2   1   0 |     GAC   0   0   0   0   0   0 |     GGC   1   1   1   0   2   1
    GTA   0   0   0   0   0   0 |     GCA   1   1   1   1   1   1 | Glu GAA   2   2   1   1   2   2 |     GGA   0   0   0   0   0   0
    GTG   0   0   0   0   0   0 |     GCG   0   0   0   0   0   0 |     GAG   0   0   1   1   0   0 |     GGG   0   0   0   0   0   0
--------------------------------------------------------------------------------------------------------------------------------------

Codon position x base (3x4) table for each sequence.

#1: CLaf_AKK20411.1
position  1:    T:0.12821    C:0.12821    A:0.48718    G:0.25641
position  2:    T:0.33333    C:0.15385    A:0.30769    G:0.20513
position  3:    T:0.51282    C:0.10256    A:0.20513    G:0.17949
Average         T:0.32479    C:0.12821    A:0.33333    G:0.21368

#2: CLaf_AKK20402.1
position  1:    T:0.12821    C:0.17949    A:0.38462    G:0.30769
position  2:    T:0.33333    C:0.15385    A:0.35897    G:0.15385
position  3:    T:0.33333    C:0.10256    A:0.35897    G:0.20513
Average         T:0.26496    C:0.14530    A:0.36752    G:0.22222

#3: CLaf_AKK20256.1
position  1:    T:0.17949    C:0.12821    A:0.38462    G:0.30769
position  2:    T:0.33333    C:0.12821    A:0.30769    G:0.23077
position  3:    T:0.35897    C:0.15385    A:0.30769    G:0.17949
Average         T:0.29060    C:0.13675    A:0.33333    G:0.23932

#4: CLaf_AKK20098.1
position  1:    T:0.15385    C:0.12821    A:0.46154    G:0.25641
position  2:    T:0.33333    C:0.15385    A:0.33333    G:0.17949
position  3:    T:0.38462    C:0.07692    A:0.33333    G:0.20513
Average         T:0.29060    C:0.11966    A:0.37607    G:0.21368

#5: CLaf_AKK20053.1
position  1:    T:0.17949    C:0.12821    A:0.41026    G:0.28205
position  2:    T:0.33333    C:0.17949    A:0.28205    G:0.20513
position  3:    T:0.30769    C:0.17949    A:0.25641    G:0.25641
Average         T:0.27350    C:0.16239    A:0.31624    G:0.24786

#6: CLaf_AKK19684.1
position  1:    T:0.10256    C:0.23077    A:0.38462    G:0.28205
position  2:    T:0.30769    C:0.17949    A:0.33333    G:0.17949
position  3:    T:0.41026    C:0.10256    A:0.33333    G:0.15385
Average         T:0.27350    C:0.17094    A:0.35043    G:0.20513

#7: CLam_WP_023466328.1
position  1:    T:0.17949    C:0.15385    A:0.41026    G:0.25641
position  2:    T:0.30769    C:0.20513    A:0.33333    G:0.15385
position  3:    T:0.41026    C:0.10256    A:0.35897    G:0.12821
Average         T:0.29915    C:0.15385    A:0.36752    G:0.17949

#8: CLam_WP_023466335.1
position  1:    T:0.15385    C:0.20513    A:0.38462    G:0.25641
position  2:    T:0.30769    C:0.20513    A:0.28205    G:0.20513
position  3:    T:0.38462    C:0.12821    A:0.35897    G:0.12821
Average         T:0.28205    C:0.17949    A:0.34188    G:0.19658

#9: CLas_ACT57461.1
position  1:    T:0.15385    C:0.23077    A:0.35897    G:0.25641
position  2:    T:0.33333    C:0.25641    A:0.28205    G:0.12821
position  3:    T:0.41026    C:0.15385    A:0.17949    G:0.25641
Average         T:0.29915    C:0.21368    A:0.27350    G:0.21368

#10: CLas_ACT57672.1
position  1:    T:0.15385    C:0.15385    A:0.35897    G:0.33333
position  2:    T:0.33333    C:0.20513    A:0.28205    G:0.17949
position  3:    T:0.33333    C:0.12821    A:0.41026    G:0.12821
Average         T:0.27350    C:0.16239    A:0.35043    G:0.21368

#11: CLso_ADR51791.1
position  1:    T:0.20513    C:0.15385    A:0.35897    G:0.28205
position  2:    T:0.28205    C:0.17949    A:0.38462    G:0.15385
position  3:    T:0.33333    C:0.25641    A:0.30769    G:0.10256
Average         T:0.27350    C:0.19658    A:0.35043    G:0.17949

#12: CLso_ADR51925.1
position  1:    T:0.15385    C:0.12821    A:0.43590    G:0.28205
position  2:    T:0.33333    C:0.17949    A:0.30769    G:0.17949
position  3:    T:0.28205    C:0.12821    A:0.41026    G:0.17949
Average         T:0.25641    C:0.14530    A:0.38462    G:0.21368

#13: CLso_ADR52304.1
position  1:    T:0.17949    C:0.15385    A:0.38462    G:0.28205
position  2:    T:0.33333    C:0.17949    A:0.30769    G:0.17949
position  3:    T:0.28205    C:0.25641    A:0.35897    G:0.10256
Average         T:0.26496    C:0.19658    A:0.35043    G:0.18803

#14: CLso_ADR52323.1
position  1:    T:0.15385    C:0.17949    A:0.38462    G:0.28205
position  2:    T:0.33333    C:0.17949    A:0.30769    G:0.17949
position  3:    T:0.33333    C:0.20513    A:0.35897    G:0.10256
Average         T:0.27350    C:0.18803    A:0.35043    G:0.18803

#15: CLso_ADR52345.1
position  1:    T:0.17949    C:0.17949    A:0.41026    G:0.23077
position  2:    T:0.33333    C:0.17949    A:0.30769    G:0.17949
position  3:    T:0.33333    C:0.20513    A:0.33333    G:0.12821
Average         T:0.28205    C:0.18803    A:0.35043    G:0.17949

#16: CLso_ADR52567.1
position  1:    T:0.12821    C:0.25641    A:0.35897    G:0.25641
position  2:    T:0.33333    C:0.20513    A:0.30769    G:0.15385
position  3:    T:0.30769    C:0.15385    A:0.43590    G:0.10256
Average         T:0.25641    C:0.20513    A:0.36752    G:0.17094

#17: CLso_ADR52771.1
position  1:    T:0.17949    C:0.20513    A:0.33333    G:0.28205
position  2:    T:0.35897    C:0.15385    A:0.30769    G:0.17949
position  3:    T:0.30769    C:0.17949    A:0.38462    G:0.12821
Average         T:0.28205    C:0.17949    A:0.34188    G:0.19658

#18: CLso_ADR52887.1
position  1:    T:0.15385    C:0.17949    A:0.41026    G:0.25641
position  2:    T:0.33333    C:0.17949    A:0.30769    G:0.17949
position  3:    T:0.23077    C:0.17949    A:0.41026    G:0.17949
Average         T:0.23932    C:0.17949    A:0.37607    G:0.20513

Sums of codon usage counts
------------------------------------------------------------------------------
Phe F TTT      38 | Ser S TCT       3 | Tyr Y TAT       1 | Cys C TGT       0
      TTC       4 |       TCC       1 |       TAC       1 |       TGC       0
Leu L TTA      34 |       TCA       3 | *** * TAA       0 | *** * TGA       0
      TTG       9 |       TCG       0 |       TAG       0 | Trp W TGG      17
------------------------------------------------------------------------------
Leu L CTT      21 | Pro P CCT      15 | His H CAT       4 | Arg R CGT       9
      CTC       6 |       CCC       2 |       CAC       6 |       CGC       3
      CTA       7 |       CCA       9 | Gln Q CAA      18 |       CGA       6
      CTG       2 |       CCG       4 |       CAG       8 |       CGG       1
------------------------------------------------------------------------------
Ile I ATT      32 | Thr T ACT      11 | Asn N AAT       8 | Ser S AGT      17
      ATC      19 |       ACC       6 |       AAC      17 |       AGC       2
      ATA      23 |       ACA      18 | Lys K AAA      53 | Arg R AGA      25
Met M ATG       1 |       ACG       5 |       AAG      31 |       AGG       9
------------------------------------------------------------------------------
Val V GTT      16 | Ala A GCT      24 | Asp D GAT      28 | Gly G GGT      17
      GTC      12 |       GCC      11 |       GAC       4 |       GGC      15
      GTA       2 |       GCA      11 | Glu E GAA      29 |       GGA       0
      GTG       4 |       GCG       4 |       GAG      12 |       GGG       4
------------------------------------------------------------------------------


Codon position x base (3x4) table, overall

position  1:    T:0.15812    C:0.17236    A:0.39459    G:0.27493
position  2:    T:0.32764    C:0.18091    A:0.31339    G:0.17806
position  3:    T:0.34758    C:0.15527    A:0.33903    G:0.15812
Average         T:0.27778    C:0.16952    A:0.34900    G:0.20370

Codon frequencies under model, for use in evolver (TTT TTC TTA TTG ... GGG):
  0.01639344  0.01639344  0.01639344  0.01639344
  0.01639344  0.01639344  0.01639344  0.01639344
  0.01639344  0.01639344  0.00000000  0.00000000
  0.01639344  0.01639344  0.00000000  0.01639344
  0.01639344  0.01639344  0.01639344  0.01639344
  0.01639344  0.01639344  0.01639344  0.01639344
  0.01639344  0.01639344  0.01639344  0.01639344
  0.01639344  0.01639344  0.01639344  0.01639344
  0.01639344  0.01639344  0.01639344  0.01639344
  0.01639344  0.01639344  0.01639344  0.01639344
  0.01639344  0.01639344  0.01639344  0.01639344
  0.01639344  0.01639344  0.01639344  0.01639344
  0.01639344  0.01639344  0.01639344  0.01639344
  0.01639344  0.01639344  0.01639344  0.01639344
  0.01639344  0.01639344  0.01639344  0.01639344
  0.01639344  0.01639344  0.01639344  0.01639344


Model 7: beta (10 categories)


TREE #  1:  ((11, 13), 14, (10, (15, (18, ((16, 17), (12, ((5, 1), (((3, (2, (4, 6))), 9), (7, 8)))))))));   MP score: 213
lnL(ntime: 33  np: 36):  -1180.498708      +0.000000
  19..20   20..11   20..13   19..14   19..21   21..10   21..22   22..15   22..23   23..18   23..24   24..25   25..16   25..17   24..26   26..12   26..27   27..28   28..5    28..1    27..29   29..30   30..31   31..3    31..32   32..2    32..33   33..4    33..6    30..9    29..34   34..7    34..8  
 0.056038 0.604154 0.000004 0.027274 0.000004 0.613581 0.034320 0.079102 0.072169 0.217066 0.000004 0.136969 0.126397 0.393260 0.420019 0.185194 0.131506 0.182816 0.263244 1.447509 0.019835 0.219633 0.337949 0.203775 0.091537 0.247867 0.356824 0.246289 0.381255 2.410691 0.455842 0.203851 0.209855 1.708230 3.023735 12.288443

Note: Branch length is defined as number of nucleotide substitutions per codon (not per neucleotide site).

tree length = 10.375834

((11: 0.604154, 13: 0.000004): 0.056038, 14: 0.027274, (10: 0.613581, (15: 0.079102, (18: 0.217066, ((16: 0.126397, 17: 0.393260): 0.136969, (12: 0.185194, ((5: 0.263244, 1: 1.447509): 0.182816, (((3: 0.203775, (2: 0.247867, (4: 0.246289, 6: 0.381255): 0.356824): 0.091537): 0.337949, 9: 2.410691): 0.219633, (7: 0.203851, 8: 0.209855): 0.455842): 0.019835): 0.131506): 0.420019): 0.000004): 0.072169): 0.034320): 0.000004);

((CLso_ADR51791.1: 0.604154, CLso_ADR52304.1: 0.000004): 0.056038, CLso_ADR52323.1: 0.027274, (CLas_ACT57672.1: 0.613581, (CLso_ADR52345.1: 0.079102, (CLso_ADR52887.1: 0.217066, ((CLso_ADR52567.1: 0.126397, CLso_ADR52771.1: 0.393260): 0.136969, (CLso_ADR51925.1: 0.185194, ((CLaf_AKK20053.1: 0.263244, CLaf_AKK20411.1: 1.447509): 0.182816, (((CLaf_AKK20256.1: 0.203775, (CLaf_AKK20402.1: 0.247867, (CLaf_AKK20098.1: 0.246289, CLaf_AKK19684.1: 0.381255): 0.356824): 0.091537): 0.337949, CLas_ACT57461.1: 2.410691): 0.219633, (CLam_WP_023466328.1: 0.203851, CLam_WP_023466335.1: 0.209855): 0.455842): 0.019835): 0.131506): 0.420019): 0.000004): 0.072169): 0.034320): 0.000004);

Detailed output identifying parameters

kappa (ts/tv) =  1.70823

Parameters in M7 (beta):
 p =   3.02373  q =  12.28844


MLEs of dN/dS (w) for site classes (K=10)

p:   0.10000  0.10000  0.10000  0.10000  0.10000  0.10000  0.10000  0.10000  0.10000  0.10000
w:   0.06063  0.09654  0.12335  0.14771  0.17176  0.19692  0.22475  0.25773  0.30160  0.38022

dN & dS for each branch

 branch          t       N       S   dN/dS      dN      dS  N*dN  S*dS

  19..20      0.056     85.1     31.9   0.1961   0.0088   0.0450    0.8    1.4
  20..11      0.604     85.1     31.9   0.1961   0.0951   0.4847    8.1   15.5
  20..13      0.000     85.1     31.9   0.1961   0.0000   0.0000    0.0    0.0
  19..14      0.027     85.1     31.9   0.1961   0.0043   0.0219    0.4    0.7
  19..21      0.000     85.1     31.9   0.1961   0.0000   0.0000    0.0    0.0
  21..10      0.614     85.1     31.9   0.1961   0.0966   0.4923    8.2   15.7
  21..22      0.034     85.1     31.9   0.1961   0.0054   0.0275    0.5    0.9
  22..15      0.079     85.1     31.9   0.1961   0.0124   0.0635    1.1    2.0
  22..23      0.072     85.1     31.9   0.1961   0.0114   0.0579    1.0    1.8
  23..18      0.217     85.1     31.9   0.1961   0.0342   0.1742    2.9    5.6
  23..24      0.000     85.1     31.9   0.1961   0.0000   0.0000    0.0    0.0
  24..25      0.137     85.1     31.9   0.1961   0.0216   0.1099    1.8    3.5
  25..16      0.126     85.1     31.9   0.1961   0.0199   0.1014    1.7    3.2
  25..17      0.393     85.1     31.9   0.1961   0.0619   0.3155    5.3   10.1
  24..26      0.420     85.1     31.9   0.1961   0.0661   0.3370    5.6   10.8
  26..12      0.185     85.1     31.9   0.1961   0.0291   0.1486    2.5    4.7
  26..27      0.132     85.1     31.9   0.1961   0.0207   0.1055    1.8    3.4
  27..28      0.183     85.1     31.9   0.1961   0.0288   0.1467    2.4    4.7
  28..5       0.263     85.1     31.9   0.1961   0.0414   0.2112    3.5    6.7
  28..1       1.448     85.1     31.9   0.1961   0.2278   1.1614   19.4   37.1
  27..29      0.020     85.1     31.9   0.1961   0.0031   0.0159    0.3    0.5
  29..30      0.220     85.1     31.9   0.1961   0.0346   0.1762    2.9    5.6
  30..31      0.338     85.1     31.9   0.1961   0.0532   0.2711    4.5    8.7
  31..3       0.204     85.1     31.9   0.1961   0.0321   0.1635    2.7    5.2
  31..32      0.092     85.1     31.9   0.1961   0.0144   0.0734    1.2    2.3
  32..2       0.248     85.1     31.9   0.1961   0.0390   0.1989    3.3    6.3
  32..33      0.357     85.1     31.9   0.1961   0.0561   0.2863    4.8    9.1
  33..4       0.246     85.1     31.9   0.1961   0.0388   0.1976    3.3    6.3
  33..6       0.381     85.1     31.9   0.1961   0.0600   0.3059    5.1    9.8
  30..9       2.411     85.1     31.9   0.1961   0.3793   1.9342   32.3   61.7
  29..34      0.456     85.1     31.9   0.1961   0.0717   0.3657    6.1   11.7
  34..7       0.204     85.1     31.9   0.1961   0.0321   0.1636    2.7    5.2
  34..8       0.210     85.1     31.9   0.1961   0.0330   0.1684    2.8    5.4


Time used:  2:39


Model 8: beta&w>1 (11 categories)


TREE #  1:  ((11, 13), 14, (10, (15, (18, ((16, 17), (12, ((5, 1), (((3, (2, (4, 6))), 9), (7, 8)))))))));   MP score: 213
lnL(ntime: 33  np: 38):  -1180.499098      +0.000000
  19..20   20..11   20..13   19..14   19..21   21..10   21..22   22..15   22..23   23..18   23..24   24..25   25..16   25..17   24..26   26..12   26..27   27..28   28..5    28..1    27..29   29..30   30..31   31..3    31..32   32..2    32..33   33..4    33..6    30..9    29..34   34..7    34..8  
 0.056042 0.604196 0.000004 0.027275 0.000004 0.613623 0.034322 0.079107 0.072174 0.217081 0.000004 0.136978 0.126406 0.393287 0.420048 0.185206 0.131515 0.182828 0.263262 1.447607 0.019836 0.219648 0.337972 0.203789 0.091543 0.247883 0.356849 0.246306 0.381281 2.410854 0.455873 0.203865 0.209869 1.708230 0.999990 3.023734 12.288441 4.079172

Note: Branch length is defined as number of nucleotide substitutions per codon (not per neucleotide site).

tree length = 10.376539

((11: 0.604196, 13: 0.000004): 0.056042, 14: 0.027275, (10: 0.613623, (15: 0.079107, (18: 0.217081, ((16: 0.126406, 17: 0.393287): 0.136978, (12: 0.185206, ((5: 0.263262, 1: 1.447607): 0.182828, (((3: 0.203789, (2: 0.247883, (4: 0.246306, 6: 0.381281): 0.356849): 0.091543): 0.337972, 9: 2.410854): 0.219648, (7: 0.203865, 8: 0.209869): 0.455873): 0.019836): 0.131515): 0.420048): 0.000004): 0.072174): 0.034322): 0.000004);

((CLso_ADR51791.1: 0.604196, CLso_ADR52304.1: 0.000004): 0.056042, CLso_ADR52323.1: 0.027275, (CLas_ACT57672.1: 0.613623, (CLso_ADR52345.1: 0.079107, (CLso_ADR52887.1: 0.217081, ((CLso_ADR52567.1: 0.126406, CLso_ADR52771.1: 0.393287): 0.136978, (CLso_ADR51925.1: 0.185206, ((CLaf_AKK20053.1: 0.263262, CLaf_AKK20411.1: 1.447607): 0.182828, (((CLaf_AKK20256.1: 0.203789, (CLaf_AKK20402.1: 0.247883, (CLaf_AKK20098.1: 0.246306, CLaf_AKK19684.1: 0.381281): 0.356849): 0.091543): 0.337972, CLas_ACT57461.1: 2.410854): 0.219648, (CLam_WP_023466328.1: 0.203865, CLam_WP_023466335.1: 0.209869): 0.455873): 0.019836): 0.131515): 0.420048): 0.000004): 0.072174): 0.034322): 0.000004);

Detailed output identifying parameters

kappa (ts/tv) =  1.70823

Parameters in M8 (beta&w>1):
  p0 =   0.99999  p =   3.02373 q =  12.28844
 (p1 =   0.00001) w =   4.07917


MLEs of dN/dS (w) for site classes (K=11)

p:   0.10000  0.10000  0.10000  0.10000  0.10000  0.10000  0.10000  0.10000  0.10000  0.10000  0.00001
w:   0.06063  0.09654  0.12335  0.14771  0.17176  0.19692  0.22475  0.25773  0.30160  0.38022  4.07917
(note that p[10] is zero)


dN & dS for each branch

 branch          t       N       S   dN/dS      dN      dS  N*dN  S*dS

  19..20      0.056     85.1     31.9   0.1962   0.0088   0.0450    0.8    1.4
  20..11      0.604     85.1     31.9   0.1962   0.0951   0.4847    8.1   15.5
  20..13      0.000     85.1     31.9   0.1962   0.0000   0.0000    0.0    0.0
  19..14      0.027     85.1     31.9   0.1962   0.0043   0.0219    0.4    0.7
  19..21      0.000     85.1     31.9   0.1962   0.0000   0.0000    0.0    0.0
  21..10      0.614     85.1     31.9   0.1962   0.0966   0.4923    8.2   15.7
  21..22      0.034     85.1     31.9   0.1962   0.0054   0.0275    0.5    0.9
  22..15      0.079     85.1     31.9   0.1962   0.0124   0.0635    1.1    2.0
  22..23      0.072     85.1     31.9   0.1962   0.0114   0.0579    1.0    1.8
  23..18      0.217     85.1     31.9   0.1962   0.0342   0.1742    2.9    5.6
  23..24      0.000     85.1     31.9   0.1962   0.0000   0.0000    0.0    0.0
  24..25      0.137     85.1     31.9   0.1962   0.0216   0.1099    1.8    3.5
  25..16      0.126     85.1     31.9   0.1962   0.0199   0.1014    1.7    3.2
  25..17      0.393     85.1     31.9   0.1962   0.0619   0.3155    5.3   10.1
  24..26      0.420     85.1     31.9   0.1962   0.0661   0.3370    5.6   10.8
  26..12      0.185     85.1     31.9   0.1962   0.0291   0.1486    2.5    4.7
  26..27      0.132     85.1     31.9   0.1962   0.0207   0.1055    1.8    3.4
  27..28      0.183     85.1     31.9   0.1962   0.0288   0.1467    2.4    4.7
  28..5       0.263     85.1     31.9   0.1962   0.0414   0.2112    3.5    6.7
  28..1       1.448     85.1     31.9   0.1962   0.2278   1.1614   19.4   37.1
  27..29      0.020     85.1     31.9   0.1962   0.0031   0.0159    0.3    0.5
  29..30      0.220     85.1     31.9   0.1962   0.0346   0.1762    2.9    5.6
  30..31      0.338     85.1     31.9   0.1962   0.0532   0.2711    4.5    8.7
  31..3       0.204     85.1     31.9   0.1962   0.0321   0.1635    2.7    5.2
  31..32      0.092     85.1     31.9   0.1962   0.0144   0.0734    1.2    2.3
  32..2       0.248     85.1     31.9   0.1962   0.0390   0.1989    3.3    6.3
  32..33      0.357     85.1     31.9   0.1962   0.0562   0.2863    4.8    9.1
  33..4       0.246     85.1     31.9   0.1962   0.0388   0.1976    3.3    6.3
  33..6       0.381     85.1     31.9   0.1962   0.0600   0.3059    5.1    9.8
  30..9       2.411     85.1     31.9   0.1962   0.3794   1.9342   32.3   61.7
  29..34      0.456     85.1     31.9   0.1962   0.0717   0.3657    6.1   11.7
  34..7       0.204     85.1     31.9   0.1962   0.0321   0.1636    2.7    5.2
  34..8       0.210     85.1     31.9   0.1962   0.0330   0.1684    2.8    5.4


Naive Empirical Bayes (NEB) analysis
Bayes Empirical Bayes (BEB) analysis (Yang, Wong & Nielsen 2005. Mol. Biol. Evol. 22:1107-1118)
Positively selected sites (*: P>95%; **: P>99%)
(amino acids refer to 1st sequence: CLaf_AKK20411.1)

            Pr(w>1)     post mean +- SE for w




The grid 

p0:   0.050  0.150  0.250  0.350  0.450  0.550  0.650  0.750  0.850  0.950
p :   0.100  0.300  0.500  0.700  0.900  1.100  1.300  1.500  1.700  1.900
q :   0.100  0.300  0.500  0.700  0.900  1.100  1.300  1.500  1.700  1.900
ws:   1.500  2.500  3.500  4.500  5.500  6.500  7.500  8.500  9.500 10.500


Posterior on the grid

p0:   0.000  0.000  0.000  0.000  0.000  0.000  0.000  0.000  0.013  0.987
p :   0.000  0.050  0.513  0.375  0.059  0.003  0.000  0.000  0.000  0.000
q :   0.000  0.000  0.000  0.000  0.004  0.014  0.046  0.123  0.274  0.539
ws:   0.104  0.100  0.100  0.100  0.100  0.100  0.100  0.100  0.100  0.100

Time used:  5:57
